Units of temperature: K
1259964 full star
1782624 full gas
Number of cold gas particles: 187663
g1.12e12
x range stars: -4190506.5 -652344.44
y range stars: -1485618.5 1960797.8
z range stars: -1702827.6 534120.06
x range cold gas: -13545732.0 4713889.0
y range cold gas: -4678536.0 6023830.5
z range cold gas: -3815481.2 4457777.5
x com: -1723988.0061972805
y com: 407543.0490149646
z com: -525334.3592642572
Maximum radius from com: 13042858.0
Density ratios (shell/interior):
Loop 0 1.1675275091552946
Loop 1 0.7539811712065521
Loop 2 1.0032824052695997
Loop 3 0.727439528701813
Loop 4 1.0546728138082238
Loop 5 0.9679408488017629
Loop 6 0.9201731249824301
Loop 7 1.1787669312123417
Loop 8 0.818604748919866
Loop 9 1.1199976540927725
Loop 10 1.054790245445285
Loop 11 0.9207429368915491
Loop 12 0.8749017410976547
Loop 13 1.23568452932782
Loop 14 0.851523778558097
Loop 15 0.9777335363656018
Loop 16 1.1677923724376211
Loop 17 1.0999437082281398
Loop 18 1.0075751191132925
Loop 19 1.3789793668291879
Loop 20 0.8739034377093421
Loop 21 1.1134587291981295
Loop 22 1.1828578444173525
Loop 23 0.9402912025253949
Loop 24 0.7334055186779692
Loop 25 1.005698365933909
Loop 26 1.0365203420811833
Loop 27 0.8760211480071795
Loop 28 1.2223727619064026
Loop 29 0.9879825561083498
Loop 30 0.9606683535408834
Loop 31 1.1801194198613547
Loop 32 0.9092591526809851
Loop 33 1.0637264153687689
Loop 34 0.9343341254388208
Loop 35 0.9657409049762049
Loop 36 1.148299695131016
Loop 37 0.8852592226920092
Loop 38 0.8300951901618788
Loop 39 1.0098560667536463
Loop 40 1.0103329222670778
Loop 41 1.0260032117704734
Loop 42 1.2229418332666837
Loop 43 1.0124043395217603
Loop 44 0.8184336350017787
Loop 45 1.196368618226678
Loop 46 0.933160827099756
Loop 47 1.2473127092313239
Loop 48 1.2142837250215435
Loop 49 1.0341539944852989
Loop 50 0.8442556093712857
Loop 51 0.8553142517900826
Loop 52 1.0282818410571986
Loop 53 1.0308320338695276
Loop 54 1.1754284948090303
Loop 55 0.8930193530715792
Loop 56 1.084606681122736
Loop 57 0.9133587173743953
Loop 58 1.0265373975793128
Loop 59 0.9673475945015917
Loop 60 0.9402329944238919
Loop 61 0.8364944354190116
Loop 62 0.933742435694423
Loop 63 1.2260584125045857
Loop 64 1.0309925703948868
Loop 65 1.0821305309673996
Loop 66 1.057406441317326
Loop 67 0.9189174112475562
Loop 68 0.982945943572356
Loop 69 0.9188771929667061
Loop 70 0.8212430602870721
Loop 71 1.0671241504442166
Loop 72 0.9404049185091962
Loop 73 0.9777759654598674
Loop 74 1.115623117379335
Loop 75 1.0873004314439443
Loop 76 1.3298228815587883
Loop 77 1.138312047874733
Loop 78 1.044804079875472
Loop 79 1.0681488008524531
Loop 80 1.0728477156970466
Loop 81 1.0510805057790518
Loop 82 1.057562529241418
Loop 83 1.075640082478514
Loop 84 1.0792822032615492
Loop 85 1.0935515508633848
Loop 86 1.1988753482579966
Loop 87 1.023516874556953
Loop 88 1.1682006046565498
Loop 89 1.0483692207563768
Loop 90 0.9882431764986122
Loop 91 1.0626329296356547
Loop 92 1.0646902734397634
Loop 93 1.019334977625386
Loop 94 1.0899881064593502
Loop 95 1.0725750997565722
Loop 96 1.1065427508662802
Loop 97 1.0776184221836087
Loop 98 1.1534273620141628
Loop 99 1.0277967243126913
Loop 100 1.056188607437144
Loop 101 0.9808811727839037
Loop 102 0.9994025439105133
Loop 103 1.1181597213349117
Loop 104 1.0740144370571998
Loop 105 1.0337109622056302
Loop 106 0.9924265022950338
Loop 107 0.9312062997669809
Loop 108 1.028310669924646
Loop 109 1.0122990155582217
Loop 110 0.9309607132540061
Loop 111 1.1003801754633853
Loop 112 0.9359333693551986
Loop 113 0.9534644247137076
Loop 114 0.9392689791062675
Loop 115 0.9907652002130748
Loop 116 1.0343379272793092
Loop 117 1.083950302436133
Loop 118 0.9954907888991958
Loop 119 1.015713027602975
Loop 120 0.915414077878605
Loop 121 1.0492922984975597
Loop 122 0.9273912578636715
Loop 123 1.0548316423186195
Loop 124 1.0375430284553615
Loop 125 1.0379237507369627
Loop 126 1.097830702827994
Loop 127 0.9991078721044891
Loop 128 1.0237045641884528
Loop 129 0.9699201751860472
Loop 130 1.0013865571282374
Loop 131 1.0837599798820476
Loop 132 0.9969606757451158
Loop 133 0.9641930708235006
Loop 134 0.968650713771224
Loop 135 0.9414846604931355
Loop 136 0.9941125489787954
Loop 137 0.9995721366495268
Loop 138 1.0512267643831266
Loop 139 1.000022608941911
Loop 140 1.0306445612944792
Loop 141 1.0479201818537767
Loop 142 1.0755115945368985
Loop 143 1.0595138314221317
Loop 144 1.036658378638853
Loop 145 1.0120798177083983
Loop 146 0.997416989519311
Loop 147 1.0124222576557205
Loop 148 1.0227554279233821
Loop 149 1.0324525380815834
Loop 150 1.0433641230560526
Loop 151 1.037245120752674
Loop 152 1.103081505013839
Loop 153 1.1082004436913215
Loop 154 1.2631045025002665
Loop 155 1.3618464010581193
Loop 156 1.8118452725795406
Loop 157 2.6905860373473094
Loop 158 5.310406943160163
Loop 159 43.51578686743658
Loop 160 41.32556764083308
Loop 161 1.3569782792811242
Loop 162 0.4187397095093455
Loop 163 0.2511126451184502
Loop 164 0.17616720080663884
ratio is less than 0.2
Units of temperature: K
2473028 full star
1989667 full gas
Number of cold gas particles: 273754
g1.92e12
x range stars: 4454675.5 7690948.0
y range stars: 321973.5 5111228.0
z range stars: -4311870.0 -2244688.2
x range cold gas: 540998.56 12493482.0
y range cold gas: -4296015.0 8408471.0
z range cold gas: -6278066.0 1503275.0
x com: 6133450.627598893
y com: 3303542.6375477696
z com: -3114903.4160476113
Maximum radius from com: 8551999.0
Density ratios (shell/interior):
Loop 0 0.0568467624841988
ratio is less than 0.2
