1259965 full star
1782625 full dust
1226078 stars
260939 dust
2473029 full star
1989668 full dust
2468663 stars
469557 dust
701804 full star
3172311 full dust
698742 stars
404364 dust
3154289 full star
4457845 full dust
3101623 stars
888498 dust
63366 full star
2173272 full dust
45275 stars
440140 dust
594379 full star
5414259 full dust
41883 stars
151425 dust
566034 full star
5834484 full dust
534401 stars
990323 dust
2701679 full star
3269083 full dust
2697620 stars
494624 dust
828244 full star
13614764 full dust
560403 stars
1030319 dust
460695 full star
8290921 full dust
445855 stars
1551332 dust
655352 full star
5845009 full dust
649256 stars
1027653 dust
2152398 full star
6411121 full dust
2105830 stars
954722 dust
490401 full star
1299880 full dust
481571 stars
255395 dust
288632 full star
1434575 full dust
283764 stars
494782 dust
744871 full star
1370571 full dust
740041 stars
292521 dust
280057 full star
1433423 full dust
275826 stars
487899 dust
time:  3547.744264685083
