split: ['FullInstrument', 'inclination']
length: 2
inclination 0_deg
split: ['FullInstrument', 'numPixelsX']
length: 2
numPixelsX 2000
split: ['FullInstrument', 'numPixelsY']
length: 2
numPixelsY 2000
split: ['DensityTreePolicy', 'maxLevel']
length: 2
maxLevel 11
split: ['MonteCarloSimulation', 'numPackets']
length: 2
numPackets 1e8
split: ['radiationFieldWLG', 'LogWavelengthGrid', 'numWavelengths']
length: 3
numWavelengths 250
split: ['dustEmissionWLG', 'LogWavelengthGrid', 'numWavelengths']
length: 3
numWavelengths 250
split: ['defaultWavelengthGrid', 'LogWavelengthGrid', 'numWavelengths']
length: 3
numWavelengths 250
split: ['PolicyTreeSpatialGrid', 'minX']
length: 2
minX -28566.385416666668_pc
split: ['PolicyTreeSpatialGrid', 'maxX']
length: 2
maxX 28566.385416666668_pc
split: ['PolicyTreeSpatialGrid', 'minY']
length: 2
minY -28566.385416666668_pc
split: ['PolicyTreeSpatialGrid', 'maxY']
length: 2
maxY 28566.385416666668_pc
split: ['PolicyTreeSpatialGrid', 'minZ']
length: 2
minZ -28566.385416666668_pc
split: ['PolicyTreeSpatialGrid', 'maxZ']
length: 2
maxZ 28566.385416666668_pc
split: ['FullInstrument', 'fieldOfViewX']
length: 2
fieldOfViewX 38088.51388888889_pc
split: ['FullInstrument', 'fieldOfViewY']
length: 2
fieldOfViewY 38088.51388888889_pc
20/06/2021 09:40:46.900   Welcome to SKIRT v9.0 (git 57736d1 built on 03/02/2021 at 14:00:01)
20/06/2021 09:40:46.900   Running on cs269.nyu.cluster for ntf229
20/06/2021 09:40:46.900   Constructing a simulation from ski file 'sph.ski'...
20/06/2021 09:40:46.916   Starting simulation sph using 40 threads and a single process...
20/06/2021 09:40:46.916   Starting setup...
20/06/2021 09:40:46.916     Panchromatic wavelength regime
20/06/2021 09:40:46.916     With transfer medium
20/06/2021 09:40:46.916     Including dust emission
20/06/2021 09:40:46.916     Model and grid symmetry: 3D
20/06/2021 09:40:46.917   FSPSSEDFamily opened stored table /ext3/SKIRT/resources/SKIRT9_Resources_Core/SED/FSPSSEDFamily_Chabrier.stab
20/06/2021 09:40:46.917   ParticleSource reads smoothed source particles from text file /scratch/ntf229/RT_fit/resources/SKIRT/g5.31e11/maxLevel11/wavelengths250/numPhotons1e8/niter2048/inc0/dust/stars.txt...
20/06/2021 09:40:46.917     Column 1: position x (pc)
20/06/2021 09:40:46.917     Column 2: position y (pc)
20/06/2021 09:40:46.917     Column 3: position z (pc)
20/06/2021 09:40:46.917     Column 4: size h (pc)
20/06/2021 09:40:46.917     Column 5: velocity x (km/s)
20/06/2021 09:40:46.917     Column 6: velocity y (km/s)
20/06/2021 09:40:46.917     Column 7: velocity z (km/s)
20/06/2021 09:40:46.917     Column 8: initial mass (Msun)
20/06/2021 09:40:46.917     Column 9: metallicity (1)
20/06/2021 09:40:46.917     Column 10: age (yr)
20/06/2021 09:40:49.864   Done reading
20/06/2021 09:40:49.864     Number of particles: 560403
20/06/2021 09:40:49.866   Calculating luminosities for 560403 imported entities...
20/06/2021 09:40:55.159   Calculated luminosities: 12.8%
20/06/2021 09:41:00.663   Calculated luminosities: 37.8%
20/06/2021 09:41:06.109   Calculated luminosities: 60.9%
20/06/2021 09:41:11.271   Calculated luminosities: 84.7%
20/06/2021 09:41:14.565   DraineLiDustMix opened stored table /ext3/SKIRT/resources/SKIRT9_Resources_Core/OpticalProps/DustEM_aSil_OpticalProps.stab
20/06/2021 09:41:15.569   DraineLiDustMix opened stored table /ext3/SKIRT/resources/SKIRT9_Resources_Core/OpticalProps/DustEM_Gra_OpticalProps.stab
20/06/2021 09:41:17.127   DraineLiDustMix opened stored table /ext3/SKIRT/resources/SKIRT9_Resources_Core/OpticalProps/DustEM_PAH0_DL07_OpticalProps.stab
20/06/2021 09:41:17.252   DraineLiDustMix opened stored table /ext3/SKIRT/resources/SKIRT9_Resources_Core/OpticalProps/DustEM_PAH1_DL07_OpticalProps.stab
20/06/2021 09:41:17.387   DraineLiDustMix opened stored table /ext3/SKIRT/resources/SKIRT9_Resources_Core/OpticalProps/DustEM_aSil_OpticalProps.stab
20/06/2021 09:41:17.483   DraineLiDustMix opened stored table /ext3/SKIRT/resources/SKIRT9_Resources_Core/OpticalProps/DustEM_Gra_OpticalProps.stab
20/06/2021 09:41:17.651   DraineLiDustMix opened stored table /ext3/SKIRT/resources/SKIRT9_Resources_Core/OpticalProps/DustEM_PAH0_DL07_OpticalProps.stab
20/06/2021 09:41:17.703   DraineLiDustMix opened stored table /ext3/SKIRT/resources/SKIRT9_Resources_Core/OpticalProps/DustEM_PAH1_DL07_OpticalProps.stab
20/06/2021 09:41:17.755   DraineLiDustMix allocated 483 KB of memory
20/06/2021 09:41:17.755   ParticleMedium reads smoothed particles from text file /scratch/ntf229/RT_fit/resources/SKIRT/g5.31e11/maxLevel11/wavelengths250/numPhotons1e8/niter2048/inc0/dust/gas.txt...
20/06/2021 09:41:17.755     Column 1: position x (pc)
20/06/2021 09:41:17.755     Column 2: position y (pc)
20/06/2021 09:41:17.755     Column 3: position z (pc)
20/06/2021 09:41:17.755     Column 4: size h (pc)
20/06/2021 09:41:17.755     Column 5: mass (Msun)
20/06/2021 09:41:17.755     Column 6: metallicity (1)
20/06/2021 09:41:17.755     Column 7: temperature (K)
20/06/2021 09:41:21.744   Done reading
20/06/2021 09:41:21.744     Number of particles: 1030319
20/06/2021 09:41:21.793     Total original mass : 4.4316e+10 Msun
20/06/2021 09:41:21.793     Total metallic mass : 3.2720e+08 Msun
20/06/2021 09:41:21.793     Total effective mass: 3.2720e+08 Msun
20/06/2021 09:41:21.796   Constructing intermediate 20x20x20 grid for particles...
20/06/2021 09:41:21.967     Smallest number of particles per cell: 19
20/06/2021 09:41:21.967     Largest  number of particles per cell: 11446
20/06/2021 09:41:21.967     Average  number of particles per cell: 290.4
20/06/2021 09:41:21.975   Constructing the spatial tree grid...
20/06/2021 09:41:21.975   Subdividing level 0: 1 nodes
20/06/2021 09:41:21.975   Subdividing level 1: 8 nodes
20/06/2021 09:41:21.976   Subdividing level 2: 64 nodes
20/06/2021 09:41:21.976   Subdividing level 3: 512 nodes
20/06/2021 09:41:21.986   Subdividing level 4: 4096 nodes
20/06/2021 09:41:22.055   Subdividing level 5: 30048 nodes
20/06/2021 09:41:22.460   Subdividing level 6: 114704 nodes
20/06/2021 09:41:24.175   Subdividing level 7: 240552 nodes
20/06/2021 09:41:29.228   Subdividing level 8: 380224 nodes
20/06/2021 09:41:34.236   Evaluation for level 8: 41.9%
20/06/2021 09:41:39.243   Evaluation for level 8: 76.2%
20/06/2021 09:41:42.107   Subdividing level 9: 525424 nodes
20/06/2021 09:41:47.193   Evaluation for level 9: 16.2%
20/06/2021 09:41:52.308   Evaluation for level 9: 29.0%
20/06/2021 09:41:57.386   Evaluation for level 9: 40.6%
20/06/2021 09:42:02.883   Evaluation for level 9: 53.7%
20/06/2021 09:42:07.979   Evaluation for level 9: 65.3%
20/06/2021 09:42:13.020   Evaluation for level 9: 82.8%
20/06/2021 09:42:17.608   Subdividing level 10: 783272 nodes
20/06/2021 09:42:23.002   Evaluation for level 10: 4.7%
20/06/2021 09:42:28.109   Evaluation for level 10: 11.2%
20/06/2021 09:42:34.671   Evaluation for level 10: 14.7%
20/06/2021 09:42:40.307   Evaluation for level 10: 16.2%
20/06/2021 09:42:45.766   Evaluation for level 10: 18.7%
20/06/2021 09:42:51.034   Evaluation for level 10: 25.3%
20/06/2021 09:42:56.556   Evaluation for level 10: 29.1%
20/06/2021 09:43:01.938   Evaluation for level 10: 36.6%
20/06/2021 09:43:07.015   Evaluation for level 10: 43.7%
20/06/2021 09:43:12.241   Evaluation for level 10: 50.0%
20/06/2021 09:43:17.256   Evaluation for level 10: 57.2%
20/06/2021 09:43:22.405   Evaluation for level 10: 64.4%
20/06/2021 09:43:27.445   Evaluation for level 10: 68.1%
20/06/2021 09:43:32.816   Evaluation for level 10: 72.8%
20/06/2021 09:43:38.027   Evaluation for level 10: 80.6%
20/06/2021 09:43:43.034   Evaluation for level 10: 89.0%
20/06/2021 09:43:50.710   Finished construction of the spatial tree grid
20/06/2021 09:43:50.710   Number of cells at each level in the tree hierarchy:
20/06/2021 09:43:50.710     Level  0:        0 (  0.0%)  |
20/06/2021 09:43:50.710     Level  1:        0 (  0.0%)  |
20/06/2021 09:43:50.710     Level  2:        0 (  0.0%)  |
20/06/2021 09:43:50.710     Level  3:        0 (  0.0%)  |
20/06/2021 09:43:50.710     Level  4:      340 (  0.0%)  |
20/06/2021 09:43:50.710     Level  5:    15710 (  0.6%)  |
20/06/2021 09:43:50.710     Level  6:    84635 (  3.4%)  |**
20/06/2021 09:43:50.710     Level  7:   193024 (  7.7%)  |*****
20/06/2021 09:43:50.710     Level  8:   314546 ( 12.6%)  |********
20/06/2021 09:43:50.710     Level  9:   427515 ( 17.1%)  |***********
20/06/2021 09:43:50.710     Level 10:   686861 ( 27.5%)  |******************
20/06/2021 09:43:50.710     Level 11:   771288 ( 30.9%)  |********************
20/06/2021 09:43:50.710     TOTAL   :  2493919 (100.0%)
20/06/2021 09:43:53.019   MediumSystem allocated 4.68 GB of memory
20/06/2021 09:43:53.019   Calculating densities for 2493919 cells...
20/06/2021 09:43:58.215   Calculated cell densities: 9.7%
20/06/2021 09:44:03.239   Calculated cell densities: 18.1%
20/06/2021 09:44:08.351   Calculated cell densities: 24.1%
20/06/2021 09:44:13.538   Calculated cell densities: 28.1%
20/06/2021 09:44:19.227   Calculated cell densities: 31.2%
20/06/2021 09:44:24.244   Calculated cell densities: 35.9%
20/06/2021 09:44:30.287   Calculated cell densities: 38.4%
20/06/2021 09:44:35.344   Calculated cell densities: 41.6%
20/06/2021 09:44:40.694   Calculated cell densities: 44.7%
20/06/2021 09:44:46.601   Calculated cell densities: 45.6%
20/06/2021 09:44:52.987   Calculated cell densities: 47.2%
20/06/2021 09:44:58.383   Calculated cell densities: 48.4%
20/06/2021 09:45:03.901   Calculated cell densities: 50.6%
20/06/2021 09:45:10.952   Calculated cell densities: 52.5%
20/06/2021 09:45:17.323   Calculated cell densities: 55.0%
20/06/2021 09:45:22.461   Calculated cell densities: 57.2%
20/06/2021 09:45:28.450   Calculated cell densities: 59.7%
20/06/2021 09:45:33.575   Calculated cell densities: 61.9%
20/06/2021 09:45:38.744   Calculated cell densities: 65.3%
20/06/2021 09:45:44.093   Calculated cell densities: 67.5%
20/06/2021 09:45:50.446   Calculated cell densities: 69.1%
20/06/2021 09:45:59.135   Calculated cell densities: 70.0%
20/06/2021 09:46:04.558   Calculated cell densities: 70.6%
20/06/2021 09:46:12.673   Calculated cell densities: 71.6%
20/06/2021 09:46:22.128   Calculated cell densities: 72.5%
20/06/2021 09:46:29.152   Calculated cell densities: 73.4%
20/06/2021 09:46:34.286   Calculated cell densities: 75.0%
20/06/2021 09:46:39.827   Calculated cell densities: 75.6%
20/06/2021 09:46:45.397   Calculated cell densities: 77.5%
20/06/2021 09:46:51.085   Calculated cell densities: 79.1%
20/06/2021 09:46:57.863   Calculated cell densities: 80.6%
20/06/2021 09:47:04.133   Calculated cell densities: 83.4%
20/06/2021 09:47:09.175   Calculated cell densities: 85.6%
20/06/2021 09:47:14.526   Calculated cell densities: 86.9%
20/06/2021 09:47:20.554   Calculated cell densities: 88.4%
20/06/2021 09:47:26.463   Calculated cell densities: 90.3%
20/06/2021 09:47:31.484   Calculated cell densities: 92.2%
20/06/2021 09:47:36.850   Calculated cell densities: 95.3%
20/06/2021 09:47:42.843   Calculated cell densities: 97.5%
20/06/2021 09:47:48.755   Calculated cell densities: 98.1%
20/06/2021 09:47:57.045   Calculated cell densities: 98.8%
20/06/2021 09:48:04.463   Calculated cell densities: 99.4%
20/06/2021 09:48:06.446   Done calculating cell densities
20/06/2021 09:48:10.126   FullInstrument i00 allocated 7.45 GB of memory
[32m20/06/2021 09:48:10.126 - Finished setup in 443 s (7m 23s).
[0m20/06/2021 09:48:10.126   Starting setup output...
[32m20/06/2021 09:48:10.126 - Finished setup output in 0.0 s.
[0m20/06/2021 09:48:10.126   Starting the run...
20/06/2021 09:48:10.126   Starting primary emission...
20/06/2021 09:48:12.217   Launching 1e8 primary emission photon packets
20/06/2021 09:48:17.221   Launched primary emission photon packets: 0.7%
20/06/2021 09:48:22.225   Launched primary emission photon packets: 1.4%
20/06/2021 09:48:27.227   Launched primary emission photon packets: 2.2%
20/06/2021 09:48:32.240   Launched primary emission photon packets: 2.9%
20/06/2021 09:48:37.250   Launched primary emission photon packets: 3.7%
20/06/2021 09:48:42.255   Launched primary emission photon packets: 4.4%
20/06/2021 09:48:47.262   Launched primary emission photon packets: 5.1%
20/06/2021 09:48:52.265   Launched primary emission photon packets: 5.8%
20/06/2021 09:48:57.266   Launched primary emission photon packets: 6.6%
20/06/2021 09:49:02.278   Launched primary emission photon packets: 7.3%
20/06/2021 09:49:07.281   Launched primary emission photon packets: 8.0%
20/06/2021 09:49:12.302   Launched primary emission photon packets: 8.7%
20/06/2021 09:49:17.304   Launched primary emission photon packets: 9.3%
20/06/2021 09:49:22.305   Launched primary emission photon packets: 10.0%
20/06/2021 09:49:27.314   Launched primary emission photon packets: 10.6%
20/06/2021 09:49:32.333   Launched primary emission photon packets: 11.2%
20/06/2021 09:49:37.346   Launched primary emission photon packets: 11.8%
20/06/2021 09:49:42.347   Launched primary emission photon packets: 12.4%
20/06/2021 09:49:47.350   Launched primary emission photon packets: 13.1%
20/06/2021 09:49:52.352   Launched primary emission photon packets: 13.7%
20/06/2021 09:49:57.358   Launched primary emission photon packets: 14.3%
20/06/2021 09:50:02.361   Launched primary emission photon packets: 14.8%
20/06/2021 09:50:07.362   Launched primary emission photon packets: 15.4%
20/06/2021 09:50:12.372   Launched primary emission photon packets: 16.0%
20/06/2021 09:50:17.381   Launched primary emission photon packets: 16.6%
20/06/2021 09:50:22.391   Launched primary emission photon packets: 17.2%
20/06/2021 09:50:27.391   Launched primary emission photon packets: 17.8%
20/06/2021 09:50:32.401   Launched primary emission photon packets: 18.4%
20/06/2021 09:50:37.401   Launched primary emission photon packets: 18.9%
20/06/2021 09:50:42.408   Launched primary emission photon packets: 19.5%
20/06/2021 09:50:47.409   Launched primary emission photon packets: 20.1%
20/06/2021 09:50:52.412   Launched primary emission photon packets: 20.7%
20/06/2021 09:50:57.451   Launched primary emission photon packets: 21.2%
20/06/2021 09:51:02.461   Launched primary emission photon packets: 21.8%
20/06/2021 09:51:07.462   Launched primary emission photon packets: 22.3%
20/06/2021 09:51:12.468   Launched primary emission photon packets: 22.9%
20/06/2021 09:51:17.488   Launched primary emission photon packets: 23.5%
20/06/2021 09:51:22.491   Launched primary emission photon packets: 24.0%
20/06/2021 09:51:27.496   Launched primary emission photon packets: 24.6%
20/06/2021 09:51:32.533   Launched primary emission photon packets: 25.2%
20/06/2021 09:51:37.548   Launched primary emission photon packets: 25.8%
20/06/2021 09:51:42.557   Launched primary emission photon packets: 26.3%
20/06/2021 09:51:47.558   Launched primary emission photon packets: 26.9%
20/06/2021 09:51:52.564   Launched primary emission photon packets: 27.5%
20/06/2021 09:51:57.565   Launched primary emission photon packets: 28.0%
20/06/2021 09:52:02.584   Launched primary emission photon packets: 28.6%
20/06/2021 09:52:07.591   Launched primary emission photon packets: 29.2%
20/06/2021 09:52:12.618   Launched primary emission photon packets: 29.7%
20/06/2021 09:52:17.634   Launched primary emission photon packets: 30.3%
20/06/2021 09:52:22.637   Launched primary emission photon packets: 30.9%
20/06/2021 09:52:27.648   Launched primary emission photon packets: 31.5%
20/06/2021 09:52:32.650   Launched primary emission photon packets: 32.1%
20/06/2021 09:52:37.655   Launched primary emission photon packets: 32.6%
20/06/2021 09:52:42.678   Launched primary emission photon packets: 33.2%
20/06/2021 09:52:47.680   Launched primary emission photon packets: 33.8%
20/06/2021 09:52:52.686   Launched primary emission photon packets: 34.4%
20/06/2021 09:52:57.687   Launched primary emission photon packets: 34.9%
20/06/2021 09:53:02.697   Launched primary emission photon packets: 35.5%
20/06/2021 09:53:07.716   Launched primary emission photon packets: 36.1%
20/06/2021 09:53:12.724   Launched primary emission photon packets: 36.7%
20/06/2021 09:53:17.734   Launched primary emission photon packets: 37.2%
20/06/2021 09:53:22.746   Launched primary emission photon packets: 37.8%
20/06/2021 09:53:27.751   Launched primary emission photon packets: 38.4%
20/06/2021 09:53:32.766   Launched primary emission photon packets: 39.0%
20/06/2021 09:53:37.774   Launched primary emission photon packets: 39.6%
20/06/2021 09:53:42.774   Launched primary emission photon packets: 40.1%
20/06/2021 09:53:47.775   Launched primary emission photon packets: 40.7%
20/06/2021 09:53:52.776   Launched primary emission photon packets: 41.3%
20/06/2021 09:53:57.781   Launched primary emission photon packets: 41.8%
20/06/2021 09:54:02.786   Launched primary emission photon packets: 42.4%
20/06/2021 09:54:07.796   Launched primary emission photon packets: 42.9%
20/06/2021 09:54:12.801   Launched primary emission photon packets: 43.5%
20/06/2021 09:54:17.817   Launched primary emission photon packets: 44.1%
20/06/2021 09:54:22.823   Launched primary emission photon packets: 44.6%
20/06/2021 09:54:27.831   Launched primary emission photon packets: 45.2%
20/06/2021 09:54:32.833   Launched primary emission photon packets: 45.7%
20/06/2021 09:54:37.839   Launched primary emission photon packets: 46.3%
20/06/2021 09:54:42.839   Launched primary emission photon packets: 46.8%
20/06/2021 09:54:47.842   Launched primary emission photon packets: 47.3%
20/06/2021 09:54:52.843   Launched primary emission photon packets: 47.9%
20/06/2021 09:54:57.881   Launched primary emission photon packets: 48.4%
20/06/2021 09:55:02.885   Launched primary emission photon packets: 48.9%
20/06/2021 09:55:07.886   Launched primary emission photon packets: 49.4%
20/06/2021 09:55:12.888   Launched primary emission photon packets: 49.9%
20/06/2021 09:55:17.898   Launched primary emission photon packets: 50.5%
20/06/2021 09:55:22.915   Launched primary emission photon packets: 51.0%
20/06/2021 09:55:27.916   Launched primary emission photon packets: 51.5%
20/06/2021 09:55:32.924   Launched primary emission photon packets: 52.1%
20/06/2021 09:55:37.928   Launched primary emission photon packets: 52.6%
20/06/2021 09:55:42.932   Launched primary emission photon packets: 53.1%
20/06/2021 09:55:47.950   Launched primary emission photon packets: 53.7%
20/06/2021 09:55:52.975   Launched primary emission photon packets: 54.2%
20/06/2021 09:55:57.980   Launched primary emission photon packets: 54.7%
20/06/2021 09:56:02.994   Launched primary emission photon packets: 55.2%
20/06/2021 09:56:07.994   Launched primary emission photon packets: 55.8%
20/06/2021 09:56:13.015   Launched primary emission photon packets: 56.3%
20/06/2021 09:56:18.047   Launched primary emission photon packets: 56.8%
20/06/2021 09:56:23.047   Launched primary emission photon packets: 57.2%
20/06/2021 09:56:28.052   Launched primary emission photon packets: 57.7%
20/06/2021 09:56:33.062   Launched primary emission photon packets: 58.2%
20/06/2021 09:56:38.064   Launched primary emission photon packets: 58.7%
20/06/2021 09:56:43.071   Launched primary emission photon packets: 59.2%
20/06/2021 09:56:48.077   Launched primary emission photon packets: 59.6%
20/06/2021 09:56:53.080   Launched primary emission photon packets: 60.1%
20/06/2021 09:56:58.080   Launched primary emission photon packets: 60.6%
20/06/2021 09:57:03.087   Launched primary emission photon packets: 61.1%
20/06/2021 09:57:08.087   Launched primary emission photon packets: 61.6%
20/06/2021 09:57:13.094   Launched primary emission photon packets: 62.1%
20/06/2021 09:57:18.103   Launched primary emission photon packets: 62.5%
20/06/2021 09:57:23.106   Launched primary emission photon packets: 63.0%
20/06/2021 09:57:28.123   Launched primary emission photon packets: 63.5%
20/06/2021 09:57:33.132   Launched primary emission photon packets: 64.0%
20/06/2021 09:57:38.142   Launched primary emission photon packets: 64.5%
20/06/2021 09:57:43.156   Launched primary emission photon packets: 64.9%
20/06/2021 09:57:48.174   Launched primary emission photon packets: 65.4%
20/06/2021 09:57:53.184   Launched primary emission photon packets: 65.9%
20/06/2021 09:57:58.193   Launched primary emission photon packets: 66.4%
20/06/2021 09:58:03.198   Launched primary emission photon packets: 66.9%
20/06/2021 09:58:08.236   Launched primary emission photon packets: 67.4%
20/06/2021 09:58:13.263   Launched primary emission photon packets: 67.9%
20/06/2021 09:58:18.287   Launched primary emission photon packets: 68.4%
20/06/2021 09:58:23.292   Launched primary emission photon packets: 68.9%
20/06/2021 09:58:28.300   Launched primary emission photon packets: 69.4%
20/06/2021 09:58:33.334   Launched primary emission photon packets: 69.9%
20/06/2021 09:58:38.342   Launched primary emission photon packets: 70.4%
20/06/2021 09:58:43.368   Launched primary emission photon packets: 70.9%
20/06/2021 09:58:48.376   Launched primary emission photon packets: 71.4%
20/06/2021 09:58:53.377   Launched primary emission photon packets: 72.0%
20/06/2021 09:58:58.380   Launched primary emission photon packets: 72.5%
20/06/2021 09:59:03.380   Launched primary emission photon packets: 73.1%
20/06/2021 09:59:08.381   Launched primary emission photon packets: 73.6%
20/06/2021 09:59:13.389   Launched primary emission photon packets: 74.2%
20/06/2021 09:59:18.390   Launched primary emission photon packets: 74.7%
20/06/2021 09:59:23.400   Launched primary emission photon packets: 75.3%
20/06/2021 09:59:28.407   Launched primary emission photon packets: 75.8%
20/06/2021 09:59:33.417   Launched primary emission photon packets: 76.4%
20/06/2021 09:59:38.424   Launched primary emission photon packets: 77.0%
20/06/2021 09:59:43.461   Launched primary emission photon packets: 77.5%
20/06/2021 09:59:48.461   Launched primary emission photon packets: 78.1%
20/06/2021 09:59:53.478   Launched primary emission photon packets: 78.6%
20/06/2021 09:59:58.480   Launched primary emission photon packets: 79.2%
20/06/2021 10:00:03.493   Launched primary emission photon packets: 79.8%
20/06/2021 10:00:08.503   Launched primary emission photon packets: 80.4%
20/06/2021 10:00:13.507   Launched primary emission photon packets: 81.0%
20/06/2021 10:00:18.508   Launched primary emission photon packets: 81.6%
20/06/2021 10:00:23.516   Launched primary emission photon packets: 82.2%
20/06/2021 10:00:28.529   Launched primary emission photon packets: 82.8%
20/06/2021 10:00:33.530   Launched primary emission photon packets: 83.5%
20/06/2021 10:00:38.548   Launched primary emission photon packets: 84.1%
20/06/2021 10:00:43.549   Launched primary emission photon packets: 84.8%
20/06/2021 10:00:48.571   Launched primary emission photon packets: 85.4%
20/06/2021 10:00:53.573   Launched primary emission photon packets: 86.1%
20/06/2021 10:00:58.576   Launched primary emission photon packets: 86.8%
20/06/2021 10:01:03.581   Launched primary emission photon packets: 87.5%
20/06/2021 10:01:08.583   Launched primary emission photon packets: 88.2%
20/06/2021 10:01:13.588   Launched primary emission photon packets: 88.8%
20/06/2021 10:01:18.592   Launched primary emission photon packets: 89.5%
20/06/2021 10:01:23.596   Launched primary emission photon packets: 90.3%
20/06/2021 10:01:28.602   Launched primary emission photon packets: 91.1%
20/06/2021 10:01:33.603   Launched primary emission photon packets: 91.8%
20/06/2021 10:01:38.614   Launched primary emission photon packets: 92.6%
20/06/2021 10:01:43.624   Launched primary emission photon packets: 93.4%
20/06/2021 10:01:48.626   Launched primary emission photon packets: 94.2%
20/06/2021 10:01:53.627   Launched primary emission photon packets: 95.0%
20/06/2021 10:01:58.640   Launched primary emission photon packets: 95.7%
20/06/2021 10:02:03.648   Launched primary emission photon packets: 96.4%
20/06/2021 10:02:08.658   Launched primary emission photon packets: 97.0%
20/06/2021 10:02:13.659   Launched primary emission photon packets: 97.6%
20/06/2021 10:02:18.663   Launched primary emission photon packets: 98.2%
20/06/2021 10:02:23.673   Launched primary emission photon packets: 98.6%
20/06/2021 10:02:28.686   Launched primary emission photon packets: 99.0%
20/06/2021 10:02:33.695   Launched primary emission photon packets: 99.3%
20/06/2021 10:02:38.700   Launched primary emission photon packets: 99.6%
20/06/2021 10:02:43.715   Launched primary emission photon packets: 99.7%
20/06/2021 10:02:48.774   Launched primary emission photon packets: 99.8%
20/06/2021 10:02:53.779   Launched primary emission photon packets: 99.9%
20/06/2021 10:02:58.978   Launched primary emission photon packets: 100.0%
[32m20/06/2021 10:03:02.182 - Finished primary emission in 892 s (14m 52s).
[0m20/06/2021 10:03:02.182   Starting secondary emission...
20/06/2021 10:03:03.262   Emitting from 2493573 out of 2493919 spatial cells
20/06/2021 10:03:03.272   Launching 1e8 secondary emission photon packets
20/06/2021 10:03:08.275   Launched secondary emission photon packets: 3.8%
20/06/2021 10:03:13.276   Launched secondary emission photon packets: 7.9%
20/06/2021 10:03:18.278   Launched secondary emission photon packets: 11.7%
20/06/2021 10:03:23.279   Launched secondary emission photon packets: 14.4%
20/06/2021 10:03:28.280   Launched secondary emission photon packets: 16.9%
20/06/2021 10:03:33.282   Launched secondary emission photon packets: 19.3%
20/06/2021 10:03:38.283   Launched secondary emission photon packets: 21.7%
20/06/2021 10:03:43.283   Launched secondary emission photon packets: 24.0%
20/06/2021 10:03:48.284   Launched secondary emission photon packets: 26.1%
20/06/2021 10:03:53.286   Launched secondary emission photon packets: 28.0%
20/06/2021 10:03:58.286   Launched secondary emission photon packets: 29.9%
20/06/2021 10:04:03.286   Launched secondary emission photon packets: 31.7%
20/06/2021 10:04:08.287   Launched secondary emission photon packets: 33.6%
20/06/2021 10:04:13.287   Launched secondary emission photon packets: 35.4%
20/06/2021 10:04:18.289   Launched secondary emission photon packets: 37.2%
20/06/2021 10:04:23.290   Launched secondary emission photon packets: 39.0%
20/06/2021 10:04:28.293   Launched secondary emission photon packets: 40.9%
20/06/2021 10:04:33.298   Launched secondary emission photon packets: 42.8%
20/06/2021 10:04:38.300   Launched secondary emission photon packets: 44.7%
20/06/2021 10:04:43.302   Launched secondary emission photon packets: 46.6%
20/06/2021 10:04:48.302   Launched secondary emission photon packets: 48.5%
20/06/2021 10:04:53.310   Launched secondary emission photon packets: 50.4%
20/06/2021 10:04:58.312   Launched secondary emission photon packets: 52.4%
20/06/2021 10:05:03.312   Launched secondary emission photon packets: 54.4%
20/06/2021 10:05:08.313   Launched secondary emission photon packets: 56.4%
20/06/2021 10:05:13.315   Launched secondary emission photon packets: 58.4%
20/06/2021 10:05:18.317   Launched secondary emission photon packets: 60.2%
20/06/2021 10:05:23.324   Launched secondary emission photon packets: 62.0%
20/06/2021 10:05:28.325   Launched secondary emission photon packets: 63.7%
20/06/2021 10:05:33.325   Launched secondary emission photon packets: 65.5%
20/06/2021 10:05:38.326   Launched secondary emission photon packets: 67.2%
20/06/2021 10:05:43.327   Launched secondary emission photon packets: 69.0%
20/06/2021 10:05:48.329   Launched secondary emission photon packets: 70.7%
20/06/2021 10:05:53.331   Launched secondary emission photon packets: 72.4%
20/06/2021 10:05:58.338   Launched secondary emission photon packets: 74.2%
20/06/2021 10:06:03.340   Launched secondary emission photon packets: 75.9%
20/06/2021 10:06:08.341   Launched secondary emission photon packets: 77.7%
20/06/2021 10:06:13.346   Launched secondary emission photon packets: 79.4%
20/06/2021 10:06:18.352   Launched secondary emission photon packets: 81.2%
20/06/2021 10:06:23.352   Launched secondary emission photon packets: 82.9%
20/06/2021 10:06:28.355   Launched secondary emission photon packets: 84.6%
20/06/2021 10:06:33.355   Launched secondary emission photon packets: 86.3%
20/06/2021 10:06:38.361   Launched secondary emission photon packets: 88.0%
20/06/2021 10:06:43.365   Launched secondary emission photon packets: 89.8%
20/06/2021 10:06:48.365   Launched secondary emission photon packets: 91.5%
20/06/2021 10:06:53.368   Launched secondary emission photon packets: 93.3%
20/06/2021 10:06:58.369   Launched secondary emission photon packets: 95.0%
20/06/2021 10:07:03.372   Launched secondary emission photon packets: 96.5%
20/06/2021 10:07:08.379   Launched secondary emission photon packets: 97.8%
20/06/2021 10:07:13.384   Launched secondary emission photon packets: 98.9%
20/06/2021 10:07:18.392   Launched secondary emission photon packets: 99.6%
20/06/2021 10:07:23.469   Launched secondary emission photon packets: 100.0%
[32m20/06/2021 10:07:23.627 - Finished secondary emission in 261 s (4m 21s).
[0m[32m20/06/2021 10:07:23.627 - Finished the run in 1154 s (19m 14s).
[0m20/06/2021 10:07:23.627   Starting final output...
20/06/2021 10:07:26.108   FullInstrument i00 wrote SED to /scratch/ntf229/RT_fit/resources/SKIRT/g5.31e11/maxLevel11/wavelengths250/numPhotons1e8/niter2048/inc0/dust/sph_i00_sed.dat
20/06/2021 10:07:29.547   FullInstrument i00 wrote total flux to FITS file /scratch/ntf229/RT_fit/resources/SKIRT/g5.31e11/maxLevel11/wavelengths250/numPhotons1e8/niter2048/inc0/dust/sph_i00_total.fits
[32m20/06/2021 10:07:29.548 - Finished final output in 5.9 s.
[0m[32m20/06/2021 10:07:29.548 - Finished simulation sph using 40 threads and a single process in 1603 s (26m 43s).
[0m20/06/2021 10:07:32.900   Available memory: 188 GB -- Peak memory usage: 14.1 GB (7.5%)
20/06/2021 10:07:33.673   Starting visual/plot_seds...
20/06/2021 10:07:34.300   Created /scratch/ntf229/RT_fit/resources/SKIRT/g5.31e11/maxLevel11/wavelengths250/numPhotons1e8/niter2048/inc0/dust/sph_i00_sed.pdf
20/06/2021 10:07:34.300   Finished visual/plot_seds.
Saved spectrum as numpy arrays
20/06/2021 10:07:34.783   Starting visual/make_images...
20/06/2021 10:07:36.721   Created /scratch/ntf229/RT_fit/resources/SKIRT/g5.31e11/maxLevel11/wavelengths250/numPhotons1e8/niter2048/inc0/dust/sph_i00_total.png
20/06/2021 10:07:36.723   Finished visual/make_images.
The code has started
Using GWSLC1
Generating SKIRT SED
Including dust
maxLength: 171398.3125
skipping fit
