/ext3/miniconda3/lib/python3.8/site-packages/prospect-1.0.0-py3.8.egg/prospect/models/priors.py:104: RuntimeWarning: divide by zero encountered in log
/ext3/miniconda3/lib/python3.8/site-packages/prospect-1.0.0-py3.8.egg/prospect/io/write_results.py:290: RuntimeWarning: Could not JSON serialize run_params, pickled instead
/ext3/miniconda3/lib/python3.8/site-packages/prospect-1.0.0-py3.8.egg/prospect/io/write_results.py:290: RuntimeWarning: Could not JSON serialize model_params, pickled instead
maggies [4.92982834e-08 2.16839681e-07 4.30939044e-07 6.04645922e-07
 9.12081725e-07 2.32271139e-09 5.44333249e-09 1.41197325e-06
 1.80490027e-06 1.46022238e-06 1.10570883e-06 7.71351474e-07
 2.04406254e-07 1.07134458e-06 1.09590773e-06 8.19829859e-07
 6.67166850e-07 3.66632892e-07 1.62556602e-06 2.64126538e-04
 8.97579086e-04 2.64833121e-04 6.10611208e-04 8.71373404e-04
 6.20010799e-04 3.58342636e-04 1.60841821e-04]
effective wavelengths [3.54600064e+03 4.66959394e+03 6.15568605e+03 7.47157139e+03
 8.91739872e+03 1.52805975e+03 2.27112579e+03 1.23198415e+04
 1.64200412e+04 2.15670847e+04 3.34610204e+04 4.59520898e+04
 1.15526289e+05 2.20783489e+05 3.53785101e+04 4.47805510e+04
 5.69621966e+04 7.79802047e+04 2.34336490e+05 6.98648530e+05
 1.54271179e+06 7.00164875e+05 9.96011312e+05 1.58578825e+06
 2.50451650e+06 3.51377925e+06 5.07849300e+06]
redshift is  0.0
applying luminosity distance 100
applying dust parameters
adding dust emission
dust type set by config file: 0
in the dust_type=0 if statement
model: :::::::
<class 'prospect.models.sedmodel.SedModel'>

Free Parameters: (name: prior) 
-----------
  mass: <class 'prospect.models.priors.LogUniform'>(mini=100000000.0,maxi=10000000000000.0)
  logzsol: <class 'prospect.models.priors.TopHat'>(mini=-2.0,maxi=0.5)
  dust2: <class 'prospect.models.priors.TopHat'>(mini=0.0,maxi=10.0)
  tage: <class 'prospect.models.priors.LogUniform'>(mini=0.1,maxi=14)
  tau: <class 'prospect.models.priors.LogUniform'>(mini=0.1,maxi=50)
  duste_umin: <class 'prospect.models.priors.TopHat'>(mini=0.1,maxi=25.0)
  duste_qpah: <class 'prospect.models.priors.TopHat'>(mini=0.0,maxi=10.0)
  duste_gamma: <class 'prospect.models.priors.TopHat'>(mini=0.0,maxi=1.0)
  dust1: <class 'prospect.models.priors.TopHat'>(mini=0.0,maxi=10.0)
  dust_index: <class 'prospect.models.priors.TopHat'>(mini=-5,maxi=5)
  dust1_index: <class 'prospect.models.priors.TopHat'>(mini=-5,maxi=5)

Fixed Parameters: (name: value [, depends_on]) 
-----------
  zred: [0.] 
  sfh: [4] 
  imf_type: [1] 
  dust_type: [0] 
  lumdist: [100] 
  add_dust_emission: [ True] 
number of walkers=256
done burn #0 (16 iterations)
done burn #1 (32 iterations)
done burn #2 (64 iterations)
number of walkers=256
starting production
done production
done fitting
fit file written
redshift is  0.0
applying luminosity distance 100
applying dust parameters
adding dust emission
dust type set by config file: 0
in the dust_type=0 if statement
N is 1048576
max percentile 97.91693687438965
max percentile 25.01235008239746
max percentile 98.67558479309082
max percentile 59.17172431945801
max percentile 40.932321548461914
max percentile 1.8101215362548828
max percentile 16.47171974182129
max percentile 19.5493221282959
max percentile 67.45705604553223
max percentile 78.14269065856934
max percentile 98.09679985046387
Maximum posterior probability parameters: 
mass 41204952231.37437
logzsol -0.2524808619948957
dust2 1.0691775068123326
tage 13.280135312208282
tau 1.5553991517195032
duste_umin 0.10031295977900262
duste_qpah 0.0022032658441813544
duste_gamma 3.807589392944107e-05
dust1 3.5319318255454437
dust_index -0.3800334320842008
dust1_index 3.833352317084625
The code has started
Using DustPedia
SKIRT generated SED already exists
Time to get SKIRT SED: 0:00:00.004690
made it to the end of inc0
/ext3/miniconda3/lib/python3.8/site-packages/prospect-1.0.0-py3.8.egg/prospect/models/priors.py:104: RuntimeWarning: divide by zero encountered in log
/ext3/miniconda3/lib/python3.8/site-packages/prospect-1.0.0-py3.8.egg/prospect/io/write_results.py:290: RuntimeWarning: Could not JSON serialize run_params, pickled instead
/ext3/miniconda3/lib/python3.8/site-packages/prospect-1.0.0-py3.8.egg/prospect/io/write_results.py:290: RuntimeWarning: Could not JSON serialize model_params, pickled instead
maggies [1.27648804e-07 5.60269234e-07 1.09810503e-06 1.55424721e-06
 2.40343448e-06 1.25980149e-08 2.03979539e-08 3.85200054e-06
 4.99796692e-06 4.09514906e-06 2.87511994e-06 1.74969744e-06
 6.68116502e-07 5.48234981e-06 2.80966055e-06 1.89664853e-06
 1.34591915e-06 7.49619657e-07 7.14100893e-06 3.28709855e-04
 9.34057023e-04 3.30234965e-04 6.76244753e-04 9.05831719e-04
 6.28506096e-04 3.60562220e-04 1.61316411e-04]
effective wavelengths [3.54600064e+03 4.66959394e+03 6.15568605e+03 7.47157139e+03
 8.91739872e+03 1.52805975e+03 2.27112579e+03 1.23198415e+04
 1.64200412e+04 2.15670847e+04 3.34610204e+04 4.59520898e+04
 1.15526289e+05 2.20783489e+05 3.53785101e+04 4.47805510e+04
 5.69621966e+04 7.79802047e+04 2.34336490e+05 6.98648530e+05
 1.54271179e+06 7.00164875e+05 9.96011312e+05 1.58578825e+06
 2.50451650e+06 3.51377925e+06 5.07849300e+06]
redshift is  0.0
applying luminosity distance 100
applying dust parameters
adding dust emission
dust type set by config file: 0
in the dust_type=0 if statement
model: :::::::
<class 'prospect.models.sedmodel.SedModel'>

Free Parameters: (name: prior) 
-----------
  mass: <class 'prospect.models.priors.LogUniform'>(mini=100000000.0,maxi=10000000000000.0)
  logzsol: <class 'prospect.models.priors.TopHat'>(mini=-2.0,maxi=0.5)
  dust2: <class 'prospect.models.priors.TopHat'>(mini=0.0,maxi=10.0)
  tage: <class 'prospect.models.priors.LogUniform'>(mini=0.1,maxi=14)
  tau: <class 'prospect.models.priors.LogUniform'>(mini=0.1,maxi=50)
  duste_umin: <class 'prospect.models.priors.TopHat'>(mini=0.1,maxi=25.0)
  duste_qpah: <class 'prospect.models.priors.TopHat'>(mini=0.0,maxi=10.0)
  duste_gamma: <class 'prospect.models.priors.TopHat'>(mini=0.0,maxi=1.0)
  dust1: <class 'prospect.models.priors.TopHat'>(mini=0.0,maxi=10.0)
  dust_index: <class 'prospect.models.priors.TopHat'>(mini=-5,maxi=5)
  dust1_index: <class 'prospect.models.priors.TopHat'>(mini=-5,maxi=5)

Fixed Parameters: (name: value [, depends_on]) 
-----------
  zred: [0.] 
  sfh: [4] 
  imf_type: [1] 
  dust_type: [0] 
  lumdist: [100] 
  add_dust_emission: [ True] 
number of walkers=256
done burn #0 (16 iterations)
done burn #1 (32 iterations)
done burn #2 (64 iterations)
number of walkers=256
starting production
done production
done fitting
fit file written
redshift is  0.0
applying luminosity distance 100
applying dust parameters
adding dust emission
dust type set by config file: 0
in the dust_type=0 if statement
N is 1048576
max percentile 92.0320987701416
max percentile 52.34570503234863
max percentile 83.52208137512207
max percentile 83.25810432434082
max percentile 58.208417892456055
max percentile 65.95902442932129
max percentile 1.9205570220947266
max percentile 6.136846542358398
max percentile 34.91616249084473
max percentile 66.90411567687988
max percentile 97.27749824523926
Maximum posterior probability parameters: 
mass 119504888955.77267
logzsol -0.2502830358417258
dust2 1.2450964904291064
tage 13.830308974891377
tau 1.8719310268449019
duste_umin 0.8043914350880174
duste_qpah 6.460410074630041e-05
duste_gamma 3.751706953292617e-06
dust1 1.015078136168646
dust_index -0.39149413889264
dust1_index 4.911820424071941
The code has started
Using DustPedia
SKIRT generated SED already exists
Time to get SKIRT SED: 0:00:00.005125
made it to the end of inc65
/ext3/miniconda3/lib/python3.8/site-packages/prospect-1.0.0-py3.8.egg/prospect/models/priors.py:104: RuntimeWarning: divide by zero encountered in log
/ext3/miniconda3/lib/python3.8/site-packages/prospect-1.0.0-py3.8.egg/prospect/io/write_results.py:290: RuntimeWarning: Could not JSON serialize run_params, pickled instead
/ext3/miniconda3/lib/python3.8/site-packages/prospect-1.0.0-py3.8.egg/prospect/io/write_results.py:290: RuntimeWarning: Could not JSON serialize model_params, pickled instead
maggies [1.02734148e-07 4.53171273e-07 8.92234546e-07 1.26449097e-06
 1.95538746e-06 8.80842049e-09 1.50114350e-08 3.14380150e-06
 4.12783737e-06 3.44870937e-06 2.55384821e-06 1.61307304e-06
 6.00000273e-07 4.97510334e-06 2.51379628e-06 1.74200417e-06
 1.26514422e-06 6.97645614e-07 6.55193575e-06 3.24677475e-04
 9.32114076e-04 3.26153949e-04 6.72435526e-04 9.03996968e-04
 6.28097909e-04 3.60462995e-04 1.61296394e-04]
effective wavelengths [3.54600064e+03 4.66959394e+03 6.15568605e+03 7.47157139e+03
 8.91739872e+03 1.52805975e+03 2.27112579e+03 1.23198415e+04
 1.64200412e+04 2.15670847e+04 3.34610204e+04 4.59520898e+04
 1.15526289e+05 2.20783489e+05 3.53785101e+04 4.47805510e+04
 5.69621966e+04 7.79802047e+04 2.34336490e+05 6.98648530e+05
 1.54271179e+06 7.00164875e+05 9.96011312e+05 1.58578825e+06
 2.50451650e+06 3.51377925e+06 5.07849300e+06]
redshift is  0.0
applying luminosity distance 100
applying dust parameters
adding dust emission
dust type set by config file: 0
in the dust_type=0 if statement
model: :::::::
<class 'prospect.models.sedmodel.SedModel'>

Free Parameters: (name: prior) 
-----------
  mass: <class 'prospect.models.priors.LogUniform'>(mini=100000000.0,maxi=10000000000000.0)
  logzsol: <class 'prospect.models.priors.TopHat'>(mini=-2.0,maxi=0.5)
  dust2: <class 'prospect.models.priors.TopHat'>(mini=0.0,maxi=10.0)
  tage: <class 'prospect.models.priors.LogUniform'>(mini=0.1,maxi=14)
  tau: <class 'prospect.models.priors.LogUniform'>(mini=0.1,maxi=50)
  duste_umin: <class 'prospect.models.priors.TopHat'>(mini=0.1,maxi=25.0)
  duste_qpah: <class 'prospect.models.priors.TopHat'>(mini=0.0,maxi=10.0)
  duste_gamma: <class 'prospect.models.priors.TopHat'>(mini=0.0,maxi=1.0)
  dust1: <class 'prospect.models.priors.TopHat'>(mini=0.0,maxi=10.0)
  dust_index: <class 'prospect.models.priors.TopHat'>(mini=-5,maxi=5)
  dust1_index: <class 'prospect.models.priors.TopHat'>(mini=-5,maxi=5)

Fixed Parameters: (name: value [, depends_on]) 
-----------
  zred: [0.] 
  sfh: [4] 
  imf_type: [1] 
  dust_type: [0] 
  lumdist: [100] 
  add_dust_emission: [ True] 
number of walkers=256
done burn #0 (16 iterations)
done burn #1 (32 iterations)
done burn #2 (64 iterations)
number of walkers=256
starting production
done production
done fitting
fit file written
redshift is  0.0
applying luminosity distance 100
applying dust parameters
adding dust emission
dust type set by config file: 0
in the dust_type=0 if statement
N is 1048576
max percentile 95.97883224487305
max percentile 55.817508697509766
max percentile 92.33179092407227
max percentile 92.34952926635742
max percentile 79.36944961547852
max percentile 72.04618453979492
max percentile 6.8126678466796875
max percentile 12.43743896484375
max percentile 41.09945297241211
max percentile 85.09340286254883
max percentile 98.36435317993164
Maximum posterior probability parameters: 
mass 112068063913.27817
logzsol -0.24951727914162952
dust2 1.3890293864074046
tage 13.923441665222738
tau 1.8698870384479056
duste_umin 0.780260351716461
duste_qpah 0.0002176077198936194
duste_gamma 7.686978778454472e-06
dust1 1.153814075344497
dust_index -0.3641622882249032
dust1_index 4.953494098732778
The code has started
Using DustPedia
SKIRT generated SED already exists
Time to get SKIRT SED: 0:00:00.005862
made it to the end of inc40
