/ext3/miniconda3/lib/python3.8/site-packages/prospect-1.0.0-py3.8.egg/prospect/models/priors.py:104: RuntimeWarning: divide by zero encountered in log
/ext3/miniconda3/lib/python3.8/site-packages/prospect-1.0.0-py3.8.egg/prospect/io/write_results.py:290: RuntimeWarning: Could not JSON serialize run_params, pickled instead
/ext3/miniconda3/lib/python3.8/site-packages/prospect-1.0.0-py3.8.egg/prospect/io/write_results.py:290: RuntimeWarning: Could not JSON serialize model_params, pickled instead
maggies [5.02266552e-08 2.18919380e-07 4.30019342e-07 5.99588904e-07
 9.00158338e-07 2.50667313e-09 5.74760585e-09 1.39362788e-06
 1.79562799e-06 1.49000141e-06 1.21673941e-06 8.85946418e-07
 2.66111990e-07 1.86572818e-06 1.22045047e-06 9.39567665e-07
 7.71103780e-07 4.17330098e-07 2.70541059e-06 2.86077210e-04
 9.11203511e-04 2.87073609e-04 6.33981541e-04 8.84246330e-04
 6.23390573e-04 3.59268523e-04 1.61047273e-04]
effective wavelengths [3.54600064e+03 4.66959394e+03 6.15568605e+03 7.47157139e+03
 8.91739872e+03 1.52805975e+03 2.27112579e+03 1.23198415e+04
 1.64200412e+04 2.15670847e+04 3.34610204e+04 4.59520898e+04
 1.15526289e+05 2.20783489e+05 3.53785101e+04 4.47805510e+04
 5.69621966e+04 7.79802047e+04 2.34336490e+05 6.98648530e+05
 1.54271179e+06 7.00164875e+05 9.96011312e+05 1.58578825e+06
 2.50451650e+06 3.51377925e+06 5.07849300e+06]
redshift is  0.0
applying luminosity distance 100
applying dust parameters
adding dust emission
dust type set by config file: 0
in the dust_type=0 if statement
model: :::::::
<class 'prospect.models.sedmodel.SedModel'>

Free Parameters: (name: prior) 
-----------
  mass: <class 'prospect.models.priors.LogUniform'>(mini=100000000.0,maxi=10000000000000.0)
  logzsol: <class 'prospect.models.priors.TopHat'>(mini=-2.0,maxi=0.5)
  dust2: <class 'prospect.models.priors.TopHat'>(mini=0.0,maxi=10.0)
  tage: <class 'prospect.models.priors.LogUniform'>(mini=0.1,maxi=14)
  tau: <class 'prospect.models.priors.LogUniform'>(mini=0.1,maxi=50)
  duste_umin: <class 'prospect.models.priors.TopHat'>(mini=0.1,maxi=25.0)
  duste_qpah: <class 'prospect.models.priors.TopHat'>(mini=0.0,maxi=10.0)
  duste_gamma: <class 'prospect.models.priors.TopHat'>(mini=0.0,maxi=1.0)
  dust1: <class 'prospect.models.priors.TopHat'>(mini=0.0,maxi=10.0)
  dust_index: <class 'prospect.models.priors.TopHat'>(mini=-5,maxi=5)
  dust1_index: <class 'prospect.models.priors.TopHat'>(mini=-5,maxi=5)

Fixed Parameters: (name: value [, depends_on]) 
-----------
  zred: [0.] 
  sfh: [4] 
  imf_type: [1] 
  dust_type: [0] 
  lumdist: [100] 
  add_dust_emission: [ True] 
number of walkers=256
done burn #0 (16 iterations)
done burn #1 (32 iterations)
done burn #2 (64 iterations)
number of walkers=256
starting production
done production
done fitting
fit file written
redshift is  0.0
applying luminosity distance 100
applying dust parameters
adding dust emission
dust type set by config file: 0
in the dust_type=0 if statement
N is 1048576
max percentile 71.86942100524902
max percentile 65.63839912414551
max percentile 49.93386268615723
max percentile 87.02244758605957
max percentile 76.08685493469238
max percentile 44.07916069030762
max percentile 11.650419235229492
max percentile 11.755990982055664
max percentile 32.153940200805664
max percentile 66.62793159484863
max percentile 84.40365791320801
Maximum posterior probability parameters: 
mass 57118970057.39657
logzsol -0.27026285106827386
dust2 1.4255572731183002
tage 13.819906951939279
tau 1.6785625667024573
duste_umin 0.20608109864777382
duste_qpah 0.0002872854651943405
duste_gamma 4.3641984918102355e-06
dust1 0.2188700177668228
dust_index -0.3372303541560825
dust1_index 4.415814088131603
The code has started
Using DustPedia
SKIRT generated SED already exists
Time to get SKIRT SED: 0:00:00.001600
made it to the end of inc5
/ext3/miniconda3/lib/python3.8/site-packages/prospect-1.0.0-py3.8.egg/prospect/models/priors.py:104: RuntimeWarning: divide by zero encountered in log
/ext3/miniconda3/lib/python3.8/site-packages/prospect-1.0.0-py3.8.egg/prospect/io/write_results.py:290: RuntimeWarning: Could not JSON serialize run_params, pickled instead
/ext3/miniconda3/lib/python3.8/site-packages/prospect-1.0.0-py3.8.egg/prospect/io/write_results.py:290: RuntimeWarning: Could not JSON serialize model_params, pickled instead
maggies [1.25321030e-07 5.46974666e-07 1.07057896e-06 1.51395893e-06
 2.33997751e-06 1.31168688e-08 2.07198136e-08 3.74969595e-06
 4.87259774e-06 4.00388819e-06 2.83212882e-06 1.73197097e-06
 6.58173884e-07 5.40799947e-06 2.77031266e-06 1.87648793e-06
 1.33567321e-06 7.42814239e-07 7.05631241e-06 3.28207748e-04
 9.33826310e-04 3.29726974e-04 6.75782771e-04 9.05613983e-04
 6.28458315e-04 3.60550739e-04 1.61314095e-04]
effective wavelengths [3.54600064e+03 4.66959394e+03 6.15568605e+03 7.47157139e+03
 8.91739872e+03 1.52805975e+03 2.27112579e+03 1.23198415e+04
 1.64200412e+04 2.15670847e+04 3.34610204e+04 4.59520898e+04
 1.15526289e+05 2.20783489e+05 3.53785101e+04 4.47805510e+04
 5.69621966e+04 7.79802047e+04 2.34336490e+05 6.98648530e+05
 1.54271179e+06 7.00164875e+05 9.96011312e+05 1.58578825e+06
 2.50451650e+06 3.51377925e+06 5.07849300e+06]
redshift is  0.0
applying luminosity distance 100
applying dust parameters
adding dust emission
dust type set by config file: 0
in the dust_type=0 if statement
model: :::::::
<class 'prospect.models.sedmodel.SedModel'>

Free Parameters: (name: prior) 
-----------
  mass: <class 'prospect.models.priors.LogUniform'>(mini=100000000.0,maxi=10000000000000.0)
  logzsol: <class 'prospect.models.priors.TopHat'>(mini=-2.0,maxi=0.5)
  dust2: <class 'prospect.models.priors.TopHat'>(mini=0.0,maxi=10.0)
  tage: <class 'prospect.models.priors.LogUniform'>(mini=0.1,maxi=14)
  tau: <class 'prospect.models.priors.LogUniform'>(mini=0.1,maxi=50)
  duste_umin: <class 'prospect.models.priors.TopHat'>(mini=0.1,maxi=25.0)
  duste_qpah: <class 'prospect.models.priors.TopHat'>(mini=0.0,maxi=10.0)
  duste_gamma: <class 'prospect.models.priors.TopHat'>(mini=0.0,maxi=1.0)
  dust1: <class 'prospect.models.priors.TopHat'>(mini=0.0,maxi=10.0)
  dust_index: <class 'prospect.models.priors.TopHat'>(mini=-5,maxi=5)
  dust1_index: <class 'prospect.models.priors.TopHat'>(mini=-5,maxi=5)

Fixed Parameters: (name: value [, depends_on]) 
-----------
  zred: [0.] 
  sfh: [4] 
  imf_type: [1] 
  dust_type: [0] 
  lumdist: [100] 
  add_dust_emission: [ True] 
number of walkers=256
done burn #0 (16 iterations)
done burn #1 (32 iterations)
done burn #2 (64 iterations)
number of walkers=256
starting production
done production
done fitting
fit file written
/ext3/miniconda3/lib/python3.8/site-packages/prospect-1.0.0-py3.8.egg/prospect/models/priors.py:104: RuntimeWarning: divide by zero encountered in log
/ext3/miniconda3/lib/python3.8/site-packages/prospect-1.0.0-py3.8.egg/prospect/io/write_results.py:290: RuntimeWarning: Could not JSON serialize run_params, pickled instead
/ext3/miniconda3/lib/python3.8/site-packages/prospect-1.0.0-py3.8.egg/prospect/io/write_results.py:290: RuntimeWarning: Could not JSON serialize model_params, pickled instead
maggies [1.09853222e-07 4.81573229e-07 9.45306748e-07 1.33808834e-06
 2.06857077e-06 1.04952949e-08 1.71240040e-08 3.32164004e-06
 4.34892510e-06 3.61719379e-06 2.64240940e-06 1.65198021e-06
 6.18001679e-07 5.10870139e-06 2.59582457e-06 1.78591138e-06
 1.28853420e-06 7.12409424e-07 6.70938592e-06 3.25889619e-04
 9.32716300e-04 3.27380966e-04 6.73603606e-04 9.04565564e-04
 6.28224926e-04 3.60493963e-04 1.61302631e-04]
effective wavelengths [3.54600064e+03 4.66959394e+03 6.15568605e+03 7.47157139e+03
 8.91739872e+03 1.52805975e+03 2.27112579e+03 1.23198415e+04
 1.64200412e+04 2.15670847e+04 3.34610204e+04 4.59520898e+04
 1.15526289e+05 2.20783489e+05 3.53785101e+04 4.47805510e+04
 5.69621966e+04 7.79802047e+04 2.34336490e+05 6.98648530e+05
 1.54271179e+06 7.00164875e+05 9.96011312e+05 1.58578825e+06
 2.50451650e+06 3.51377925e+06 5.07849300e+06]
redshift is  0.0
applying luminosity distance 100
applying dust parameters
adding dust emission
dust type set by config file: 0
in the dust_type=0 if statement
model: :::::::
<class 'prospect.models.sedmodel.SedModel'>

Free Parameters: (name: prior) 
-----------
  mass: <class 'prospect.models.priors.LogUniform'>(mini=100000000.0,maxi=10000000000000.0)
  logzsol: <class 'prospect.models.priors.TopHat'>(mini=-2.0,maxi=0.5)
  dust2: <class 'prospect.models.priors.TopHat'>(mini=0.0,maxi=10.0)
  tage: <class 'prospect.models.priors.LogUniform'>(mini=0.1,maxi=14)
  tau: <class 'prospect.models.priors.LogUniform'>(mini=0.1,maxi=50)
  duste_umin: <class 'prospect.models.priors.TopHat'>(mini=0.1,maxi=25.0)
  duste_qpah: <class 'prospect.models.priors.TopHat'>(mini=0.0,maxi=10.0)
  duste_gamma: <class 'prospect.models.priors.TopHat'>(mini=0.0,maxi=1.0)
  dust1: <class 'prospect.models.priors.TopHat'>(mini=0.0,maxi=10.0)
  dust_index: <class 'prospect.models.priors.TopHat'>(mini=-5,maxi=5)
  dust1_index: <class 'prospect.models.priors.TopHat'>(mini=-5,maxi=5)

Fixed Parameters: (name: value [, depends_on]) 
-----------
  zred: [0.] 
  sfh: [4] 
  imf_type: [1] 
  dust_type: [0] 
  lumdist: [100] 
  add_dust_emission: [ True] 
number of walkers=256
done burn #0 (16 iterations)
done burn #1 (32 iterations)
done burn #2 (64 iterations)
number of walkers=256
starting production
done production
done fitting
fit file written
redshift is  0.0
applying luminosity distance 100
applying dust parameters
adding dust emission
dust type set by config file: 0
in the dust_type=0 if statement
N is 1048576
max percentile 95.59602737426758
max percentile 53.83157730102539
max percentile 72.51224517822266
max percentile 92.5929069519043
max percentile 67.37337112426758
max percentile 61.95993423461914
max percentile 6.891345977783203
max percentile 14.536476135253906
max percentile 49.935340881347656
max percentile 84.93661880493164
max percentile 83.21094512939453
Maximum posterior probability parameters: 
mass 118089897941.33604
logzsol -0.24432421655848394
dust2 1.235203847620307
tage 13.930079735138637
tau 1.9035332444152298
duste_umin 0.7606477628549513
duste_qpah 0.00023427507155878184
duste_gamma 1.1681242271745284e-05
dust1 2.1952578512616476
dust_index -0.36529193980157154
dust1_index 4.384959271920383
The code has started
Using DustPedia
SKIRT generated SED already exists
Time to get SKIRT SED: 0:00:00.005142
made it to the end of inc60
/ext3/miniconda3/lib/python3.8/site-packages/prospect-1.0.0-py3.8.egg/prospect/models/priors.py:104: RuntimeWarning: divide by zero encountered in log
/ext3/miniconda3/lib/python3.8/site-packages/prospect-1.0.0-py3.8.egg/prospect/io/write_results.py:290: RuntimeWarning: Could not JSON serialize run_params, pickled instead
/ext3/miniconda3/lib/python3.8/site-packages/prospect-1.0.0-py3.8.egg/prospect/io/write_results.py:290: RuntimeWarning: Could not JSON serialize model_params, pickled instead
maggies [1.21452478e-07 5.29035643e-07 1.03513909e-06 1.46328517e-06
 2.26135975e-06 1.29367797e-08 2.02562283e-08 3.62465293e-06
 4.72078979e-06 3.89292725e-06 2.77945106e-06 1.71000093e-06
 6.45493725e-07 5.31498052e-06 2.72206684e-06 1.85159033e-06
 1.32295782e-06 7.34398752e-07 6.94981448e-06 3.27585736e-04
 9.33542363e-04 3.29097665e-04 6.75213018e-04 9.05345264e-04
 6.28399089e-04 3.60536387e-04 1.61311177e-04]
effective wavelengths [3.54600064e+03 4.66959394e+03 6.15568605e+03 7.47157139e+03
 8.91739872e+03 1.52805975e+03 2.27112579e+03 1.23198415e+04
 1.64200412e+04 2.15670847e+04 3.34610204e+04 4.59520898e+04
 1.15526289e+05 2.20783489e+05 3.53785101e+04 4.47805510e+04
 5.69621966e+04 7.79802047e+04 2.34336490e+05 6.98648530e+05
 1.54271179e+06 7.00164875e+05 9.96011312e+05 1.58578825e+06
 2.50451650e+06 3.51377925e+06 5.07849300e+06]
redshift is  0.0
applying luminosity distance 100
applying dust parameters
adding dust emission
dust type set by config file: 0
in the dust_type=0 if statement
model: :::::::
<class 'prospect.models.sedmodel.SedModel'>

Free Parameters: (name: prior) 
-----------
  mass: <class 'prospect.models.priors.LogUniform'>(mini=100000000.0,maxi=10000000000000.0)
  logzsol: <class 'prospect.models.priors.TopHat'>(mini=-2.0,maxi=0.5)
  dust2: <class 'prospect.models.priors.TopHat'>(mini=0.0,maxi=10.0)
  tage: <class 'prospect.models.priors.LogUniform'>(mini=0.1,maxi=14)
  tau: <class 'prospect.models.priors.LogUniform'>(mini=0.1,maxi=50)
  duste_umin: <class 'prospect.models.priors.TopHat'>(mini=0.1,maxi=25.0)
  duste_qpah: <class 'prospect.models.priors.TopHat'>(mini=0.0,maxi=10.0)
  duste_gamma: <class 'prospect.models.priors.TopHat'>(mini=0.0,maxi=1.0)
  dust1: <class 'prospect.models.priors.TopHat'>(mini=0.0,maxi=10.0)
  dust_index: <class 'prospect.models.priors.TopHat'>(mini=-5,maxi=5)
  dust1_index: <class 'prospect.models.priors.TopHat'>(mini=-5,maxi=5)

Fixed Parameters: (name: value [, depends_on]) 
-----------
  zred: [0.] 
  sfh: [4] 
  imf_type: [1] 
  dust_type: [0] 
  lumdist: [100] 
  add_dust_emission: [ True] 
number of walkers=256
done burn #0 (16 iterations)
done burn #1 (32 iterations)
done burn #2 (64 iterations)
number of walkers=256
starting production
done production
done fitting
fit file written
/ext3/miniconda3/lib/python3.8/site-packages/prospect-1.0.0-py3.8.egg/prospect/models/priors.py:104: RuntimeWarning: divide by zero encountered in log
/ext3/miniconda3/lib/python3.8/site-packages/prospect-1.0.0-py3.8.egg/prospect/io/write_results.py:290: RuntimeWarning: Could not JSON serialize run_params, pickled instead
/ext3/miniconda3/lib/python3.8/site-packages/prospect-1.0.0-py3.8.egg/prospect/io/write_results.py:290: RuntimeWarning: Could not JSON serialize model_params, pickled instead
maggies [1.31582128e-07 5.80747124e-07 1.13961283e-06 1.61454113e-06
 2.49816935e-06 1.21973405e-08 2.03001776e-08 4.00392313e-06
 5.18482096e-06 4.22938701e-06 2.93701834e-06 1.77468033e-06
 6.81737755e-07 5.58637116e-06 2.86606988e-06 1.92508405e-06
 1.36026826e-06 7.59214360e-07 7.25922732e-06 3.29396478e-04
 9.34382258e-04 3.30929900e-04 6.76886326e-04 9.06138825e-04
 6.28573944e-04 3.60578524e-04 1.61319686e-04]
effective wavelengths [3.54600064e+03 4.66959394e+03 6.15568605e+03 7.47157139e+03
 8.91739872e+03 1.52805975e+03 2.27112579e+03 1.23198415e+04
 1.64200412e+04 2.15670847e+04 3.34610204e+04 4.59520898e+04
 1.15526289e+05 2.20783489e+05 3.53785101e+04 4.47805510e+04
 5.69621966e+04 7.79802047e+04 2.34336490e+05 6.98648530e+05
 1.54271179e+06 7.00164875e+05 9.96011312e+05 1.58578825e+06
 2.50451650e+06 3.51377925e+06 5.07849300e+06]
redshift is  0.0
applying luminosity distance 100
applying dust parameters
adding dust emission
dust type set by config file: 0
in the dust_type=0 if statement
model: :::::::
<class 'prospect.models.sedmodel.SedModel'>

Free Parameters: (name: prior) 
-----------
  mass: <class 'prospect.models.priors.LogUniform'>(mini=100000000.0,maxi=10000000000000.0)
  logzsol: <class 'prospect.models.priors.TopHat'>(mini=-2.0,maxi=0.5)
  dust2: <class 'prospect.models.priors.TopHat'>(mini=0.0,maxi=10.0)
  tage: <class 'prospect.models.priors.LogUniform'>(mini=0.1,maxi=14)
  tau: <class 'prospect.models.priors.LogUniform'>(mini=0.1,maxi=50)
  duste_umin: <class 'prospect.models.priors.TopHat'>(mini=0.1,maxi=25.0)
  duste_qpah: <class 'prospect.models.priors.TopHat'>(mini=0.0,maxi=10.0)
  duste_gamma: <class 'prospect.models.priors.TopHat'>(mini=0.0,maxi=1.0)
  dust1: <class 'prospect.models.priors.TopHat'>(mini=0.0,maxi=10.0)
  dust_index: <class 'prospect.models.priors.TopHat'>(mini=-5,maxi=5)
  dust1_index: <class 'prospect.models.priors.TopHat'>(mini=-5,maxi=5)

Fixed Parameters: (name: value [, depends_on]) 
-----------
  zred: [0.] 
  sfh: [4] 
  imf_type: [1] 
  dust_type: [0] 
  lumdist: [100] 
  add_dust_emission: [ True] 
number of walkers=256
done burn #0 (16 iterations)
done burn #1 (32 iterations)
done burn #2 (64 iterations)
number of walkers=256
starting production
done production
done fitting
fit file written
/ext3/miniconda3/lib/python3.8/site-packages/prospect-1.0.0-py3.8.egg/prospect/models/priors.py:104: RuntimeWarning: divide by zero encountered in log
/ext3/miniconda3/lib/python3.8/site-packages/prospect-1.0.0-py3.8.egg/prospect/io/write_results.py:290: RuntimeWarning: Could not JSON serialize run_params, pickled instead
/ext3/miniconda3/lib/python3.8/site-packages/prospect-1.0.0-py3.8.egg/prospect/io/write_results.py:290: RuntimeWarning: Could not JSON serialize model_params, pickled instead
maggies [1.16178813e-07 5.06637520e-07 9.92207435e-07 1.40327797e-06
 2.16867916e-06 1.20521508e-08 1.90555388e-08 3.47888825e-06
 4.54359817e-06 3.76258855e-06 2.71600283e-06 1.68353994e-06
 6.31799957e-07 5.21157247e-06 2.66378072e-06 1.82161961e-06
 1.30734691e-06 7.24335023e-07 6.83028356e-06 3.26819497e-04
 9.33178012e-04 3.28322089e-04 6.74496811e-04 9.05001044e-04
 6.28322463e-04 3.60517734e-04 1.61307414e-04]
effective wavelengths [3.54600064e+03 4.66959394e+03 6.15568605e+03 7.47157139e+03
 8.91739872e+03 1.52805975e+03 2.27112579e+03 1.23198415e+04
 1.64200412e+04 2.15670847e+04 3.34610204e+04 4.59520898e+04
 1.15526289e+05 2.20783489e+05 3.53785101e+04 4.47805510e+04
 5.69621966e+04 7.79802047e+04 2.34336490e+05 6.98648530e+05
 1.54271179e+06 7.00164875e+05 9.96011312e+05 1.58578825e+06
 2.50451650e+06 3.51377925e+06 5.07849300e+06]
redshift is  0.0
applying luminosity distance 100
applying dust parameters
adding dust emission
dust type set by config file: 0
in the dust_type=0 if statement
model: :::::::
<class 'prospect.models.sedmodel.SedModel'>

Free Parameters: (name: prior) 
-----------
  mass: <class 'prospect.models.priors.LogUniform'>(mini=100000000.0,maxi=10000000000000.0)
  logzsol: <class 'prospect.models.priors.TopHat'>(mini=-2.0,maxi=0.5)
  dust2: <class 'prospect.models.priors.TopHat'>(mini=0.0,maxi=10.0)
  tage: <class 'prospect.models.priors.LogUniform'>(mini=0.1,maxi=14)
  tau: <class 'prospect.models.priors.LogUniform'>(mini=0.1,maxi=50)
  duste_umin: <class 'prospect.models.priors.TopHat'>(mini=0.1,maxi=25.0)
  duste_qpah: <class 'prospect.models.priors.TopHat'>(mini=0.0,maxi=10.0)
  duste_gamma: <class 'prospect.models.priors.TopHat'>(mini=0.0,maxi=1.0)
  dust1: <class 'prospect.models.priors.TopHat'>(mini=0.0,maxi=10.0)
  dust_index: <class 'prospect.models.priors.TopHat'>(mini=-5,maxi=5)
  dust1_index: <class 'prospect.models.priors.TopHat'>(mini=-5,maxi=5)

Fixed Parameters: (name: value [, depends_on]) 
-----------
  zred: [0.] 
  sfh: [4] 
  imf_type: [1] 
  dust_type: [0] 
  lumdist: [100] 
  add_dust_emission: [ True] 
number of walkers=256
done burn #0 (16 iterations)
done burn #1 (32 iterations)
done burn #2 (64 iterations)
number of walkers=256
starting production
done production
done fitting
fit file written
redshift is  0.0
applying luminosity distance 100
applying dust parameters
adding dust emission
dust type set by config file: 0
in the dust_type=0 if statement
N is 1048576
max percentile 92.98334121704102
max percentile 60.25819778442383
max percentile 54.47406768798828
max percentile 90.45276641845703
max percentile 66.17650985717773
max percentile 48.429012298583984
max percentile 21.026992797851562
max percentile 4.252433776855469
max percentile 44.243812561035156
max percentile 79.0771484375
max percentile 96.31471633911133
Maximum posterior probability parameters: 
mass 112735470613.98354
logzsol -0.24818459876663856
dust2 1.305376670491749
tage 13.91207832151495
tau 1.8831025011744382
duste_umin 0.7323701872631034
duste_qpah 0.0006423401563740551
duste_gamma 2.1097530496351578e-06
dust1 1.1006511186890604
dust_index -0.37027036150595427
dust1_index 4.89950598815579
The code has started
Using DustPedia
SKIRT generated SED already exists
Time to get SKIRT SED: 0:00:00.002048
made it to the end of inc45
redshift is  0.0
applying luminosity distance 100
applying dust parameters
adding dust emission
dust type set by config file: 0
in the dust_type=0 if statement
N is 1048576
max percentile 78.12767028808594
max percentile 55.40189743041992
max percentile 77.099609375
max percentile 92.5497055053711
max percentile 88.06867599487305
max percentile 54.62636947631836
max percentile 1.0135650634765625
max percentile 4.5497894287109375
max percentile 30.372905731201172
max percentile 60.07356643676758
max percentile 49.968624114990234
Maximum posterior probability parameters: 
mass 112188579306.7667
logzsol -0.24799523123995257
dust2 1.271219112869528
tage 13.92667773516859
tau 1.9509797112087786
duste_umin 0.7701469945201829
duste_qpah 3.094545171064382e-05
duste_gamma 2.5091394358584038e-06
dust1 0.30783073987167686
dust_index -0.39060674282460806
dust1_index 2.9929106130796774
The code has started
Using DustPedia
SKIRT generated SED already exists
Time to get SKIRT SED: 0:00:00.003517
made it to the end of inc55
redshift is  0.0
applying luminosity distance 100
applying dust parameters
adding dust emission
dust type set by config file: 0
in the dust_type=0 if statement
N is 1048576
max percentile 83.7700366973877
max percentile 44.178056716918945
max percentile 81.28066062927246
max percentile 92.20194816589355
max percentile 72.02467918395996
max percentile 33.681631088256836
max percentile 6.33845329284668
max percentile 0.6747722625732422
max percentile 25.71587562561035
max percentile 65.29355049133301
max percentile 94.51794624328613
Maximum posterior probability parameters: 
mass 119285759197.24767
logzsol -0.2579821231867413
dust2 1.2250676111366647
tage 13.919081354005781
tau 1.8863702843989902
duste_umin 0.7317269104526395
duste_qpah 0.00020905474530605924
duste_gamma 4.510033358990178e-07
dust1 0.7022938877133547
dust_index -0.3902576226111445
dust1_index 4.829794721657385
The code has started
Using DustPedia
SKIRT generated SED already exists
Time to get SKIRT SED: 0:00:00.002846
made it to the end of inc75
/ext3/miniconda3/lib/python3.8/site-packages/prospect-1.0.0-py3.8.egg/prospect/models/priors.py:104: RuntimeWarning: divide by zero encountered in log
/ext3/miniconda3/lib/python3.8/site-packages/prospect-1.0.0-py3.8.egg/prospect/io/write_results.py:290: RuntimeWarning: Could not JSON serialize run_params, pickled instead
/ext3/miniconda3/lib/python3.8/site-packages/prospect-1.0.0-py3.8.egg/prospect/io/write_results.py:290: RuntimeWarning: Could not JSON serialize model_params, pickled instead
maggies [1.35254851e-07 5.97213190e-07 1.17146576e-06 1.65942356e-06
 2.56795759e-06 1.26028020e-08 2.09031763e-08 4.11182944e-06
 5.31227698e-06 4.32030753e-06 2.97772867e-06 1.79123609e-06
 6.92555282e-07 5.66676189e-06 2.90285346e-06 1.94388757e-06
 1.36978967e-06 7.65659882e-07 7.34835431e-06 3.29792431e-04
 9.34550717e-04 3.31330218e-04 6.77234402e-04 9.06298916e-04
 6.28608475e-04 3.60586818e-04 1.61321308e-04]
effective wavelengths [3.54600064e+03 4.66959394e+03 6.15568605e+03 7.47157139e+03
 8.91739872e+03 1.52805975e+03 2.27112579e+03 1.23198415e+04
 1.64200412e+04 2.15670847e+04 3.34610204e+04 4.59520898e+04
 1.15526289e+05 2.20783489e+05 3.53785101e+04 4.47805510e+04
 5.69621966e+04 7.79802047e+04 2.34336490e+05 6.98648530e+05
 1.54271179e+06 7.00164875e+05 9.96011312e+05 1.58578825e+06
 2.50451650e+06 3.51377925e+06 5.07849300e+06]
redshift is  0.0
applying luminosity distance 100
applying dust parameters
adding dust emission
dust type set by config file: 0
in the dust_type=0 if statement
model: :::::::
<class 'prospect.models.sedmodel.SedModel'>

Free Parameters: (name: prior) 
-----------
  mass: <class 'prospect.models.priors.LogUniform'>(mini=100000000.0,maxi=10000000000000.0)
  logzsol: <class 'prospect.models.priors.TopHat'>(mini=-2.0,maxi=0.5)
  dust2: <class 'prospect.models.priors.TopHat'>(mini=0.0,maxi=10.0)
  tage: <class 'prospect.models.priors.LogUniform'>(mini=0.1,maxi=14)
  tau: <class 'prospect.models.priors.LogUniform'>(mini=0.1,maxi=50)
  duste_umin: <class 'prospect.models.priors.TopHat'>(mini=0.1,maxi=25.0)
  duste_qpah: <class 'prospect.models.priors.TopHat'>(mini=0.0,maxi=10.0)
  duste_gamma: <class 'prospect.models.priors.TopHat'>(mini=0.0,maxi=1.0)
  dust1: <class 'prospect.models.priors.TopHat'>(mini=0.0,maxi=10.0)
  dust_index: <class 'prospect.models.priors.TopHat'>(mini=-5,maxi=5)
  dust1_index: <class 'prospect.models.priors.TopHat'>(mini=-5,maxi=5)

Fixed Parameters: (name: value [, depends_on]) 
-----------
  zred: [0.] 
  sfh: [4] 
  imf_type: [1] 
  dust_type: [0] 
  lumdist: [100] 
  add_dust_emission: [ True] 
number of walkers=256
done burn #0 (16 iterations)
done burn #1 (32 iterations)
done burn #2 (64 iterations)
number of walkers=256
starting production
done production
done fitting
fit file written
/ext3/miniconda3/lib/python3.8/site-packages/prospect-1.0.0-py3.8.egg/prospect/models/priors.py:104: RuntimeWarning: divide by zero encountered in log
/ext3/miniconda3/lib/python3.8/site-packages/prospect-1.0.0-py3.8.egg/prospect/io/write_results.py:290: RuntimeWarning: Could not JSON serialize run_params, pickled instead
/ext3/miniconda3/lib/python3.8/site-packages/prospect-1.0.0-py3.8.egg/prospect/io/write_results.py:290: RuntimeWarning: Could not JSON serialize model_params, pickled instead
maggies [5.50184575e-08 2.41309981e-07 4.74976835e-07 6.66537090e-07
 1.01320493e-06 2.81220306e-09 6.34351798e-09 1.60999277e-06
 2.13040252e-06 1.82187599e-06 1.52405478e-06 1.08970847e-06
 3.55684390e-07 2.81494738e-06 1.53013407e-06 1.16021979e-06
 9.23677317e-07 4.98420332e-07 3.92935501e-06 3.01627878e-04
 9.20146638e-04 3.02820873e-04 6.49911356e-04 8.92692952e-04
 6.25481418e-04 3.59812370e-04 1.61163062e-04]
effective wavelengths [3.54600064e+03 4.66959394e+03 6.15568605e+03 7.47157139e+03
 8.91739872e+03 1.52805975e+03 2.27112579e+03 1.23198415e+04
 1.64200412e+04 2.15670847e+04 3.34610204e+04 4.59520898e+04
 1.15526289e+05 2.20783489e+05 3.53785101e+04 4.47805510e+04
 5.69621966e+04 7.79802047e+04 2.34336490e+05 6.98648530e+05
 1.54271179e+06 7.00164875e+05 9.96011312e+05 1.58578825e+06
 2.50451650e+06 3.51377925e+06 5.07849300e+06]
redshift is  0.0
applying luminosity distance 100
applying dust parameters
adding dust emission
dust type set by config file: 0
in the dust_type=0 if statement
model: :::::::
<class 'prospect.models.sedmodel.SedModel'>

Free Parameters: (name: prior) 
-----------
  mass: <class 'prospect.models.priors.LogUniform'>(mini=100000000.0,maxi=10000000000000.0)
  logzsol: <class 'prospect.models.priors.TopHat'>(mini=-2.0,maxi=0.5)
  dust2: <class 'prospect.models.priors.TopHat'>(mini=0.0,maxi=10.0)
  tage: <class 'prospect.models.priors.LogUniform'>(mini=0.1,maxi=14)
  tau: <class 'prospect.models.priors.LogUniform'>(mini=0.1,maxi=50)
  duste_umin: <class 'prospect.models.priors.TopHat'>(mini=0.1,maxi=25.0)
  duste_qpah: <class 'prospect.models.priors.TopHat'>(mini=0.0,maxi=10.0)
  duste_gamma: <class 'prospect.models.priors.TopHat'>(mini=0.0,maxi=1.0)
  dust1: <class 'prospect.models.priors.TopHat'>(mini=0.0,maxi=10.0)
  dust_index: <class 'prospect.models.priors.TopHat'>(mini=-5,maxi=5)
  dust1_index: <class 'prospect.models.priors.TopHat'>(mini=-5,maxi=5)

Fixed Parameters: (name: value [, depends_on]) 
-----------
  zred: [0.] 
  sfh: [4] 
  imf_type: [1] 
  dust_type: [0] 
  lumdist: [100] 
  add_dust_emission: [ True] 
number of walkers=256
done burn #0 (16 iterations)
done burn #1 (32 iterations)
done burn #2 (64 iterations)
number of walkers=256
starting production
done production
done fitting
fit file written
redshift is  0.0
applying luminosity distance 100
applying dust parameters
adding dust emission
dust type set by config file: 0
in the dust_type=0 if statement
N is 1048576
max percentile 81.69875144958496
max percentile 58.837175369262695
max percentile 59.43293571472168
max percentile 81.15315437316895
max percentile 65.1674747467041
max percentile 40.68474769592285
max percentile 10.030221939086914
max percentile 8.240079879760742
max percentile 43.004751205444336
max percentile 70.05152702331543
max percentile 88.59868049621582
Maximum posterior probability parameters: 
mass 110680549635.57425
logzsol -0.24954808530738334
dust2 1.273802305792548
tage 13.812486237927688
tau 1.9002913782694288
duste_umin 0.7281654809870435
duste_qpah 0.0002920461259114556
duste_gamma 4.654753895521635e-06
dust1 0.8563878244357523
dust_index -0.38615461713012833
dust1_index 4.675543498795213
The code has started
Using DustPedia
SKIRT generated SED already exists
Time to get SKIRT SED: 0:00:06.124680
made it to the end of inc50
/ext3/miniconda3/lib/python3.8/site-packages/prospect-1.0.0-py3.8.egg/prospect/models/priors.py:104: RuntimeWarning: divide by zero encountered in log
/ext3/miniconda3/lib/python3.8/site-packages/prospect-1.0.0-py3.8.egg/prospect/io/write_results.py:290: RuntimeWarning: Could not JSON serialize run_params, pickled instead
/ext3/miniconda3/lib/python3.8/site-packages/prospect-1.0.0-py3.8.egg/prospect/io/write_results.py:290: RuntimeWarning: Could not JSON serialize model_params, pickled instead
maggies [9.49167519e-08 4.20586118e-07 8.30506780e-07 1.17856652e-06
 1.82322475e-06 7.38984208e-09 1.31566925e-08 2.93664332e-06
 3.86956857e-06 3.24903265e-06 2.44574094e-06 1.56450674e-06
 5.76808889e-07 4.79929025e-06 2.41312310e-06 1.68737810e-06
 1.23558451e-06 6.79330131e-07 6.34641999e-06 3.23143848e-04
 9.31353142e-04 3.24601248e-04 6.70961652e-04 9.03277901e-04
 6.27936885e-04 3.60423858e-04 1.61288494e-04]
effective wavelengths [3.54600064e+03 4.66959394e+03 6.15568605e+03 7.47157139e+03
 8.91739872e+03 1.52805975e+03 2.27112579e+03 1.23198415e+04
 1.64200412e+04 2.15670847e+04 3.34610204e+04 4.59520898e+04
 1.15526289e+05 2.20783489e+05 3.53785101e+04 4.47805510e+04
 5.69621966e+04 7.79802047e+04 2.34336490e+05 6.98648530e+05
 1.54271179e+06 7.00164875e+05 9.96011312e+05 1.58578825e+06
 2.50451650e+06 3.51377925e+06 5.07849300e+06]
redshift is  0.0
applying luminosity distance 100
applying dust parameters
adding dust emission
dust type set by config file: 0
in the dust_type=0 if statement
model: :::::::
<class 'prospect.models.sedmodel.SedModel'>

Free Parameters: (name: prior) 
-----------
  mass: <class 'prospect.models.priors.LogUniform'>(mini=100000000.0,maxi=10000000000000.0)
  logzsol: <class 'prospect.models.priors.TopHat'>(mini=-2.0,maxi=0.5)
  dust2: <class 'prospect.models.priors.TopHat'>(mini=0.0,maxi=10.0)
  tage: <class 'prospect.models.priors.LogUniform'>(mini=0.1,maxi=14)
  tau: <class 'prospect.models.priors.LogUniform'>(mini=0.1,maxi=50)
  duste_umin: <class 'prospect.models.priors.TopHat'>(mini=0.1,maxi=25.0)
  duste_qpah: <class 'prospect.models.priors.TopHat'>(mini=0.0,maxi=10.0)
  duste_gamma: <class 'prospect.models.priors.TopHat'>(mini=0.0,maxi=1.0)
  dust1: <class 'prospect.models.priors.TopHat'>(mini=0.0,maxi=10.0)
  dust_index: <class 'prospect.models.priors.TopHat'>(mini=-5,maxi=5)
  dust1_index: <class 'prospect.models.priors.TopHat'>(mini=-5,maxi=5)

Fixed Parameters: (name: value [, depends_on]) 
-----------
  zred: [0.] 
  sfh: [4] 
  imf_type: [1] 
  dust_type: [0] 
  lumdist: [100] 
  add_dust_emission: [ True] 
number of walkers=256
done burn #0 (16 iterations)
done burn #1 (32 iterations)
done burn #2 (64 iterations)
number of walkers=256
starting production
done production
done fitting
fit file written
redshift is  0.0
applying luminosity distance 100
applying dust parameters
adding dust emission
dust type set by config file: 0
in the dust_type=0 if statement
N is 1048576
max percentile 89.95361328125
max percentile 56.74705505371094
max percentile 71.15058898925781
max percentile 88.21277618408203
max percentile 55.066490173339844
max percentile 63.76152038574219
max percentile 1.1638641357421875
max percentile 3.0199050903320312
max percentile 32.64942169189453
max percentile 85.96982955932617
max percentile 69.00787353515625
Maximum posterior probability parameters: 
mass 122730225666.75967
logzsol -0.24924073709917152
dust2 1.2019911429333807
tage 13.877187838848947
tau 1.8505740057926792
duste_umin 0.8289269482447514
duste_qpah 4.3160053909860585e-05
duste_gamma 2.210793816882447e-06
dust1 0.9116946675565101
dust_index -0.37368978402288616
dust1_index 3.7826203793060884
The code has started
Using DustPedia
SKIRT generated SED already exists
Time to get SKIRT SED: 0:00:00.001627
made it to the end of inc90
redshift is  0.0
applying luminosity distance 100
applying dust parameters
adding dust emission
dust type set by config file: 0
in the dust_type=0 if statement
N is 1048576
max percentile 96.40617370605469
max percentile 54.22639846801758
max percentile 65.19222259521484
max percentile 92.35458374023438
max percentile 84.0031623840332
max percentile 43.42060089111328
max percentile 5.725955963134766
max percentile 1.2251853942871094
max percentile 12.828731536865234
max percentile 79.04977798461914
max percentile 80.81111907958984
Maximum posterior probability parameters: 
mass 75196502069.14937
logzsol -0.26071088369960954
dust2 1.602552209702191
tage 13.893329825012527
tau 1.7581772574626235
duste_umin 0.3998055645517501
duste_qpah 0.00013260706607186572
duste_gamma 4.3679696506258917e-07
dust1 0.1303223646097218
dust_index -0.3719350798485848
dust1_index 4.341911265677744
The code has started
Using DustPedia
SKIRT generated SED already exists
Time to get SKIRT SED: 0:00:00.001791
made it to the end of inc10
redshift is  0.0
applying luminosity distance 100
applying dust parameters
adding dust emission
dust type set by config file: 0
in the dust_type=0 if statement
N is 1048576
max percentile 89.48497772216797
max percentile 50.90150833129883
max percentile 54.60004806518555
max percentile 95.9803581237793
max percentile 67.41752624511719
max percentile 68.35050582885742
max percentile 12.955188751220703
max percentile 12.528133392333984
max percentile 40.990257263183594
max percentile 74.8617172241211
max percentile 84.09967422485352
Maximum posterior probability parameters: 
mass 108622189537.36185
logzsol -0.26086833057927045
dust2 1.410207351952698
tage 13.969725186331459
tau 1.8386535702045668
duste_umin 0.7414315278589099
duste_qpah 0.00025377158267831745
duste_gamma 4.701883063591495e-06
dust1 0.8940946865429242
dust_index -0.3730822070745443
dust1_index 4.612846656444189
The code has started
Using DustPedia
SKIRT generated SED already exists
Time to get SKIRT SED: 0:00:00.001555
made it to the end of inc35
/ext3/miniconda3/lib/python3.8/site-packages/prospect-1.0.0-py3.8.egg/prospect/models/priors.py:104: RuntimeWarning: divide by zero encountered in log
/ext3/miniconda3/lib/python3.8/site-packages/prospect-1.0.0-py3.8.egg/prospect/io/write_results.py:290: RuntimeWarning: Could not JSON serialize run_params, pickled instead
/ext3/miniconda3/lib/python3.8/site-packages/prospect-1.0.0-py3.8.egg/prospect/io/write_results.py:290: RuntimeWarning: Could not JSON serialize model_params, pickled instead
maggies [6.22280260e-08 2.75914765e-07 5.45387063e-07 7.69872079e-07
 1.18149845e-06 3.28246842e-09 7.22072424e-09 1.90026826e-06
 2.53262669e-06 2.17503745e-06 1.78366158e-06 1.23661108e-06
 4.19245279e-07 3.41728530e-06 1.78359512e-06 1.32183268e-06
 1.02515172e-06 5.55008921e-07 4.68437158e-06 3.09550094e-04
 9.24488494e-04 3.10840644e-04 6.57854120e-04 8.96791974e-04
 6.26458163e-04 3.60058917e-04 1.61214175e-04]
effective wavelengths [3.54600064e+03 4.66959394e+03 6.15568605e+03 7.47157139e+03
 8.91739872e+03 1.52805975e+03 2.27112579e+03 1.23198415e+04
 1.64200412e+04 2.15670847e+04 3.34610204e+04 4.59520898e+04
 1.15526289e+05 2.20783489e+05 3.53785101e+04 4.47805510e+04
 5.69621966e+04 7.79802047e+04 2.34336490e+05 6.98648530e+05
 1.54271179e+06 7.00164875e+05 9.96011312e+05 1.58578825e+06
 2.50451650e+06 3.51377925e+06 5.07849300e+06]
redshift is  0.0
applying luminosity distance 100
applying dust parameters
adding dust emission
dust type set by config file: 0
in the dust_type=0 if statement
model: :::::::
<class 'prospect.models.sedmodel.SedModel'>

Free Parameters: (name: prior) 
-----------
  mass: <class 'prospect.models.priors.LogUniform'>(mini=100000000.0,maxi=10000000000000.0)
  logzsol: <class 'prospect.models.priors.TopHat'>(mini=-2.0,maxi=0.5)
  dust2: <class 'prospect.models.priors.TopHat'>(mini=0.0,maxi=10.0)
  tage: <class 'prospect.models.priors.LogUniform'>(mini=0.1,maxi=14)
  tau: <class 'prospect.models.priors.LogUniform'>(mini=0.1,maxi=50)
  duste_umin: <class 'prospect.models.priors.TopHat'>(mini=0.1,maxi=25.0)
  duste_qpah: <class 'prospect.models.priors.TopHat'>(mini=0.0,maxi=10.0)
  duste_gamma: <class 'prospect.models.priors.TopHat'>(mini=0.0,maxi=1.0)
  dust1: <class 'prospect.models.priors.TopHat'>(mini=0.0,maxi=10.0)
  dust_index: <class 'prospect.models.priors.TopHat'>(mini=-5,maxi=5)
  dust1_index: <class 'prospect.models.priors.TopHat'>(mini=-5,maxi=5)

Fixed Parameters: (name: value [, depends_on]) 
-----------
  zred: [0.] 
  sfh: [4] 
  imf_type: [1] 
  dust_type: [0] 
  lumdist: [100] 
  add_dust_emission: [ True] 
number of walkers=256
done burn #0 (16 iterations)
done burn #1 (32 iterations)
done burn #2 (64 iterations)
number of walkers=256
starting production
done production
done fitting
fit file written
/ext3/miniconda3/lib/python3.8/site-packages/prospect-1.0.0-py3.8.egg/prospect/models/priors.py:104: RuntimeWarning: divide by zero encountered in log
/ext3/miniconda3/lib/python3.8/site-packages/prospect-1.0.0-py3.8.egg/prospect/io/write_results.py:290: RuntimeWarning: Could not JSON serialize run_params, pickled instead
/ext3/miniconda3/lib/python3.8/site-packages/prospect-1.0.0-py3.8.egg/prospect/io/write_results.py:290: RuntimeWarning: Could not JSON serialize model_params, pickled instead
maggies [8.70327445e-08 3.85562722e-07 7.62397237e-07 1.08279022e-06
 1.67552896e-06 6.50308478e-09 1.18121296e-08 2.70492068e-06
 3.57793422e-06 3.02186718e-06 2.31716968e-06 1.50519643e-06
 5.48313056e-07 4.57503285e-06 2.29269672e-06 1.62078321e-06
 1.19902656e-06 6.56941070e-07 6.08236655e-06 3.21109399e-04
 9.30340898e-04 3.22541728e-04 6.69006623e-04 9.02321921e-04
 6.27722811e-04 3.60371719e-04 1.61277973e-04]
effective wavelengths [3.54600064e+03 4.66959394e+03 6.15568605e+03 7.47157139e+03
 8.91739872e+03 1.52805975e+03 2.27112579e+03 1.23198415e+04
 1.64200412e+04 2.15670847e+04 3.34610204e+04 4.59520898e+04
 1.15526289e+05 2.20783489e+05 3.53785101e+04 4.47805510e+04
 5.69621966e+04 7.79802047e+04 2.34336490e+05 6.98648530e+05
 1.54271179e+06 7.00164875e+05 9.96011312e+05 1.58578825e+06
 2.50451650e+06 3.51377925e+06 5.07849300e+06]
redshift is  0.0
applying luminosity distance 100
applying dust parameters
adding dust emission
dust type set by config file: 0
in the dust_type=0 if statement
model: :::::::
<class 'prospect.models.sedmodel.SedModel'>

Free Parameters: (name: prior) 
-----------
  mass: <class 'prospect.models.priors.LogUniform'>(mini=100000000.0,maxi=10000000000000.0)
  logzsol: <class 'prospect.models.priors.TopHat'>(mini=-2.0,maxi=0.5)
  dust2: <class 'prospect.models.priors.TopHat'>(mini=0.0,maxi=10.0)
  tage: <class 'prospect.models.priors.LogUniform'>(mini=0.1,maxi=14)
  tau: <class 'prospect.models.priors.LogUniform'>(mini=0.1,maxi=50)
  duste_umin: <class 'prospect.models.priors.TopHat'>(mini=0.1,maxi=25.0)
  duste_qpah: <class 'prospect.models.priors.TopHat'>(mini=0.0,maxi=10.0)
  duste_gamma: <class 'prospect.models.priors.TopHat'>(mini=0.0,maxi=1.0)
  dust1: <class 'prospect.models.priors.TopHat'>(mini=0.0,maxi=10.0)
  dust_index: <class 'prospect.models.priors.TopHat'>(mini=-5,maxi=5)
  dust1_index: <class 'prospect.models.priors.TopHat'>(mini=-5,maxi=5)

Fixed Parameters: (name: value [, depends_on]) 
-----------
  zred: [0.] 
  sfh: [4] 
  imf_type: [1] 
  dust_type: [0] 
  lumdist: [100] 
  add_dust_emission: [ True] 
number of walkers=256
done burn #0 (16 iterations)
done burn #1 (32 iterations)
done burn #2 (64 iterations)
number of walkers=256
starting production
done production
done fitting
fit file written
/ext3/miniconda3/lib/python3.8/site-packages/prospect-1.0.0-py3.8.egg/prospect/models/priors.py:104: RuntimeWarning: divide by zero encountered in log
/ext3/miniconda3/lib/python3.8/site-packages/prospect-1.0.0-py3.8.egg/prospect/io/write_results.py:290: RuntimeWarning: Could not JSON serialize run_params, pickled instead
/ext3/miniconda3/lib/python3.8/site-packages/prospect-1.0.0-py3.8.egg/prospect/io/write_results.py:290: RuntimeWarning: Could not JSON serialize model_params, pickled instead
maggies [7.00849262e-08 3.12641618e-07 6.19763539e-07 8.78284994e-07
 1.35509004e-06 4.03755291e-09 8.40395794e-09 2.18758159e-06
 2.91231504e-06 2.48945670e-06 1.99266372e-06 1.34654926e-06
 4.66176894e-07 3.84906750e-06 1.98472501e-06 1.44364935e-06
 1.09816369e-06 5.96796052e-07 5.21748286e-06 3.14604927e-04
 9.27142661e-04 3.15958574e-04 6.62820821e-04 8.99299114e-04
 6.27040422e-04 3.60204052e-04 1.61243943e-04]
effective wavelengths [3.54600064e+03 4.66959394e+03 6.15568605e+03 7.47157139e+03
 8.91739872e+03 1.52805975e+03 2.27112579e+03 1.23198415e+04
 1.64200412e+04 2.15670847e+04 3.34610204e+04 4.59520898e+04
 1.15526289e+05 2.20783489e+05 3.53785101e+04 4.47805510e+04
 5.69621966e+04 7.79802047e+04 2.34336490e+05 6.98648530e+05
 1.54271179e+06 7.00164875e+05 9.96011312e+05 1.58578825e+06
 2.50451650e+06 3.51377925e+06 5.07849300e+06]
redshift is  0.0
applying luminosity distance 100
applying dust parameters
adding dust emission
dust type set by config file: 0
in the dust_type=0 if statement
model: :::::::
<class 'prospect.models.sedmodel.SedModel'>

Free Parameters: (name: prior) 
-----------
  mass: <class 'prospect.models.priors.LogUniform'>(mini=100000000.0,maxi=10000000000000.0)
  logzsol: <class 'prospect.models.priors.TopHat'>(mini=-2.0,maxi=0.5)
  dust2: <class 'prospect.models.priors.TopHat'>(mini=0.0,maxi=10.0)
  tage: <class 'prospect.models.priors.LogUniform'>(mini=0.1,maxi=14)
  tau: <class 'prospect.models.priors.LogUniform'>(mini=0.1,maxi=50)
  duste_umin: <class 'prospect.models.priors.TopHat'>(mini=0.1,maxi=25.0)
  duste_qpah: <class 'prospect.models.priors.TopHat'>(mini=0.0,maxi=10.0)
  duste_gamma: <class 'prospect.models.priors.TopHat'>(mini=0.0,maxi=1.0)
  dust1: <class 'prospect.models.priors.TopHat'>(mini=0.0,maxi=10.0)
  dust_index: <class 'prospect.models.priors.TopHat'>(mini=-5,maxi=5)
  dust1_index: <class 'prospect.models.priors.TopHat'>(mini=-5,maxi=5)

Fixed Parameters: (name: value [, depends_on]) 
-----------
  zred: [0.] 
  sfh: [4] 
  imf_type: [1] 
  dust_type: [0] 
  lumdist: [100] 
  add_dust_emission: [ True] 
number of walkers=256
done burn #0 (16 iterations)
done burn #1 (32 iterations)
done burn #2 (64 iterations)
number of walkers=256
starting production
done production
done fitting
fit file written
/ext3/miniconda3/lib/python3.8/site-packages/prospect-1.0.0-py3.8.egg/prospect/models/priors.py:104: RuntimeWarning: divide by zero encountered in log
/ext3/miniconda3/lib/python3.8/site-packages/prospect-1.0.0-py3.8.egg/prospect/io/write_results.py:290: RuntimeWarning: Could not JSON serialize run_params, pickled instead
/ext3/miniconda3/lib/python3.8/site-packages/prospect-1.0.0-py3.8.egg/prospect/io/write_results.py:290: RuntimeWarning: Could not JSON serialize model_params, pickled instead
maggies [1.29534703e-07 5.71075781e-07 1.12055523e-06 1.58717674e-06
 2.45525607e-06 1.21568017e-08 2.01166223e-08 3.93541812e-06
 5.10151273e-06 4.16986102e-06 2.90991091e-06 1.76373173e-06
 6.75535079e-07 5.53638670e-06 2.84151870e-06 1.91259918e-06
 1.35401481e-06 7.55047311e-07 7.20248281e-06 3.29090957e-04
 9.34239223e-04 3.30620724e-04 6.76602368e-04 9.06003826e-04
 6.28544036e-04 3.60571344e-04 1.61318253e-04]
effective wavelengths [3.54600064e+03 4.66959394e+03 6.15568605e+03 7.47157139e+03
 8.91739872e+03 1.52805975e+03 2.27112579e+03 1.23198415e+04
 1.64200412e+04 2.15670847e+04 3.34610204e+04 4.59520898e+04
 1.15526289e+05 2.20783489e+05 3.53785101e+04 4.47805510e+04
 5.69621966e+04 7.79802047e+04 2.34336490e+05 6.98648530e+05
 1.54271179e+06 7.00164875e+05 9.96011312e+05 1.58578825e+06
 2.50451650e+06 3.51377925e+06 5.07849300e+06]
redshift is  0.0
applying luminosity distance 100
applying dust parameters
adding dust emission
dust type set by config file: 0
in the dust_type=0 if statement
model: :::::::
<class 'prospect.models.sedmodel.SedModel'>

Free Parameters: (name: prior) 
-----------
  mass: <class 'prospect.models.priors.LogUniform'>(mini=100000000.0,maxi=10000000000000.0)
  logzsol: <class 'prospect.models.priors.TopHat'>(mini=-2.0,maxi=0.5)
  dust2: <class 'prospect.models.priors.TopHat'>(mini=0.0,maxi=10.0)
  tage: <class 'prospect.models.priors.LogUniform'>(mini=0.1,maxi=14)
  tau: <class 'prospect.models.priors.LogUniform'>(mini=0.1,maxi=50)
  duste_umin: <class 'prospect.models.priors.TopHat'>(mini=0.1,maxi=25.0)
  duste_qpah: <class 'prospect.models.priors.TopHat'>(mini=0.0,maxi=10.0)
  duste_gamma: <class 'prospect.models.priors.TopHat'>(mini=0.0,maxi=1.0)
  dust1: <class 'prospect.models.priors.TopHat'>(mini=0.0,maxi=10.0)
  dust_index: <class 'prospect.models.priors.TopHat'>(mini=-5,maxi=5)
  dust1_index: <class 'prospect.models.priors.TopHat'>(mini=-5,maxi=5)

Fixed Parameters: (name: value [, depends_on]) 
-----------
  zred: [0.] 
  sfh: [4] 
  imf_type: [1] 
  dust_type: [0] 
  lumdist: [100] 
  add_dust_emission: [ True] 
number of walkers=256
done burn #0 (16 iterations)
done burn #1 (32 iterations)
done burn #2 (64 iterations)
number of walkers=256
starting production
done production
done fitting
fit file written
redshift is  0.0
applying luminosity distance 100
applying dust parameters
adding dust emission
dust type set by config file: 0
in the dust_type=0 if statement
N is 1048576
max percentile 85.84270477294922
max percentile 35.08338928222656
max percentile 87.79640197753906
max percentile 66.96529388427734
max percentile 63.18244934082031
max percentile 50.91285705566406
max percentile 6.469631195068359
max percentile 3.845691680908203
max percentile 52.33745574951172
max percentile 77.08234786987305
max percentile 69.56748962402344
Maximum posterior probability parameters: 
mass 84095182779.10663
logzsol -0.2859183366850026
dust2 1.630950469083133
tage 13.511386434008946
tau 1.7247166631305282
duste_umin 0.5259787082535793
duste_qpah 0.00015842879693452215
duste_gamma 1.454555498301729e-06
dust1 0.611301922806746
dust_index -0.38128597030023814
dust1_index 3.7963407460886884
The code has started
Using DustPedia
SKIRT generated SED already exists
Time to get SKIRT SED: 0:00:00.004178
made it to the end of inc15
redshift is  0.0
applying luminosity distance 100
applying dust parameters
adding dust emission
dust type set by config file: 0
in the dust_type=0 if statement
N is 1048576
max percentile 95.8956241607666
max percentile 70.41497230529785
max percentile 71.75688743591309
max percentile 96.39468193054199
max percentile 69.24986839294434
max percentile 38.64645957946777
max percentile 1.2196063995361328
max percentile 18.302106857299805
max percentile 30.48567771911621
max percentile 88.01379203796387
max percentile 59.81783866882324
Maximum posterior probability parameters: 
mass 106714676188.26747
logzsol -0.24975434761932153
dust2 1.4760265961451107
tage 13.970024325269396
tau 1.8234345824914064
duste_umin 0.6678531176079817
duste_qpah 2.2443663903184532e-05
duste_gamma 6.9046030953564855e-06
dust1 0.6177717494198789
dust_index -0.3580569765464552
dust1_index 3.9466348265348485
The code has started
Using DustPedia
SKIRT generated SED already exists
Time to get SKIRT SED: 0:00:00.002877
made it to the end of inc30
/ext3/miniconda3/lib/python3.8/site-packages/prospect-1.0.0-py3.8.egg/prospect/models/priors.py:104: RuntimeWarning: divide by zero encountered in log
/ext3/miniconda3/lib/python3.8/site-packages/prospect-1.0.0-py3.8.egg/prospect/io/write_results.py:290: RuntimeWarning: Could not JSON serialize run_params, pickled instead
/ext3/miniconda3/lib/python3.8/site-packages/prospect-1.0.0-py3.8.egg/prospect/io/write_results.py:290: RuntimeWarning: Could not JSON serialize model_params, pickled instead
maggies [1.33534988e-07 5.88532142e-07 1.15427633e-06 1.63514791e-06
 2.53063680e-06 1.26434870e-08 2.08588723e-08 4.05493034e-06
 5.24605728e-06 4.27326879e-06 2.95685001e-06 1.78261849e-06
 6.87252766e-07 5.63218437e-06 2.88412809e-06 1.93412701e-06
 1.36492906e-06 7.62311366e-07 7.31067894e-06 3.29630130e-04
 9.34483740e-04 3.31166353e-04 6.77093298e-04 9.06235236e-04
 6.28594866e-04 3.60583567e-04 1.61320670e-04]
effective wavelengths [3.54600064e+03 4.66959394e+03 6.15568605e+03 7.47157139e+03
 8.91739872e+03 1.52805975e+03 2.27112579e+03 1.23198415e+04
 1.64200412e+04 2.15670847e+04 3.34610204e+04 4.59520898e+04
 1.15526289e+05 2.20783489e+05 3.53785101e+04 4.47805510e+04
 5.69621966e+04 7.79802047e+04 2.34336490e+05 6.98648530e+05
 1.54271179e+06 7.00164875e+05 9.96011312e+05 1.58578825e+06
 2.50451650e+06 3.51377925e+06 5.07849300e+06]
redshift is  0.0
applying luminosity distance 100
applying dust parameters
adding dust emission
dust type set by config file: 0
in the dust_type=0 if statement
model: :::::::
<class 'prospect.models.sedmodel.SedModel'>

Free Parameters: (name: prior) 
-----------
  mass: <class 'prospect.models.priors.LogUniform'>(mini=100000000.0,maxi=10000000000000.0)
  logzsol: <class 'prospect.models.priors.TopHat'>(mini=-2.0,maxi=0.5)
  dust2: <class 'prospect.models.priors.TopHat'>(mini=0.0,maxi=10.0)
  tage: <class 'prospect.models.priors.LogUniform'>(mini=0.1,maxi=14)
  tau: <class 'prospect.models.priors.LogUniform'>(mini=0.1,maxi=50)
  duste_umin: <class 'prospect.models.priors.TopHat'>(mini=0.1,maxi=25.0)
  duste_qpah: <class 'prospect.models.priors.TopHat'>(mini=0.0,maxi=10.0)
  duste_gamma: <class 'prospect.models.priors.TopHat'>(mini=0.0,maxi=1.0)
  dust1: <class 'prospect.models.priors.TopHat'>(mini=0.0,maxi=10.0)
  dust_index: <class 'prospect.models.priors.TopHat'>(mini=-5,maxi=5)
  dust1_index: <class 'prospect.models.priors.TopHat'>(mini=-5,maxi=5)

Fixed Parameters: (name: value [, depends_on]) 
-----------
  zred: [0.] 
  sfh: [4] 
  imf_type: [1] 
  dust_type: [0] 
  lumdist: [100] 
  add_dust_emission: [ True] 
number of walkers=256
done burn #0 (16 iterations)
done burn #1 (32 iterations)
done burn #2 (64 iterations)
number of walkers=256
starting production
done production
done fitting
fit file written
redshift is  0.0
applying luminosity distance 100
applying dust parameters
adding dust emission
dust type set by config file: 0
in the dust_type=0 if statement
N is 1048576
max percentile 93.51468086242676
max percentile 78.52940559387207
max percentile 58.65206718444824
max percentile 81.20150566101074
max percentile 67.85054206848145
max percentile 53.839826583862305
max percentile 6.577730178833008
max percentile 28.522062301635742
max percentile 9.614133834838867
max percentile 89.09487724304199
max percentile 29.28004264831543
Maximum posterior probability parameters: 
mass 94414115479.54411
logzsol -0.2511987518723334
dust2 1.5680202676027506
tage 13.811413048392705
tau 1.7594393993739899
duste_umin 0.5911683344279887
duste_qpah 0.00011351943539154342
duste_gamma 9.868256205758604e-06
dust1 0.018300823405820732
dust_index -0.3702104395162234
dust1_index 1.5354268759152427
The code has started
Using DustPedia
SKIRT generated SED already exists
Time to get SKIRT SED: 0:00:03.162564
made it to the end of inc20
redshift is  0.0
applying luminosity distance 100
applying dust parameters
adding dust emission
dust type set by config file: 0
in the dust_type=0 if statement
N is 1048576
max percentile 92.33732223510742
max percentile 62.078094482421875
max percentile 55.54695129394531
max percentile 89.27297592163086
max percentile 67.3013687133789
max percentile 50.34656524658203
max percentile 3.719806671142578
max percentile 3.1312942504882812
max percentile 0.11987686157226562
max percentile 79.23870086669922
max percentile 31.438446044921875
Maximum posterior probability parameters: 
mass 123699650720.17896
logzsol -0.25285597341181637
dust2 1.2268173722385927
tage 13.914435986092437
tau 1.8537397562063316
duste_umin 0.779697494445517
duste_qpah 8.87879116458325e-05
duste_gamma 1.5180106514253244e-06
dust1 0.0006269309100196407
dust_index -0.36977333169798354
dust1_index 2.1524297374794137
The code has started
Using DustPedia
SKIRT generated SED already exists
Time to get SKIRT SED: 0:00:00.001699
made it to the end of inc70
redshift is  0.0
applying luminosity distance 100
applying dust parameters
adding dust emission
dust type set by config file: 0
in the dust_type=0 if statement
N is 1048576
max percentile 69.0981388092041
max percentile 46.59600257873535
max percentile 55.75079917907715
max percentile 84.73458290100098
max percentile 81.68177604675293
max percentile 44.01106834411621
max percentile 3.3744335174560547
max percentile 1.7207622528076172
max percentile 28.64060401916504
max percentile 51.79324150085449
max percentile 48.09155464172363
Maximum posterior probability parameters: 
mass 118435563543.80408
logzsol -0.2649584690619838
dust2 1.2039649313169092
tage 13.86044007371981
tau 1.8984622628452257
duste_umin 0.7640952032502265
duste_qpah 8.956402758795046e-05
duste_gamma 8.631366323325699e-07
dust1 0.5580221053629492
dust_index -0.40968027889737424
dust1_index 3.3761882391501867
The code has started
Using DustPedia
SKIRT generated SED already exists
Time to get SKIRT SED: 0:00:00.001718
made it to the end of inc80
/ext3/miniconda3/lib/python3.8/site-packages/prospect-1.0.0-py3.8.egg/prospect/models/priors.py:104: RuntimeWarning: divide by zero encountered in log
/ext3/miniconda3/lib/python3.8/site-packages/prospect-1.0.0-py3.8.egg/prospect/io/write_results.py:290: RuntimeWarning: Could not JSON serialize run_params, pickled instead
/ext3/miniconda3/lib/python3.8/site-packages/prospect-1.0.0-py3.8.egg/prospect/io/write_results.py:290: RuntimeWarning: Could not JSON serialize model_params, pickled instead
maggies [7.84671423e-08 3.48621222e-07 6.90542688e-07 9.80664886e-07
 1.51724278e-06 5.30016415e-09 1.01396270e-08 2.45331726e-06
 3.25769586e-06 2.76835171e-06 2.16687756e-06 1.43335421e-06
 5.11877185e-07 4.25916978e-06 2.15057280e-06 1.54035869e-06
 1.15387873e-06 6.29798279e-07 5.70710751e-06 3.18319375e-04
 9.28978797e-04 3.19718092e-04 6.66354424e-04 9.01034160e-04
 6.27434072e-04 3.60301160e-04 1.61263677e-04]
effective wavelengths [3.54600064e+03 4.66959394e+03 6.15568605e+03 7.47157139e+03
 8.91739872e+03 1.52805975e+03 2.27112579e+03 1.23198415e+04
 1.64200412e+04 2.15670847e+04 3.34610204e+04 4.59520898e+04
 1.15526289e+05 2.20783489e+05 3.53785101e+04 4.47805510e+04
 5.69621966e+04 7.79802047e+04 2.34336490e+05 6.98648530e+05
 1.54271179e+06 7.00164875e+05 9.96011312e+05 1.58578825e+06
 2.50451650e+06 3.51377925e+06 5.07849300e+06]
redshift is  0.0
applying luminosity distance 100
applying dust parameters
adding dust emission
dust type set by config file: 0
in the dust_type=0 if statement
model: :::::::
<class 'prospect.models.sedmodel.SedModel'>

Free Parameters: (name: prior) 
-----------
  mass: <class 'prospect.models.priors.LogUniform'>(mini=100000000.0,maxi=10000000000000.0)
  logzsol: <class 'prospect.models.priors.TopHat'>(mini=-2.0,maxi=0.5)
  dust2: <class 'prospect.models.priors.TopHat'>(mini=0.0,maxi=10.0)
  tage: <class 'prospect.models.priors.LogUniform'>(mini=0.1,maxi=14)
  tau: <class 'prospect.models.priors.LogUniform'>(mini=0.1,maxi=50)
  duste_umin: <class 'prospect.models.priors.TopHat'>(mini=0.1,maxi=25.0)
  duste_qpah: <class 'prospect.models.priors.TopHat'>(mini=0.0,maxi=10.0)
  duste_gamma: <class 'prospect.models.priors.TopHat'>(mini=0.0,maxi=1.0)
  dust1: <class 'prospect.models.priors.TopHat'>(mini=0.0,maxi=10.0)
  dust_index: <class 'prospect.models.priors.TopHat'>(mini=-5,maxi=5)
  dust1_index: <class 'prospect.models.priors.TopHat'>(mini=-5,maxi=5)

Fixed Parameters: (name: value [, depends_on]) 
-----------
  zred: [0.] 
  sfh: [4] 
  imf_type: [1] 
  dust_type: [0] 
  lumdist: [100] 
  add_dust_emission: [ True] 
number of walkers=256
done burn #0 (16 iterations)
done burn #1 (32 iterations)
done burn #2 (64 iterations)
number of walkers=256
starting production
done production
done fitting
fit file written
redshift is  0.0
applying luminosity distance 100
applying dust parameters
adding dust emission
dust type set by config file: 0
in the dust_type=0 if statement
N is 1048576
max percentile 91.34764671325684
max percentile 41.38684272766113
max percentile 73.62532615661621
max percentile 93.36256980895996
max percentile 73.38910102844238
max percentile 48.751211166381836
max percentile 2.7544498443603516
max percentile 3.4859180450439453
max percentile 52.4172306060791
max percentile 86.16700172424316
max percentile 75.40268898010254
Maximum posterior probability parameters: 
mass 99251167932.72319
logzsol -0.262542911000922
dust2 1.5217743310760365
tage 13.927843913010905
tau 1.8141742058587524
duste_umin 0.6397759938524216
duste_qpah 6.999495480257038e-05
duste_gamma 1.4192342723987815e-06
dust1 0.6355498849744352
dust_index -0.37208214711717086
dust1_index 4.217946264139667
The code has started
Using DustPedia
SKIRT generated SED already exists
Time to get SKIRT SED: 0:00:00.001997
made it to the end of inc25
/ext3/miniconda3/lib/python3.8/site-packages/prospect-1.0.0-py3.8.egg/prospect/models/priors.py:104: RuntimeWarning: divide by zero encountered in log
/ext3/miniconda3/lib/python3.8/site-packages/prospect-1.0.0-py3.8.egg/prospect/io/write_results.py:290: RuntimeWarning: Could not JSON serialize run_params, pickled instead
/ext3/miniconda3/lib/python3.8/site-packages/prospect-1.0.0-py3.8.egg/prospect/io/write_results.py:290: RuntimeWarning: Could not JSON serialize model_params, pickled instead
maggies [1.34871426e-07 5.94527041e-07 1.16575937e-06 1.65110559e-06
 2.55505685e-06 1.28183095e-08 2.10894985e-08 4.09213973e-06
 5.28951065e-06 4.30386167e-06 2.97051815e-06 1.78834961e-06
 6.90569710e-07 5.65620565e-06 2.89639722e-06 1.94063997e-06
 1.36817424e-06 7.64470187e-07 7.33732669e-06 3.29756495e-04
 9.34537726e-04 3.31294093e-04 6.77206284e-04 9.06286830e-04
 6.28605909e-04 3.60586306e-04 1.61321216e-04]
effective wavelengths [3.54600064e+03 4.66959394e+03 6.15568605e+03 7.47157139e+03
 8.91739872e+03 1.52805975e+03 2.27112579e+03 1.23198415e+04
 1.64200412e+04 2.15670847e+04 3.34610204e+04 4.59520898e+04
 1.15526289e+05 2.20783489e+05 3.53785101e+04 4.47805510e+04
 5.69621966e+04 7.79802047e+04 2.34336490e+05 6.98648530e+05
 1.54271179e+06 7.00164875e+05 9.96011312e+05 1.58578825e+06
 2.50451650e+06 3.51377925e+06 5.07849300e+06]
redshift is  0.0
applying luminosity distance 100
applying dust parameters
adding dust emission
dust type set by config file: 0
in the dust_type=0 if statement
model: :::::::
<class 'prospect.models.sedmodel.SedModel'>

Free Parameters: (name: prior) 
-----------
  mass: <class 'prospect.models.priors.LogUniform'>(mini=100000000.0,maxi=10000000000000.0)
  logzsol: <class 'prospect.models.priors.TopHat'>(mini=-2.0,maxi=0.5)
  dust2: <class 'prospect.models.priors.TopHat'>(mini=0.0,maxi=10.0)
  tage: <class 'prospect.models.priors.LogUniform'>(mini=0.1,maxi=14)
  tau: <class 'prospect.models.priors.LogUniform'>(mini=0.1,maxi=50)
  duste_umin: <class 'prospect.models.priors.TopHat'>(mini=0.1,maxi=25.0)
  duste_qpah: <class 'prospect.models.priors.TopHat'>(mini=0.0,maxi=10.0)
  duste_gamma: <class 'prospect.models.priors.TopHat'>(mini=0.0,maxi=1.0)
  dust1: <class 'prospect.models.priors.TopHat'>(mini=0.0,maxi=10.0)
  dust_index: <class 'prospect.models.priors.TopHat'>(mini=-5,maxi=5)
  dust1_index: <class 'prospect.models.priors.TopHat'>(mini=-5,maxi=5)

Fixed Parameters: (name: value [, depends_on]) 
-----------
  zred: [0.] 
  sfh: [4] 
  imf_type: [1] 
  dust_type: [0] 
  lumdist: [100] 
  add_dust_emission: [ True] 
number of walkers=256
done burn #0 (16 iterations)
done burn #1 (32 iterations)
done burn #2 (64 iterations)
number of walkers=256
starting production
done production
done fitting
fit file written
redshift is  0.0
applying luminosity distance 100
applying dust parameters
adding dust emission
dust type set by config file: 0
in the dust_type=0 if statement
N is 1048576
max percentile 92.79074668884277
max percentile 64.82682228088379
max percentile 76.59087181091309
max percentile 89.52183723449707
max percentile 73.41494560241699
max percentile 55.11212348937988
max percentile 0.03733634948730469
max percentile 24.830293655395508
max percentile 15.20848274230957
max percentile 78.69143486022949
max percentile 83.93301963806152
Maximum posterior probability parameters: 
mass 125286614514.28027
logzsol -0.2495656993470989
dust2 1.2202461906330309
tage 13.90954717660485
tau 1.8607495775102132
duste_umin 0.7972491674432158
duste_qpah 1.2207318202984985e-06
duste_gamma 1.4900064929186088e-05
dust1 0.17057298990852193
dust_index -0.3660959246297657
dust1_index 4.529047823726077
The code has started
Using DustPedia
SKIRT generated SED already exists
Time to get SKIRT SED: 0:00:00.001882
made it to the end of inc85
slurmstepd: error: *** JOB 6097340 ON cm29-ib0 CANCELLED AT 2021-04-29T09:40:23 ***
slurmstepd: error: *** JOB 6097335 ON cm12-ib0 CANCELLED AT 2021-04-29T09:40:23 ***
slurmstepd: error: *** JOB 6097327 ON cm02-ib0 CANCELLED AT 2021-04-29T09:40:23 ***
