/ext3/miniconda3/lib/python3.8/site-packages/prospect-1.0.0-py3.8.egg/prospect/models/priors.py:104: RuntimeWarning: divide by zero encountered in log
/ext3/miniconda3/lib/python3.8/site-packages/prospect-1.0.0-py3.8.egg/prospect/io/write_results.py:290: RuntimeWarning: Could not JSON serialize run_params, pickled instead
/ext3/miniconda3/lib/python3.8/site-packages/prospect-1.0.0-py3.8.egg/prospect/io/write_results.py:290: RuntimeWarning: Could not JSON serialize model_params, pickled instead
maggies [4.92982834e-08 2.16839681e-07 4.30939044e-07 6.04645922e-07
 9.12081725e-07 2.32271139e-09 5.44333249e-09]
effective wavelengths [3546.00063828 4669.59393552 6155.68605117 7471.57138923 8917.3987151
 1528.05975153 2271.12579359]
redshift is  0.0
applying luminosity distance 100
applying dust parameters
adding dust emission
dust type set by config file: 0
in the dust_type=0 if statement
model: :::::::
<class 'prospect.models.sedmodel.SedModel'>

Free Parameters: (name: prior) 
-----------
  mass: <class 'prospect.models.priors.LogUniform'>(mini=100000000.0,maxi=10000000000000.0)
  logzsol: <class 'prospect.models.priors.TopHat'>(mini=-2.0,maxi=0.5)
  dust2: <class 'prospect.models.priors.TopHat'>(mini=0.0,maxi=10.0)
  tage: <class 'prospect.models.priors.LogUniform'>(mini=0.1,maxi=14)
  tau: <class 'prospect.models.priors.LogUniform'>(mini=0.1,maxi=50)
  duste_umin: <class 'prospect.models.priors.TopHat'>(mini=0.1,maxi=25.0)
  duste_qpah: <class 'prospect.models.priors.TopHat'>(mini=0.0,maxi=10.0)
  duste_gamma: <class 'prospect.models.priors.TopHat'>(mini=0.0,maxi=1.0)
  dust1: <class 'prospect.models.priors.TopHat'>(mini=0.0,maxi=10.0)
  dust_index: <class 'prospect.models.priors.TopHat'>(mini=-5,maxi=5)
  dust1_index: <class 'prospect.models.priors.TopHat'>(mini=-5,maxi=5)

Fixed Parameters: (name: value [, depends_on]) 
-----------
  zred: [0.] 
  sfh: [4] 
  imf_type: [1] 
  dust_type: [0] 
  lumdist: [100] 
  add_dust_emission: [ True] 
number of walkers=256
done burn #0 (16 iterations)
done burn #1 (32 iterations)
done burn #2 (64 iterations)
number of walkers=256
starting production
done production
done fitting
fit file written
redshift is  0.0
applying luminosity distance 100
applying dust parameters
adding dust emission
dust type set by config file: 0
in the dust_type=0 if statement
N is 1048576
max percentile 1.5635967254638672
max percentile 95.65701484680176
max percentile 14.958429336547852
max percentile 0.8351802825927734
max percentile 0.2608776092529297
max percentile 99.68523979187012
max percentile 96.90976142883301
max percentile 33.30988883972168
max percentile 97.6921558380127
max percentile 52.09031105041504
max percentile 92.4440860748291
Maximum posterior probability parameters: 
mass 27015122370.399536
logzsol 0.18940863448956957
dust2 2.03949889368623
tage 2.1652186593654337
tau 0.2608642011867338
duste_umin 24.92332518777783
duste_qpah 9.748622559134638
duste_gamma 0.3244030897779623
dust1 9.501833835059438
dust_index -0.3490503646498393
dust1_index 3.32232689417801
The code has started
Using GWSLC1
SKIRT generated SED already exists
Time to get SKIRT SED: 0:00:00.001929
made it to the end of inc0
/ext3/miniconda3/lib/python3.8/site-packages/prospect-1.0.0-py3.8.egg/prospect/models/priors.py:104: RuntimeWarning: divide by zero encountered in log
/ext3/miniconda3/lib/python3.8/site-packages/prospect-1.0.0-py3.8.egg/prospect/io/write_results.py:290: RuntimeWarning: Could not JSON serialize run_params, pickled instead
/ext3/miniconda3/lib/python3.8/site-packages/prospect-1.0.0-py3.8.egg/prospect/io/write_results.py:290: RuntimeWarning: Could not JSON serialize model_params, pickled instead
maggies [6.22280260e-08 2.75914765e-07 5.45387063e-07 7.69872079e-07
 1.18149845e-06 3.28246842e-09 7.22072424e-09]
effective wavelengths [3546.00063828 4669.59393552 6155.68605117 7471.57138923 8917.3987151
 1528.05975153 2271.12579359]
redshift is  0.0
applying luminosity distance 100
applying dust parameters
adding dust emission
dust type set by config file: 0
in the dust_type=0 if statement
model: :::::::
<class 'prospect.models.sedmodel.SedModel'>

Free Parameters: (name: prior) 
-----------
  mass: <class 'prospect.models.priors.LogUniform'>(mini=100000000.0,maxi=10000000000000.0)
  logzsol: <class 'prospect.models.priors.TopHat'>(mini=-2.0,maxi=0.5)
  dust2: <class 'prospect.models.priors.TopHat'>(mini=0.0,maxi=10.0)
  tage: <class 'prospect.models.priors.LogUniform'>(mini=0.1,maxi=14)
  tau: <class 'prospect.models.priors.LogUniform'>(mini=0.1,maxi=50)
  duste_umin: <class 'prospect.models.priors.TopHat'>(mini=0.1,maxi=25.0)
  duste_qpah: <class 'prospect.models.priors.TopHat'>(mini=0.0,maxi=10.0)
  duste_gamma: <class 'prospect.models.priors.TopHat'>(mini=0.0,maxi=1.0)
  dust1: <class 'prospect.models.priors.TopHat'>(mini=0.0,maxi=10.0)
  dust_index: <class 'prospect.models.priors.TopHat'>(mini=-5,maxi=5)
  dust1_index: <class 'prospect.models.priors.TopHat'>(mini=-5,maxi=5)

Fixed Parameters: (name: value [, depends_on]) 
-----------
  zred: [0.] 
  sfh: [4] 
  imf_type: [1] 
  dust_type: [0] 
  lumdist: [100] 
  add_dust_emission: [ True] 
number of walkers=256
done burn #0 (16 iterations)
done burn #1 (32 iterations)
done burn #2 (64 iterations)
number of walkers=256
starting production
done production
done fitting
fit file written
redshift is  0.0
applying luminosity distance 100
applying dust parameters
adding dust emission
dust type set by config file: 0
in the dust_type=0 if statement
N is 1048576
max percentile 3.251314163208008
max percentile 96.02370262145996
max percentile 28.925466537475586
max percentile 1.2176990509033203
max percentile 1.0872364044189453
max percentile 47.244977951049805
max percentile 37.29510307312012
max percentile 91.55001640319824
max percentile 69.37136650085449
max percentile 45.39618492126465
max percentile 85.52565574645996
Maximum posterior probability parameters: 
mass 44358234374.05365
logzsol 0.31325731718865435
dust2 2.3478270058080626
tage 2.073919463169571
tau 0.26387399555021807
duste_umin 13.283927536675494
duste_qpah 3.4646000516066473
duste_gamma 0.9141618390936661
dust1 1.6087346075537003
dust_index -0.3591005157805969
dust1_index 2.9568693868327696
The code has started
Using GWSLC1
SKIRT generated SED already exists
Time to get SKIRT SED: 0:00:00.002520
made it to the end of inc15
/ext3/miniconda3/lib/python3.8/site-packages/prospect-1.0.0-py3.8.egg/prospect/models/priors.py:104: RuntimeWarning: divide by zero encountered in log
/ext3/miniconda3/lib/python3.8/site-packages/prospect-1.0.0-py3.8.egg/prospect/io/write_results.py:290: RuntimeWarning: Could not JSON serialize run_params, pickled instead
/ext3/miniconda3/lib/python3.8/site-packages/prospect-1.0.0-py3.8.egg/prospect/io/write_results.py:290: RuntimeWarning: Could not JSON serialize model_params, pickled instead
maggies [5.50184575e-08 2.41309981e-07 4.74976835e-07 6.66537090e-07
 1.01320493e-06 2.81220306e-09 6.34351798e-09]
effective wavelengths [3546.00063828 4669.59393552 6155.68605117 7471.57138923 8917.3987151
 1528.05975153 2271.12579359]
redshift is  0.0
applying luminosity distance 100
applying dust parameters
adding dust emission
dust type set by config file: 0
in the dust_type=0 if statement
model: :::::::
<class 'prospect.models.sedmodel.SedModel'>

Free Parameters: (name: prior) 
-----------
  mass: <class 'prospect.models.priors.LogUniform'>(mini=100000000.0,maxi=10000000000000.0)
  logzsol: <class 'prospect.models.priors.TopHat'>(mini=-2.0,maxi=0.5)
  dust2: <class 'prospect.models.priors.TopHat'>(mini=0.0,maxi=10.0)
  tage: <class 'prospect.models.priors.LogUniform'>(mini=0.1,maxi=14)
  tau: <class 'prospect.models.priors.LogUniform'>(mini=0.1,maxi=50)
  duste_umin: <class 'prospect.models.priors.TopHat'>(mini=0.1,maxi=25.0)
  duste_qpah: <class 'prospect.models.priors.TopHat'>(mini=0.0,maxi=10.0)
  duste_gamma: <class 'prospect.models.priors.TopHat'>(mini=0.0,maxi=1.0)
  dust1: <class 'prospect.models.priors.TopHat'>(mini=0.0,maxi=10.0)
  dust_index: <class 'prospect.models.priors.TopHat'>(mini=-5,maxi=5)
  dust1_index: <class 'prospect.models.priors.TopHat'>(mini=-5,maxi=5)

Fixed Parameters: (name: value [, depends_on]) 
-----------
  zred: [0.] 
  sfh: [4] 
  imf_type: [1] 
  dust_type: [0] 
  lumdist: [100] 
  add_dust_emission: [ True] 
number of walkers=256
done burn #0 (16 iterations)
done burn #1 (32 iterations)
done burn #2 (64 iterations)
number of walkers=256
starting production
done production
done fitting
fit file written
/ext3/miniconda3/lib/python3.8/site-packages/prospect-1.0.0-py3.8.egg/prospect/models/priors.py:104: RuntimeWarning: divide by zero encountered in log
/ext3/miniconda3/lib/python3.8/site-packages/prospect-1.0.0-py3.8.egg/prospect/io/write_results.py:290: RuntimeWarning: Could not JSON serialize run_params, pickled instead
/ext3/miniconda3/lib/python3.8/site-packages/prospect-1.0.0-py3.8.egg/prospect/io/write_results.py:290: RuntimeWarning: Could not JSON serialize model_params, pickled instead
maggies [5.02266552e-08 2.18919380e-07 4.30019342e-07 5.99588904e-07
 9.00158338e-07 2.50667313e-09 5.74760585e-09]
effective wavelengths [3546.00063828 4669.59393552 6155.68605117 7471.57138923 8917.3987151
 1528.05975153 2271.12579359]
redshift is  0.0
applying luminosity distance 100
applying dust parameters
adding dust emission
dust type set by config file: 0
in the dust_type=0 if statement
model: :::::::
<class 'prospect.models.sedmodel.SedModel'>

Free Parameters: (name: prior) 
-----------
  mass: <class 'prospect.models.priors.LogUniform'>(mini=100000000.0,maxi=10000000000000.0)
  logzsol: <class 'prospect.models.priors.TopHat'>(mini=-2.0,maxi=0.5)
  dust2: <class 'prospect.models.priors.TopHat'>(mini=0.0,maxi=10.0)
  tage: <class 'prospect.models.priors.LogUniform'>(mini=0.1,maxi=14)
  tau: <class 'prospect.models.priors.LogUniform'>(mini=0.1,maxi=50)
  duste_umin: <class 'prospect.models.priors.TopHat'>(mini=0.1,maxi=25.0)
  duste_qpah: <class 'prospect.models.priors.TopHat'>(mini=0.0,maxi=10.0)
  duste_gamma: <class 'prospect.models.priors.TopHat'>(mini=0.0,maxi=1.0)
  dust1: <class 'prospect.models.priors.TopHat'>(mini=0.0,maxi=10.0)
  dust_index: <class 'prospect.models.priors.TopHat'>(mini=-5,maxi=5)
  dust1_index: <class 'prospect.models.priors.TopHat'>(mini=-5,maxi=5)

Fixed Parameters: (name: value [, depends_on]) 
-----------
  zred: [0.] 
  sfh: [4] 
  imf_type: [1] 
  dust_type: [0] 
  lumdist: [100] 
  add_dust_emission: [ True] 
number of walkers=256
done burn #0 (16 iterations)
done burn #1 (32 iterations)
done burn #2 (64 iterations)
number of walkers=256
starting production
done production
done fitting
fit file written
redshift is  0.0
applying luminosity distance 100
applying dust parameters
adding dust emission
dust type set by config file: 0
in the dust_type=0 if statement
N is 1048576
max percentile 20.884323120117188
max percentile 97.84364700317383
max percentile 65.11611938476562
max percentile 0.4149436950683594
max percentile 0.14486312866210938
max percentile 25.15125274658203
max percentile 49.639892578125
max percentile 56.05030059814453
max percentile 70.3287124633789
max percentile 67.92449951171875
max percentile 86.23104095458984
Maximum posterior probability parameters: 
mass 81211895834.5592
logzsol 0.31840804250799454
dust2 3.200412504006182
tage 1.802010628489505
tau 0.22610531034427495
duste_umin 6.770615505381355
duste_qpah 4.801658806261188
duste_gamma 0.5973717638279912
dust1 4.487067135773028
dust_index -0.2555181407687827
dust1_index 2.4569712557224466
The code has started
Using GWSLC1
SKIRT generated SED already exists
Time to get SKIRT SED: 0:00:00.002963
made it to the end of inc10
redshift is  0.0
applying luminosity distance 100
applying dust parameters
adding dust emission
dust type set by config file: 0
in the dust_type=0 if statement
N is 1048576
max percentile 2.1711349487304688
max percentile 97.9513168334961
max percentile 24.12405014038086
max percentile 1.2411117553710938
max percentile 1.535797119140625
max percentile 40.450191497802734
max percentile 34.22565460205078
max percentile 44.53258514404297
max percentile 44.152259826660156
max percentile 43.645572662353516
max percentile 50.90456008911133
Maximum posterior probability parameters: 
mass 28941678237.65556
logzsol 0.3784118780343799
dust2 2.090069278507286
tage 2.1280227234155333
tau 0.2834649013245262
duste_umin 10.631017173128425
duste_qpah 3.465534359800577
duste_gamma 0.4322654619163483
dust1 1.5195449071957097
dust_index -0.35868888949232686
dust1_index 0.32003295993972675
The code has started
Using GWSLC1
SKIRT generated SED already exists
Time to get SKIRT SED: 0:00:00.002239
made it to the end of inc5
/ext3/miniconda3/lib/python3.8/site-packages/prospect-1.0.0-py3.8.egg/prospect/models/priors.py:104: RuntimeWarning: divide by zero encountered in log
/ext3/miniconda3/lib/python3.8/site-packages/prospect-1.0.0-py3.8.egg/prospect/io/write_results.py:290: RuntimeWarning: Could not JSON serialize run_params, pickled instead
/ext3/miniconda3/lib/python3.8/site-packages/prospect-1.0.0-py3.8.egg/prospect/io/write_results.py:290: RuntimeWarning: Could not JSON serialize model_params, pickled instead
maggies [1.33534988e-07 5.88532142e-07 1.15427633e-06 1.63514791e-06
 2.53063680e-06 1.26434870e-08 2.08588723e-08]
effective wavelengths [3546.00063828 4669.59393552 6155.68605117 7471.57138923 8917.3987151
 1528.05975153 2271.12579359]
redshift is  0.0
applying luminosity distance 100
applying dust parameters
adding dust emission
dust type set by config file: 0
in the dust_type=0 if statement
model: :::::::
<class 'prospect.models.sedmodel.SedModel'>

Free Parameters: (name: prior) 
-----------
  mass: <class 'prospect.models.priors.LogUniform'>(mini=100000000.0,maxi=10000000000000.0)
  logzsol: <class 'prospect.models.priors.TopHat'>(mini=-2.0,maxi=0.5)
  dust2: <class 'prospect.models.priors.TopHat'>(mini=0.0,maxi=10.0)
  tage: <class 'prospect.models.priors.LogUniform'>(mini=0.1,maxi=14)
  tau: <class 'prospect.models.priors.LogUniform'>(mini=0.1,maxi=50)
  duste_umin: <class 'prospect.models.priors.TopHat'>(mini=0.1,maxi=25.0)
  duste_qpah: <class 'prospect.models.priors.TopHat'>(mini=0.0,maxi=10.0)
  duste_gamma: <class 'prospect.models.priors.TopHat'>(mini=0.0,maxi=1.0)
  dust1: <class 'prospect.models.priors.TopHat'>(mini=0.0,maxi=10.0)
  dust_index: <class 'prospect.models.priors.TopHat'>(mini=-5,maxi=5)
  dust1_index: <class 'prospect.models.priors.TopHat'>(mini=-5,maxi=5)

Fixed Parameters: (name: value [, depends_on]) 
-----------
  zred: [0.] 
  sfh: [4] 
  imf_type: [1] 
  dust_type: [0] 
  lumdist: [100] 
  add_dust_emission: [ True] 
number of walkers=256
done burn #0 (16 iterations)
done burn #1 (32 iterations)
done burn #2 (64 iterations)
number of walkers=256
starting production
done production
done fitting
fit file written
redshift is  0.0
applying luminosity distance 100
applying dust parameters
adding dust emission
dust type set by config file: 0
in the dust_type=0 if statement
N is 1048576
max percentile 2.6787757873535156
max percentile 98.93341064453125
max percentile 28.71685028076172
max percentile 1.36260986328125
max percentile 0.8352279663085938
max percentile 15.913200378417969
max percentile 72.320556640625
max percentile 20.60708999633789
max percentile 91.13388061523438
max percentile 29.166030883789062
max percentile 86.54203414916992
Maximum posterior probability parameters: 
mass 41044080851.8784
logzsol 0.4752008681748049
dust2 1.2035138456610421
tage 2.6012526364386908
tau 0.36567140665056497
duste_umin 3.644437779081322
duste_qpah 7.389245536740238
duste_gamma 0.24196369934646694
dust1 6.124723502966931
dust_index -0.5465818542327165
dust1_index 2.9005177268216014
The code has started
Using GWSLC1
SKIRT generated SED already exists
Time to get SKIRT SED: 0:00:00.002898
made it to the end of inc80
/ext3/miniconda3/lib/python3.8/site-packages/prospect-1.0.0-py3.8.egg/prospect/models/priors.py:104: RuntimeWarning: divide by zero encountered in log
/ext3/miniconda3/lib/python3.8/site-packages/prospect-1.0.0-py3.8.egg/prospect/io/write_results.py:290: RuntimeWarning: Could not JSON serialize run_params, pickled instead
/ext3/miniconda3/lib/python3.8/site-packages/prospect-1.0.0-py3.8.egg/prospect/io/write_results.py:290: RuntimeWarning: Could not JSON serialize model_params, pickled instead
maggies [7.00849262e-08 3.12641618e-07 6.19763539e-07 8.78284994e-07
 1.35509004e-06 4.03755291e-09 8.40395794e-09]
effective wavelengths [3546.00063828 4669.59393552 6155.68605117 7471.57138923 8917.3987151
 1528.05975153 2271.12579359]
redshift is  0.0
applying luminosity distance 100
applying dust parameters
adding dust emission
dust type set by config file: 0
in the dust_type=0 if statement
model: :::::::
<class 'prospect.models.sedmodel.SedModel'>

Free Parameters: (name: prior) 
-----------
  mass: <class 'prospect.models.priors.LogUniform'>(mini=100000000.0,maxi=10000000000000.0)
  logzsol: <class 'prospect.models.priors.TopHat'>(mini=-2.0,maxi=0.5)
  dust2: <class 'prospect.models.priors.TopHat'>(mini=0.0,maxi=10.0)
  tage: <class 'prospect.models.priors.LogUniform'>(mini=0.1,maxi=14)
  tau: <class 'prospect.models.priors.LogUniform'>(mini=0.1,maxi=50)
  duste_umin: <class 'prospect.models.priors.TopHat'>(mini=0.1,maxi=25.0)
  duste_qpah: <class 'prospect.models.priors.TopHat'>(mini=0.0,maxi=10.0)
  duste_gamma: <class 'prospect.models.priors.TopHat'>(mini=0.0,maxi=1.0)
  dust1: <class 'prospect.models.priors.TopHat'>(mini=0.0,maxi=10.0)
  dust_index: <class 'prospect.models.priors.TopHat'>(mini=-5,maxi=5)
  dust1_index: <class 'prospect.models.priors.TopHat'>(mini=-5,maxi=5)

Fixed Parameters: (name: value [, depends_on]) 
-----------
  zred: [0.] 
  sfh: [4] 
  imf_type: [1] 
  dust_type: [0] 
  lumdist: [100] 
  add_dust_emission: [ True] 
number of walkers=256
done burn #0 (16 iterations)
done burn #1 (32 iterations)
done burn #2 (64 iterations)
number of walkers=256
starting production
done production
done fitting
fit file written
/ext3/miniconda3/lib/python3.8/site-packages/prospect-1.0.0-py3.8.egg/prospect/models/priors.py:104: RuntimeWarning: divide by zero encountered in log
/ext3/miniconda3/lib/python3.8/site-packages/prospect-1.0.0-py3.8.egg/prospect/io/write_results.py:290: RuntimeWarning: Could not JSON serialize run_params, pickled instead
/ext3/miniconda3/lib/python3.8/site-packages/prospect-1.0.0-py3.8.egg/prospect/io/write_results.py:290: RuntimeWarning: Could not JSON serialize model_params, pickled instead
maggies [7.84671423e-08 3.48621222e-07 6.90542688e-07 9.80664886e-07
 1.51724278e-06 5.30016415e-09 1.01396270e-08]
effective wavelengths [3546.00063828 4669.59393552 6155.68605117 7471.57138923 8917.3987151
 1528.05975153 2271.12579359]
redshift is  0.0
applying luminosity distance 100
applying dust parameters
adding dust emission
dust type set by config file: 0
in the dust_type=0 if statement
model: :::::::
<class 'prospect.models.sedmodel.SedModel'>

Free Parameters: (name: prior) 
-----------
  mass: <class 'prospect.models.priors.LogUniform'>(mini=100000000.0,maxi=10000000000000.0)
  logzsol: <class 'prospect.models.priors.TopHat'>(mini=-2.0,maxi=0.5)
  dust2: <class 'prospect.models.priors.TopHat'>(mini=0.0,maxi=10.0)
  tage: <class 'prospect.models.priors.LogUniform'>(mini=0.1,maxi=14)
  tau: <class 'prospect.models.priors.LogUniform'>(mini=0.1,maxi=50)
  duste_umin: <class 'prospect.models.priors.TopHat'>(mini=0.1,maxi=25.0)
  duste_qpah: <class 'prospect.models.priors.TopHat'>(mini=0.0,maxi=10.0)
  duste_gamma: <class 'prospect.models.priors.TopHat'>(mini=0.0,maxi=1.0)
  dust1: <class 'prospect.models.priors.TopHat'>(mini=0.0,maxi=10.0)
  dust_index: <class 'prospect.models.priors.TopHat'>(mini=-5,maxi=5)
  dust1_index: <class 'prospect.models.priors.TopHat'>(mini=-5,maxi=5)

Fixed Parameters: (name: value [, depends_on]) 
-----------
  zred: [0.] 
  sfh: [4] 
  imf_type: [1] 
  dust_type: [0] 
  lumdist: [100] 
  add_dust_emission: [ True] 
number of walkers=256
done burn #0 (16 iterations)
done burn #1 (32 iterations)
done burn #2 (64 iterations)
number of walkers=256
starting production
done production
done fitting
fit file written
/ext3/miniconda3/lib/python3.8/site-packages/prospect-1.0.0-py3.8.egg/prospect/models/priors.py:104: RuntimeWarning: divide by zero encountered in log
/ext3/miniconda3/lib/python3.8/site-packages/prospect-1.0.0-py3.8.egg/prospect/io/write_results.py:290: RuntimeWarning: Could not JSON serialize run_params, pickled instead
/ext3/miniconda3/lib/python3.8/site-packages/prospect-1.0.0-py3.8.egg/prospect/io/write_results.py:290: RuntimeWarning: Could not JSON serialize model_params, pickled instead
maggies [1.21452478e-07 5.29035643e-07 1.03513909e-06 1.46328517e-06
 2.26135975e-06 1.29367797e-08 2.02562283e-08]
effective wavelengths [3546.00063828 4669.59393552 6155.68605117 7471.57138923 8917.3987151
 1528.05975153 2271.12579359]
redshift is  0.0
applying luminosity distance 100
applying dust parameters
adding dust emission
dust type set by config file: 0
in the dust_type=0 if statement
model: :::::::
<class 'prospect.models.sedmodel.SedModel'>

Free Parameters: (name: prior) 
-----------
  mass: <class 'prospect.models.priors.LogUniform'>(mini=100000000.0,maxi=10000000000000.0)
  logzsol: <class 'prospect.models.priors.TopHat'>(mini=-2.0,maxi=0.5)
  dust2: <class 'prospect.models.priors.TopHat'>(mini=0.0,maxi=10.0)
  tage: <class 'prospect.models.priors.LogUniform'>(mini=0.1,maxi=14)
  tau: <class 'prospect.models.priors.LogUniform'>(mini=0.1,maxi=50)
  duste_umin: <class 'prospect.models.priors.TopHat'>(mini=0.1,maxi=25.0)
  duste_qpah: <class 'prospect.models.priors.TopHat'>(mini=0.0,maxi=10.0)
  duste_gamma: <class 'prospect.models.priors.TopHat'>(mini=0.0,maxi=1.0)
  dust1: <class 'prospect.models.priors.TopHat'>(mini=0.0,maxi=10.0)
  dust_index: <class 'prospect.models.priors.TopHat'>(mini=-5,maxi=5)
  dust1_index: <class 'prospect.models.priors.TopHat'>(mini=-5,maxi=5)

Fixed Parameters: (name: value [, depends_on]) 
-----------
  zred: [0.] 
  sfh: [4] 
  imf_type: [1] 
  dust_type: [0] 
  lumdist: [100] 
  add_dust_emission: [ True] 
number of walkers=256
done burn #0 (16 iterations)
done burn #1 (32 iterations)
done burn #2 (64 iterations)
number of walkers=256
starting production
done production
done fitting
fit file written
/ext3/miniconda3/lib/python3.8/site-packages/prospect-1.0.0-py3.8.egg/prospect/models/priors.py:104: RuntimeWarning: divide by zero encountered in log
/ext3/miniconda3/lib/python3.8/site-packages/prospect-1.0.0-py3.8.egg/prospect/io/write_results.py:290: RuntimeWarning: Could not JSON serialize run_params, pickled instead
/ext3/miniconda3/lib/python3.8/site-packages/prospect-1.0.0-py3.8.egg/prospect/io/write_results.py:290: RuntimeWarning: Could not JSON serialize model_params, pickled instead
maggies [8.70327445e-08 3.85562722e-07 7.62397237e-07 1.08279022e-06
 1.67552896e-06 6.50308478e-09 1.18121296e-08]
effective wavelengths [3546.00063828 4669.59393552 6155.68605117 7471.57138923 8917.3987151
 1528.05975153 2271.12579359]
redshift is  0.0
applying luminosity distance 100
applying dust parameters
adding dust emission
dust type set by config file: 0
in the dust_type=0 if statement
model: :::::::
<class 'prospect.models.sedmodel.SedModel'>

Free Parameters: (name: prior) 
-----------
  mass: <class 'prospect.models.priors.LogUniform'>(mini=100000000.0,maxi=10000000000000.0)
  logzsol: <class 'prospect.models.priors.TopHat'>(mini=-2.0,maxi=0.5)
  dust2: <class 'prospect.models.priors.TopHat'>(mini=0.0,maxi=10.0)
  tage: <class 'prospect.models.priors.LogUniform'>(mini=0.1,maxi=14)
  tau: <class 'prospect.models.priors.LogUniform'>(mini=0.1,maxi=50)
  duste_umin: <class 'prospect.models.priors.TopHat'>(mini=0.1,maxi=25.0)
  duste_qpah: <class 'prospect.models.priors.TopHat'>(mini=0.0,maxi=10.0)
  duste_gamma: <class 'prospect.models.priors.TopHat'>(mini=0.0,maxi=1.0)
  dust1: <class 'prospect.models.priors.TopHat'>(mini=0.0,maxi=10.0)
  dust_index: <class 'prospect.models.priors.TopHat'>(mini=-5,maxi=5)
  dust1_index: <class 'prospect.models.priors.TopHat'>(mini=-5,maxi=5)

Fixed Parameters: (name: value [, depends_on]) 
-----------
  zred: [0.] 
  sfh: [4] 
  imf_type: [1] 
  dust_type: [0] 
  lumdist: [100] 
  add_dust_emission: [ True] 
number of walkers=256
done burn #0 (16 iterations)
done burn #1 (32 iterations)
done burn #2 (64 iterations)
number of walkers=256
starting production
done production
done fitting
fit file written
redshift is  0.0
applying luminosity distance 100
applying dust parameters
adding dust emission
dust type set by config file: 0
in the dust_type=0 if statement
N is 1048576
max percentile 3.315448760986328
max percentile 94.4131851196289
max percentile 21.439361572265625
max percentile 2.1715164184570312
max percentile 1.2907028198242188
max percentile 17.878150939941406
max percentile 35.10417938232422
max percentile 67.41323471069336
max percentile 32.65562057495117
max percentile 61.360740661621094
max percentile 80.78718185424805
Maximum posterior probability parameters: 
mass 38854857969.04413
logzsol 0.22299591416782072
dust2 1.9328649687972879
tage 2.5245657337419445
tau 0.32176074504799296
duste_umin 4.13741930106796
duste_qpah 3.3189771733841305
duste_gamma 0.6783221685347451
dust1 0.9428473990973507
dust_index -0.3845007785592073
dust1_index 1.5373014129582139
The code has started
Using GWSLC1
SKIRT generated SED already exists
Time to get SKIRT SED: 0:00:00.002798
made it to the end of inc20
/ext3/miniconda3/lib/python3.8/site-packages/prospect-1.0.0-py3.8.egg/prospect/models/priors.py:104: RuntimeWarning: divide by zero encountered in log
/ext3/miniconda3/lib/python3.8/site-packages/prospect-1.0.0-py3.8.egg/prospect/io/write_results.py:290: RuntimeWarning: Could not JSON serialize run_params, pickled instead
/ext3/miniconda3/lib/python3.8/site-packages/prospect-1.0.0-py3.8.egg/prospect/io/write_results.py:290: RuntimeWarning: Could not JSON serialize model_params, pickled instead
maggies [1.09853222e-07 4.81573229e-07 9.45306748e-07 1.33808834e-06
 2.06857077e-06 1.04952949e-08 1.71240040e-08]
effective wavelengths [3546.00063828 4669.59393552 6155.68605117 7471.57138923 8917.3987151
 1528.05975153 2271.12579359]
redshift is  0.0
applying luminosity distance 100
applying dust parameters
adding dust emission
dust type set by config file: 0
in the dust_type=0 if statement
model: :::::::
<class 'prospect.models.sedmodel.SedModel'>

Free Parameters: (name: prior) 
-----------
  mass: <class 'prospect.models.priors.LogUniform'>(mini=100000000.0,maxi=10000000000000.0)
  logzsol: <class 'prospect.models.priors.TopHat'>(mini=-2.0,maxi=0.5)
  dust2: <class 'prospect.models.priors.TopHat'>(mini=0.0,maxi=10.0)
  tage: <class 'prospect.models.priors.LogUniform'>(mini=0.1,maxi=14)
  tau: <class 'prospect.models.priors.LogUniform'>(mini=0.1,maxi=50)
  duste_umin: <class 'prospect.models.priors.TopHat'>(mini=0.1,maxi=25.0)
  duste_qpah: <class 'prospect.models.priors.TopHat'>(mini=0.0,maxi=10.0)
  duste_gamma: <class 'prospect.models.priors.TopHat'>(mini=0.0,maxi=1.0)
  dust1: <class 'prospect.models.priors.TopHat'>(mini=0.0,maxi=10.0)
  dust_index: <class 'prospect.models.priors.TopHat'>(mini=-5,maxi=5)
  dust1_index: <class 'prospect.models.priors.TopHat'>(mini=-5,maxi=5)

Fixed Parameters: (name: value [, depends_on]) 
-----------
  zred: [0.] 
  sfh: [4] 
  imf_type: [1] 
  dust_type: [0] 
  lumdist: [100] 
  add_dust_emission: [ True] 
number of walkers=256
done burn #0 (16 iterations)
done burn #1 (32 iterations)
done burn #2 (64 iterations)
number of walkers=256
starting production
done production
done fitting
fit file written
redshift is  0.0
applying luminosity distance 100
applying dust parameters
adding dust emission
dust type set by config file: 0
in the dust_type=0 if statement
N is 1048576
max percentile 0.4595756530761719
max percentile 96.13761901855469
max percentile 6.764793395996094
max percentile 1.3733863830566406
max percentile 0.6312370300292969
max percentile 35.520267486572266
max percentile 61.194515228271484
max percentile 3.980731964111328
max percentile 45.39518356323242
max percentile 51.11074447631836
max percentile 81.62364959716797
Maximum posterior probability parameters: 
mass 35942631000.61116
logzsol 0.274816923330375
dust2 1.5850718426345844
tage 2.96061016525565
tau 0.4098284585338291
duste_umin 7.401354375325439
duste_qpah 6.0359541962869905
duste_gamma 0.041333064225839156
dust1 1.3045342022819773
dust_index -0.46746577619441365
dust1_index 0.8385293172173833
The code has started
Using GWSLC1
SKIRT generated SED already exists
Time to get SKIRT SED: 0:00:00.001875
made it to the end of inc25
redshift is  0.0
applying luminosity distance 100
applying dust parameters
adding dust emission
dust type set by config file: 0
in the dust_type=0 if statement
N is 1048576
max percentile 9.379434585571289
max percentile 95.83563804626465
max percentile 29.307985305786133
max percentile 3.552865982055664
max percentile 2.2211551666259766
max percentile 72.47300148010254
max percentile 19.975900650024414
max percentile 79.68029975891113
max percentile 97.80821800231934
max percentile 52.18644142150879
max percentile 95.84774971008301
Maximum posterior probability parameters: 
mass 50532865250.46912
logzsol 0.4334056040974744
dust2 1.2693079771935551
tage 3.3754340126605378
tau 0.45279268309206855
duste_umin 17.50161611884968
duste_qpah 1.8888315905308088
duste_gamma 0.8044747103204473
dust1 9.348996399545978
dust_index -0.40472718619908543
dust1_index 3.9868993952259886
The code has started
Using GWSLC1
SKIRT generated SED already exists
Time to get SKIRT SED: 0:00:00.003902
made it to the end of inc55
redshift is  0.0
applying luminosity distance 100
applying dust parameters
adding dust emission
dust type set by config file: 0
in the dust_type=0 if statement
N is 1048576
max percentile 6.201171875
max percentile 97.137451171875
max percentile 25.701427459716797
max percentile 1.9173622131347656
max percentile 1.7325401306152344
max percentile 76.62191390991211
max percentile 9.256267547607422
max percentile 81.60362243652344
max percentile 53.88603210449219
max percentile 45.65925598144531
max percentile 64.42718505859375
Maximum posterior probability parameters: 
mass 40133110590.80934
logzsol 0.36750364114548373
dust2 1.4585651938382842
tage 3.0663383856129496
tau 0.4042859145191845
duste_umin 19.311160479030384
duste_qpah 0.8920295202565969
duste_gamma 0.8350170867833461
dust1 1.2499509546423364
dust_index -0.4353885946915773
dust1_index 1.2295960248475017
The code has started
Using GWSLC1
SKIRT generated SED already exists
Time to get SKIRT SED: 0:00:00.003771
made it to the end of inc30
/ext3/miniconda3/lib/python3.8/site-packages/prospect-1.0.0-py3.8.egg/prospect/models/priors.py:104: RuntimeWarning: divide by zero encountered in log
/ext3/miniconda3/lib/python3.8/site-packages/prospect-1.0.0-py3.8.egg/prospect/io/write_results.py:290: RuntimeWarning: Could not JSON serialize run_params, pickled instead
/ext3/miniconda3/lib/python3.8/site-packages/prospect-1.0.0-py3.8.egg/prospect/io/write_results.py:290: RuntimeWarning: Could not JSON serialize model_params, pickled instead
maggies [9.49167519e-08 4.20586118e-07 8.30506780e-07 1.17856652e-06
 1.82322475e-06 7.38984208e-09 1.31566925e-08]
effective wavelengths [3546.00063828 4669.59393552 6155.68605117 7471.57138923 8917.3987151
 1528.05975153 2271.12579359]
redshift is  0.0
applying luminosity distance 100
applying dust parameters
adding dust emission
dust type set by config file: 0
in the dust_type=0 if statement
model: :::::::
<class 'prospect.models.sedmodel.SedModel'>

Free Parameters: (name: prior) 
-----------
  mass: <class 'prospect.models.priors.LogUniform'>(mini=100000000.0,maxi=10000000000000.0)
  logzsol: <class 'prospect.models.priors.TopHat'>(mini=-2.0,maxi=0.5)
  dust2: <class 'prospect.models.priors.TopHat'>(mini=0.0,maxi=10.0)
  tage: <class 'prospect.models.priors.LogUniform'>(mini=0.1,maxi=14)
  tau: <class 'prospect.models.priors.LogUniform'>(mini=0.1,maxi=50)
  duste_umin: <class 'prospect.models.priors.TopHat'>(mini=0.1,maxi=25.0)
  duste_qpah: <class 'prospect.models.priors.TopHat'>(mini=0.0,maxi=10.0)
  duste_gamma: <class 'prospect.models.priors.TopHat'>(mini=0.0,maxi=1.0)
  dust1: <class 'prospect.models.priors.TopHat'>(mini=0.0,maxi=10.0)
  dust_index: <class 'prospect.models.priors.TopHat'>(mini=-5,maxi=5)
  dust1_index: <class 'prospect.models.priors.TopHat'>(mini=-5,maxi=5)

Fixed Parameters: (name: value [, depends_on]) 
-----------
  zred: [0.] 
  sfh: [4] 
  imf_type: [1] 
  dust_type: [0] 
  lumdist: [100] 
  add_dust_emission: [ True] 
number of walkers=256
done burn #0 (16 iterations)
done burn #1 (32 iterations)
done burn #2 (64 iterations)
number of walkers=256
starting production
done production
done fitting
fit file written
redshift is  0.0
applying luminosity distance 100
applying dust parameters
adding dust emission
dust type set by config file: 0
in the dust_type=0 if statement
N is 1048576
max percentile 18.176603317260742
max percentile 91.42136573791504
max percentile 49.58939552307129
max percentile 0.4157543182373047
max percentile 0.37369728088378906
max percentile 97.61233329772949
max percentile 40.23776054382324
max percentile 44.38605308532715
max percentile 97.91855812072754
max percentile 65.83590507507324
max percentile 95.13535499572754
Maximum posterior probability parameters: 
mass 88599041703.24991
logzsol 0.23701735414117706
dust2 2.278448698828691
tage 2.728333989753137
tau 0.38343814649694385
duste_umin 24.41338772524269
duste_qpah 4.502560193165575
duste_gamma 0.4433784446784862
dust1 9.62176143066397
dust_index -0.33601809304528346
dust1_index 3.6773098841095386
The code has started
Using GWSLC1
SKIRT generated SED already exists
Time to get SKIRT SED: 0:00:00.002772
made it to the end of inc45
redshift is  0.0
applying luminosity distance 100
applying dust parameters
adding dust emission
dust type set by config file: 0
in the dust_type=0 if statement
N is 1048576
max percentile 11.223602294921875
max percentile 93.79940032958984
max percentile 34.31253433227539
max percentile 1.3213157653808594
max percentile 0.9038925170898438
max percentile 57.04374313354492
max percentile 19.135665893554688
max percentile 22.446823120117188
max percentile 38.07220458984375
max percentile 63.93146514892578
max percentile 71.58946990966797
Maximum posterior probability parameters: 
mass 64594131462.95099
logzsol 0.29381283742301884
dust2 1.960011954761204
tage 2.860252243297913
tau 0.3742638306053107
duste_umin 14.02762184038042
duste_qpah 2.132733752415759
duste_gamma 0.17860089167786874
dust1 1.600738404194268
dust_index -0.31917342189456266
dust1_index 1.4732287499103907
The code has started
Using GWSLC1
SKIRT generated SED already exists
Time to get SKIRT SED: 0:00:00.002852
made it to the end of inc35
/ext3/miniconda3/lib/python3.8/site-packages/prospect-1.0.0-py3.8.egg/prospect/models/priors.py:104: RuntimeWarning: divide by zero encountered in log
/ext3/miniconda3/lib/python3.8/site-packages/prospect-1.0.0-py3.8.egg/prospect/io/write_results.py:290: RuntimeWarning: Could not JSON serialize run_params, pickled instead
/ext3/miniconda3/lib/python3.8/site-packages/prospect-1.0.0-py3.8.egg/prospect/io/write_results.py:290: RuntimeWarning: Could not JSON serialize model_params, pickled instead
maggies [1.27648804e-07 5.60269234e-07 1.09810503e-06 1.55424721e-06
 2.40343448e-06 1.25980149e-08 2.03979539e-08]
effective wavelengths [3546.00063828 4669.59393552 6155.68605117 7471.57138923 8917.3987151
 1528.05975153 2271.12579359]
redshift is  0.0
applying luminosity distance 100
applying dust parameters
adding dust emission
dust type set by config file: 0
in the dust_type=0 if statement
model: :::::::
<class 'prospect.models.sedmodel.SedModel'>

Free Parameters: (name: prior) 
-----------
  mass: <class 'prospect.models.priors.LogUniform'>(mini=100000000.0,maxi=10000000000000.0)
  logzsol: <class 'prospect.models.priors.TopHat'>(mini=-2.0,maxi=0.5)
  dust2: <class 'prospect.models.priors.TopHat'>(mini=0.0,maxi=10.0)
  tage: <class 'prospect.models.priors.LogUniform'>(mini=0.1,maxi=14)
  tau: <class 'prospect.models.priors.LogUniform'>(mini=0.1,maxi=50)
  duste_umin: <class 'prospect.models.priors.TopHat'>(mini=0.1,maxi=25.0)
  duste_qpah: <class 'prospect.models.priors.TopHat'>(mini=0.0,maxi=10.0)
  duste_gamma: <class 'prospect.models.priors.TopHat'>(mini=0.0,maxi=1.0)
  dust1: <class 'prospect.models.priors.TopHat'>(mini=0.0,maxi=10.0)
  dust_index: <class 'prospect.models.priors.TopHat'>(mini=-5,maxi=5)
  dust1_index: <class 'prospect.models.priors.TopHat'>(mini=-5,maxi=5)

Fixed Parameters: (name: value [, depends_on]) 
-----------
  zred: [0.] 
  sfh: [4] 
  imf_type: [1] 
  dust_type: [0] 
  lumdist: [100] 
  add_dust_emission: [ True] 
number of walkers=256
done burn #0 (16 iterations)
done burn #1 (32 iterations)
done burn #2 (64 iterations)
number of walkers=256
starting production
done production
done fitting
fit file written
redshift is  0.0
applying luminosity distance 100
applying dust parameters
adding dust emission
dust type set by config file: 0
in the dust_type=0 if statement
N is 1048576
max percentile 5.991363525390625
max percentile 99.76511001586914
max percentile 33.2341194152832
max percentile 0.8219718933105469
max percentile 1.0866165161132812
max percentile 64.55926895141602
max percentile 64.90459442138672
max percentile 81.18762969970703
max percentile 79.22992706298828
max percentile 40.892601013183594
max percentile 74.8159408569336
Maximum posterior probability parameters: 
mass 44717510498.36837
logzsol 0.4957643555782245
dust2 1.2543860430609803
tage 2.8712773651708003
tau 0.4151751670949455
duste_umin 16.29535834361144
duste_qpah 6.414233584743625
duste_gamma 0.7825388152738852
dust1 4.017311728187627
dust_index -0.5095106986192566
dust1_index 1.9179425962992243
The code has started
Using GWSLC1
SKIRT generated SED already exists
Time to get SKIRT SED: 0:00:00.001977
made it to the end of inc65
/ext3/miniconda3/lib/python3.8/site-packages/prospect-1.0.0-py3.8.egg/prospect/models/priors.py:104: RuntimeWarning: divide by zero encountered in log
/ext3/miniconda3/lib/python3.8/site-packages/prospect-1.0.0-py3.8.egg/prospect/io/write_results.py:290: RuntimeWarning: Could not JSON serialize run_params, pickled instead
/ext3/miniconda3/lib/python3.8/site-packages/prospect-1.0.0-py3.8.egg/prospect/io/write_results.py:290: RuntimeWarning: Could not JSON serialize model_params, pickled instead
maggies [1.16178813e-07 5.06637520e-07 9.92207435e-07 1.40327797e-06
 2.16867916e-06 1.20521508e-08 1.90555388e-08]
effective wavelengths [3546.00063828 4669.59393552 6155.68605117 7471.57138923 8917.3987151
 1528.05975153 2271.12579359]
redshift is  0.0
applying luminosity distance 100
applying dust parameters
adding dust emission
dust type set by config file: 0
in the dust_type=0 if statement
model: :::::::
<class 'prospect.models.sedmodel.SedModel'>

Free Parameters: (name: prior) 
-----------
  mass: <class 'prospect.models.priors.LogUniform'>(mini=100000000.0,maxi=10000000000000.0)
  logzsol: <class 'prospect.models.priors.TopHat'>(mini=-2.0,maxi=0.5)
  dust2: <class 'prospect.models.priors.TopHat'>(mini=0.0,maxi=10.0)
  tage: <class 'prospect.models.priors.LogUniform'>(mini=0.1,maxi=14)
  tau: <class 'prospect.models.priors.LogUniform'>(mini=0.1,maxi=50)
  duste_umin: <class 'prospect.models.priors.TopHat'>(mini=0.1,maxi=25.0)
  duste_qpah: <class 'prospect.models.priors.TopHat'>(mini=0.0,maxi=10.0)
  duste_gamma: <class 'prospect.models.priors.TopHat'>(mini=0.0,maxi=1.0)
  dust1: <class 'prospect.models.priors.TopHat'>(mini=0.0,maxi=10.0)
  dust_index: <class 'prospect.models.priors.TopHat'>(mini=-5,maxi=5)
  dust1_index: <class 'prospect.models.priors.TopHat'>(mini=-5,maxi=5)

Fixed Parameters: (name: value [, depends_on]) 
-----------
  zred: [0.] 
  sfh: [4] 
  imf_type: [1] 
  dust_type: [0] 
  lumdist: [100] 
  add_dust_emission: [ True] 
number of walkers=256
done burn #0 (16 iterations)
done burn #1 (32 iterations)
done burn #2 (64 iterations)
number of walkers=256
starting production
done production
done fitting
fit file written
/ext3/miniconda3/lib/python3.8/site-packages/prospect-1.0.0-py3.8.egg/prospect/models/priors.py:104: RuntimeWarning: divide by zero encountered in log
/ext3/miniconda3/lib/python3.8/site-packages/prospect-1.0.0-py3.8.egg/prospect/io/write_results.py:290: RuntimeWarning: Could not JSON serialize run_params, pickled instead
/ext3/miniconda3/lib/python3.8/site-packages/prospect-1.0.0-py3.8.egg/prospect/io/write_results.py:290: RuntimeWarning: Could not JSON serialize model_params, pickled instead
maggies [1.34871426e-07 5.94527041e-07 1.16575937e-06 1.65110559e-06
 2.55505685e-06 1.28183095e-08 2.10894985e-08]
effective wavelengths [3546.00063828 4669.59393552 6155.68605117 7471.57138923 8917.3987151
 1528.05975153 2271.12579359]
redshift is  0.0
applying luminosity distance 100
applying dust parameters
adding dust emission
dust type set by config file: 0
in the dust_type=0 if statement
model: :::::::
<class 'prospect.models.sedmodel.SedModel'>

Free Parameters: (name: prior) 
-----------
  mass: <class 'prospect.models.priors.LogUniform'>(mini=100000000.0,maxi=10000000000000.0)
  logzsol: <class 'prospect.models.priors.TopHat'>(mini=-2.0,maxi=0.5)
  dust2: <class 'prospect.models.priors.TopHat'>(mini=0.0,maxi=10.0)
  tage: <class 'prospect.models.priors.LogUniform'>(mini=0.1,maxi=14)
  tau: <class 'prospect.models.priors.LogUniform'>(mini=0.1,maxi=50)
  duste_umin: <class 'prospect.models.priors.TopHat'>(mini=0.1,maxi=25.0)
  duste_qpah: <class 'prospect.models.priors.TopHat'>(mini=0.0,maxi=10.0)
  duste_gamma: <class 'prospect.models.priors.TopHat'>(mini=0.0,maxi=1.0)
  dust1: <class 'prospect.models.priors.TopHat'>(mini=0.0,maxi=10.0)
  dust_index: <class 'prospect.models.priors.TopHat'>(mini=-5,maxi=5)
  dust1_index: <class 'prospect.models.priors.TopHat'>(mini=-5,maxi=5)

Fixed Parameters: (name: value [, depends_on]) 
-----------
  zred: [0.] 
  sfh: [4] 
  imf_type: [1] 
  dust_type: [0] 
  lumdist: [100] 
  add_dust_emission: [ True] 
number of walkers=256
done burn #0 (16 iterations)
done burn #1 (32 iterations)
done burn #2 (64 iterations)
number of walkers=256
starting production
done production
done fitting
fit file written
/ext3/miniconda3/lib/python3.8/site-packages/prospect-1.0.0-py3.8.egg/prospect/models/priors.py:104: RuntimeWarning: divide by zero encountered in log
/ext3/miniconda3/lib/python3.8/site-packages/prospect-1.0.0-py3.8.egg/prospect/io/write_results.py:290: RuntimeWarning: Could not JSON serialize run_params, pickled instead
/ext3/miniconda3/lib/python3.8/site-packages/prospect-1.0.0-py3.8.egg/prospect/io/write_results.py:290: RuntimeWarning: Could not JSON serialize model_params, pickled instead
maggies [1.02734148e-07 4.53171273e-07 8.92234546e-07 1.26449097e-06
 1.95538746e-06 8.80842049e-09 1.50114350e-08]
effective wavelengths [3546.00063828 4669.59393552 6155.68605117 7471.57138923 8917.3987151
 1528.05975153 2271.12579359]
redshift is  0.0
applying luminosity distance 100
applying dust parameters
adding dust emission
dust type set by config file: 0
in the dust_type=0 if statement
model: :::::::
<class 'prospect.models.sedmodel.SedModel'>

Free Parameters: (name: prior) 
-----------
  mass: <class 'prospect.models.priors.LogUniform'>(mini=100000000.0,maxi=10000000000000.0)
  logzsol: <class 'prospect.models.priors.TopHat'>(mini=-2.0,maxi=0.5)
  dust2: <class 'prospect.models.priors.TopHat'>(mini=0.0,maxi=10.0)
  tage: <class 'prospect.models.priors.LogUniform'>(mini=0.1,maxi=14)
  tau: <class 'prospect.models.priors.LogUniform'>(mini=0.1,maxi=50)
  duste_umin: <class 'prospect.models.priors.TopHat'>(mini=0.1,maxi=25.0)
  duste_qpah: <class 'prospect.models.priors.TopHat'>(mini=0.0,maxi=10.0)
  duste_gamma: <class 'prospect.models.priors.TopHat'>(mini=0.0,maxi=1.0)
  dust1: <class 'prospect.models.priors.TopHat'>(mini=0.0,maxi=10.0)
  dust_index: <class 'prospect.models.priors.TopHat'>(mini=-5,maxi=5)
  dust1_index: <class 'prospect.models.priors.TopHat'>(mini=-5,maxi=5)

Fixed Parameters: (name: value [, depends_on]) 
-----------
  zred: [0.] 
  sfh: [4] 
  imf_type: [1] 
  dust_type: [0] 
  lumdist: [100] 
  add_dust_emission: [ True] 
number of walkers=256
done burn #0 (16 iterations)
done burn #1 (32 iterations)
done burn #2 (64 iterations)
number of walkers=256
starting production
done production
done fitting
fit file written
redshift is  0.0
applying luminosity distance 100
applying dust parameters
adding dust emission
dust type set by config file: 0
in the dust_type=0 if statement
N is 1048576
max percentile 0.5383491516113281
max percentile 97.2829818725586
max percentile 13.535594940185547
max percentile 2.0984649658203125
max percentile 1.9483566284179688
max percentile 95.09849548339844
max percentile 37.017154693603516
max percentile 15.876197814941406
max percentile 77.93340682983398
max percentile 12.04061508178711
max percentile 86.87238693237305
Maximum posterior probability parameters: 
mass 33009352469.974304
logzsol 0.4529885570882112
dust2 0.9197645142358957
tage 3.2863411866268626
tau 0.4547221114024096
duste_umin 23.804096905871774
duste_qpah 3.7700965095844747
duste_gamma 0.17407957106200134
dust1 4.374903344552642
dust_index -0.5896891930777979
dust1_index 3.211800353558674
The code has started
Using GWSLC1
SKIRT generated SED already exists
Time to get SKIRT SED: 0:00:00.002826
made it to the end of inc50
redshift is  0.0
applying luminosity distance 100
applying dust parameters
adding dust emission
dust type set by config file: 0
in the dust_type=0 if statement
N is 1048576
max percentile 4.79884147644043
max percentile 98.1046199798584
max percentile 29.459810256958008
max percentile 1.0187625885009766
max percentile 0.9712696075439453
max percentile 70.41144371032715
max percentile 64.03384208679199
max percentile 2.476930618286133
max percentile 35.53977012634277
max percentile 34.86638069152832
max percentile 69.60759162902832
Maximum posterior probability parameters: 
mass 42266050004.48724
logzsol 0.46876498494596164
dust2 1.0449089976365866
tage 3.086382599068809
tau 0.4144060525088069
duste_umin 17.872209128412305
duste_qpah 6.5133304403275325
duste_gamma 0.028316092135595383
dust1 0.9709263953384683
dust_index -0.5141663577391817
dust1_index 1.3080502000170258
The code has started
Using GWSLC1
SKIRT generated SED already exists
Time to get SKIRT SED: 0:00:00.002635
made it to the end of inc85
/ext3/miniconda3/lib/python3.8/site-packages/prospect-1.0.0-py3.8.egg/prospect/models/priors.py:104: RuntimeWarning: divide by zero encountered in log
/ext3/miniconda3/lib/python3.8/site-packages/prospect-1.0.0-py3.8.egg/prospect/io/write_results.py:290: RuntimeWarning: Could not JSON serialize run_params, pickled instead
/ext3/miniconda3/lib/python3.8/site-packages/prospect-1.0.0-py3.8.egg/prospect/io/write_results.py:290: RuntimeWarning: Could not JSON serialize model_params, pickled instead
maggies [1.29534703e-07 5.71075781e-07 1.12055523e-06 1.58717674e-06
 2.45525607e-06 1.21568017e-08 2.01166223e-08]
effective wavelengths [3546.00063828 4669.59393552 6155.68605117 7471.57138923 8917.3987151
 1528.05975153 2271.12579359]
redshift is  0.0
applying luminosity distance 100
applying dust parameters
adding dust emission
dust type set by config file: 0
in the dust_type=0 if statement
model: :::::::
<class 'prospect.models.sedmodel.SedModel'>

Free Parameters: (name: prior) 
-----------
  mass: <class 'prospect.models.priors.LogUniform'>(mini=100000000.0,maxi=10000000000000.0)
  logzsol: <class 'prospect.models.priors.TopHat'>(mini=-2.0,maxi=0.5)
  dust2: <class 'prospect.models.priors.TopHat'>(mini=0.0,maxi=10.0)
  tage: <class 'prospect.models.priors.LogUniform'>(mini=0.1,maxi=14)
  tau: <class 'prospect.models.priors.LogUniform'>(mini=0.1,maxi=50)
  duste_umin: <class 'prospect.models.priors.TopHat'>(mini=0.1,maxi=25.0)
  duste_qpah: <class 'prospect.models.priors.TopHat'>(mini=0.0,maxi=10.0)
  duste_gamma: <class 'prospect.models.priors.TopHat'>(mini=0.0,maxi=1.0)
  dust1: <class 'prospect.models.priors.TopHat'>(mini=0.0,maxi=10.0)
  dust_index: <class 'prospect.models.priors.TopHat'>(mini=-5,maxi=5)
  dust1_index: <class 'prospect.models.priors.TopHat'>(mini=-5,maxi=5)

Fixed Parameters: (name: value [, depends_on]) 
-----------
  zred: [0.] 
  sfh: [4] 
  imf_type: [1] 
  dust_type: [0] 
  lumdist: [100] 
  add_dust_emission: [ True] 
number of walkers=256
done burn #0 (16 iterations)
done burn #1 (32 iterations)
done burn #2 (64 iterations)
number of walkers=256
starting production
done production
done fitting
fit file written
redshift is  0.0
applying luminosity distance 100
applying dust parameters
adding dust emission
dust type set by config file: 0
in the dust_type=0 if statement
N is 1048576
max percentile 1.0587215423583984
max percentile 93.38374137878418
max percentile 14.92466926574707
max percentile 2.6031017303466797
max percentile 2.496194839477539
max percentile 94.65680122375488
max percentile 66.17741584777832
max percentile 18.07417869567871
max percentile 67.29121208190918
max percentile 10.04185676574707
max percentile 85.91170310974121
Maximum posterior probability parameters: 
mass 33407885360.948288
logzsol 0.3713492641508349
dust2 1.088525062008062
tage 3.1909592332664936
tau 0.4271093339050846
duste_umin 23.633039833954147
duste_qpah 6.625551179021035
duste_gamma 0.1676993157712201
dust1 2.5875699520615782
dust_index -0.5550583786593052
dust1_index 2.963525335426998
The code has started
Using GWSLC1
SKIRT generated SED already exists
Time to get SKIRT SED: 0:00:00.001931
made it to the end of inc40
/ext3/miniconda3/lib/python3.8/site-packages/prospect-1.0.0-py3.8.egg/prospect/models/priors.py:104: RuntimeWarning: divide by zero encountered in log
/ext3/miniconda3/lib/python3.8/site-packages/prospect-1.0.0-py3.8.egg/prospect/io/write_results.py:290: RuntimeWarning: Could not JSON serialize run_params, pickled instead
/ext3/miniconda3/lib/python3.8/site-packages/prospect-1.0.0-py3.8.egg/prospect/io/write_results.py:290: RuntimeWarning: Could not JSON serialize model_params, pickled instead
maggies [1.31582128e-07 5.80747124e-07 1.13961283e-06 1.61454113e-06
 2.49816935e-06 1.21973405e-08 2.03001776e-08]
effective wavelengths [3546.00063828 4669.59393552 6155.68605117 7471.57138923 8917.3987151
 1528.05975153 2271.12579359]
redshift is  0.0
applying luminosity distance 100
applying dust parameters
adding dust emission
dust type set by config file: 0
in the dust_type=0 if statement
model: :::::::
<class 'prospect.models.sedmodel.SedModel'>

Free Parameters: (name: prior) 
-----------
  mass: <class 'prospect.models.priors.LogUniform'>(mini=100000000.0,maxi=10000000000000.0)
  logzsol: <class 'prospect.models.priors.TopHat'>(mini=-2.0,maxi=0.5)
  dust2: <class 'prospect.models.priors.TopHat'>(mini=0.0,maxi=10.0)
  tage: <class 'prospect.models.priors.LogUniform'>(mini=0.1,maxi=14)
  tau: <class 'prospect.models.priors.LogUniform'>(mini=0.1,maxi=50)
  duste_umin: <class 'prospect.models.priors.TopHat'>(mini=0.1,maxi=25.0)
  duste_qpah: <class 'prospect.models.priors.TopHat'>(mini=0.0,maxi=10.0)
  duste_gamma: <class 'prospect.models.priors.TopHat'>(mini=0.0,maxi=1.0)
  dust1: <class 'prospect.models.priors.TopHat'>(mini=0.0,maxi=10.0)
  dust_index: <class 'prospect.models.priors.TopHat'>(mini=-5,maxi=5)
  dust1_index: <class 'prospect.models.priors.TopHat'>(mini=-5,maxi=5)

Fixed Parameters: (name: value [, depends_on]) 
-----------
  zred: [0.] 
  sfh: [4] 
  imf_type: [1] 
  dust_type: [0] 
  lumdist: [100] 
  add_dust_emission: [ True] 
number of walkers=256
done burn #0 (16 iterations)
done burn #1 (32 iterations)
done burn #2 (64 iterations)
number of walkers=256
starting production
done production
done fitting
fit file written
redshift is  0.0
applying luminosity distance 100
applying dust parameters
adding dust emission
dust type set by config file: 0
in the dust_type=0 if statement
N is 1048576
max percentile 3.2335281372070312
max percentile 89.776611328125
max percentile 20.32480239868164
max percentile 5.54656982421875
max percentile 5.327129364013672
max percentile 50.28419494628906
max percentile 18.745708465576172
max percentile 45.97282409667969
max percentile 77.20861434936523
max percentile 10.58664321899414
max percentile 79.49047088623047
Maximum posterior probability parameters: 
mass 37410873227.625404
logzsol 0.37063240271537307
dust2 0.8465789847551961
tage 3.769236121327287
tau 0.5193393136693499
duste_umin 12.072469458637455
duste_qpah 2.1524505411815555
duste_gamma 0.4597599628864161
dust1 3.447000910422405
dust_index -0.6073947135947925
dust1_index 2.0350595674006917
The code has started
Using GWSLC1
SKIRT generated SED already exists
Time to get SKIRT SED: 0:00:00.002394
made it to the end of inc70
redshift is  0.0
applying luminosity distance 100
applying dust parameters
adding dust emission
dust type set by config file: 0
in the dust_type=0 if statement
N is 1048576
max percentile 7.728433609008789
max percentile 92.98386573791504
max percentile 31.261491775512695
max percentile 2.8063297271728516
max percentile 2.391386032104492
max percentile 9.604501724243164
max percentile 72.66659736633301
max percentile 94.90017890930176
max percentile 66.28365516662598
max percentile 35.71505546569824
max percentile 79.94027137756348
Maximum posterior probability parameters: 
mass 50961778888.046906
logzsol 0.3718576298795621
dust2 1.2336972150917953
tage 3.2343388850809935
tau 0.4240543230637277
duste_umin 2.639593669115527
duste_qpah 7.2146586884085835
duste_gamma 0.9566497533001419
dust1 2.237171645433156
dust_index -0.4428563043749839
dust1_index 2.9008798543838425
The code has started
Using GWSLC1
SKIRT generated SED already exists
Time to get SKIRT SED: 0:00:00.001935
made it to the end of inc75
/ext3/miniconda3/lib/python3.8/site-packages/prospect-1.0.0-py3.8.egg/prospect/models/priors.py:104: RuntimeWarning: divide by zero encountered in log
/ext3/miniconda3/lib/python3.8/site-packages/prospect-1.0.0-py3.8.egg/prospect/io/write_results.py:290: RuntimeWarning: Could not JSON serialize run_params, pickled instead
/ext3/miniconda3/lib/python3.8/site-packages/prospect-1.0.0-py3.8.egg/prospect/io/write_results.py:290: RuntimeWarning: Could not JSON serialize model_params, pickled instead
maggies [1.25321030e-07 5.46974666e-07 1.07057896e-06 1.51395893e-06
 2.33997751e-06 1.31168688e-08 2.07198136e-08]
effective wavelengths [3546.00063828 4669.59393552 6155.68605117 7471.57138923 8917.3987151
 1528.05975153 2271.12579359]
redshift is  0.0
applying luminosity distance 100
applying dust parameters
adding dust emission
dust type set by config file: 0
in the dust_type=0 if statement
model: :::::::
<class 'prospect.models.sedmodel.SedModel'>

Free Parameters: (name: prior) 
-----------
  mass: <class 'prospect.models.priors.LogUniform'>(mini=100000000.0,maxi=10000000000000.0)
  logzsol: <class 'prospect.models.priors.TopHat'>(mini=-2.0,maxi=0.5)
  dust2: <class 'prospect.models.priors.TopHat'>(mini=0.0,maxi=10.0)
  tage: <class 'prospect.models.priors.LogUniform'>(mini=0.1,maxi=14)
  tau: <class 'prospect.models.priors.LogUniform'>(mini=0.1,maxi=50)
  duste_umin: <class 'prospect.models.priors.TopHat'>(mini=0.1,maxi=25.0)
  duste_qpah: <class 'prospect.models.priors.TopHat'>(mini=0.0,maxi=10.0)
  duste_gamma: <class 'prospect.models.priors.TopHat'>(mini=0.0,maxi=1.0)
  dust1: <class 'prospect.models.priors.TopHat'>(mini=0.0,maxi=10.0)
  dust_index: <class 'prospect.models.priors.TopHat'>(mini=-5,maxi=5)
  dust1_index: <class 'prospect.models.priors.TopHat'>(mini=-5,maxi=5)

Fixed Parameters: (name: value [, depends_on]) 
-----------
  zred: [0.] 
  sfh: [4] 
  imf_type: [1] 
  dust_type: [0] 
  lumdist: [100] 
  add_dust_emission: [ True] 
number of walkers=256
done burn #0 (16 iterations)
done burn #1 (32 iterations)
done burn #2 (64 iterations)
number of walkers=256
starting production
done production
done fitting
fit file written
redshift is  0.0
applying luminosity distance 100
applying dust parameters
adding dust emission
dust type set by config file: 0
in the dust_type=0 if statement
N is 1048576
max percentile 2.3651599884033203
max percentile 95.4063892364502
max percentile 23.79612922668457
max percentile 3.6280155181884766
max percentile 3.4863948822021484
max percentile 80.54051399230957
max percentile 84.41081047058105
max percentile 88.9920711517334
max percentile 84.73210334777832
max percentile 11.430025100708008
max percentile 88.09847831726074
Maximum posterior probability parameters: 
mass 33001484060.948593
logzsol 0.46192605319120705
dust2 0.8150843014283009
tage 3.308407260603933
tau 0.4475077077724099
duste_umin 20.084000024140245
duste_qpah 8.360158695794269
duste_gamma 0.8813757177017971
dust1 3.3945052536443434
dust_index -0.601916873614039
dust1_index 3.210189261399891
The code has started
Using GWSLC1
SKIRT generated SED already exists
Time to get SKIRT SED: 0:00:00.001774
made it to the end of inc60
/ext3/miniconda3/lib/python3.8/site-packages/prospect-1.0.0-py3.8.egg/prospect/models/priors.py:104: RuntimeWarning: divide by zero encountered in log
/ext3/miniconda3/lib/python3.8/site-packages/prospect-1.0.0-py3.8.egg/prospect/io/write_results.py:290: RuntimeWarning: Could not JSON serialize run_params, pickled instead
/ext3/miniconda3/lib/python3.8/site-packages/prospect-1.0.0-py3.8.egg/prospect/io/write_results.py:290: RuntimeWarning: Could not JSON serialize model_params, pickled instead
maggies [1.35254851e-07 5.97213190e-07 1.17146576e-06 1.65942356e-06
 2.56795759e-06 1.26028020e-08 2.09031763e-08]
effective wavelengths [3546.00063828 4669.59393552 6155.68605117 7471.57138923 8917.3987151
 1528.05975153 2271.12579359]
redshift is  0.0
applying luminosity distance 100
applying dust parameters
adding dust emission
dust type set by config file: 0
in the dust_type=0 if statement
model: :::::::
<class 'prospect.models.sedmodel.SedModel'>

Free Parameters: (name: prior) 
-----------
  mass: <class 'prospect.models.priors.LogUniform'>(mini=100000000.0,maxi=10000000000000.0)
  logzsol: <class 'prospect.models.priors.TopHat'>(mini=-2.0,maxi=0.5)
  dust2: <class 'prospect.models.priors.TopHat'>(mini=0.0,maxi=10.0)
  tage: <class 'prospect.models.priors.LogUniform'>(mini=0.1,maxi=14)
  tau: <class 'prospect.models.priors.LogUniform'>(mini=0.1,maxi=50)
  duste_umin: <class 'prospect.models.priors.TopHat'>(mini=0.1,maxi=25.0)
  duste_qpah: <class 'prospect.models.priors.TopHat'>(mini=0.0,maxi=10.0)
  duste_gamma: <class 'prospect.models.priors.TopHat'>(mini=0.0,maxi=1.0)
  dust1: <class 'prospect.models.priors.TopHat'>(mini=0.0,maxi=10.0)
  dust_index: <class 'prospect.models.priors.TopHat'>(mini=-5,maxi=5)
  dust1_index: <class 'prospect.models.priors.TopHat'>(mini=-5,maxi=5)

Fixed Parameters: (name: value [, depends_on]) 
-----------
  zred: [0.] 
  sfh: [4] 
  imf_type: [1] 
  dust_type: [0] 
  lumdist: [100] 
  add_dust_emission: [ True] 
number of walkers=256
done burn #0 (16 iterations)
done burn #1 (32 iterations)
done burn #2 (64 iterations)
number of walkers=256
starting production
done production
done fitting
fit file written
redshift is  0.0
applying luminosity distance 100
applying dust parameters
adding dust emission
dust type set by config file: 0
in the dust_type=0 if statement
N is 1048576
max percentile 0.9964942932128906
max percentile 94.79303359985352
max percentile 10.259532928466797
max percentile 4.105281829833984
max percentile 3.7270545959472656
max percentile 45.36638259887695
max percentile 18.22042465209961
max percentile 73.47240447998047
max percentile 47.090816497802734
max percentile 23.462677001953125
max percentile 72.30720520019531
Maximum posterior probability parameters: 
mass 43197450887.84586
logzsol 0.387085287320913
dust2 0.9715126116097806
tage 3.5964279508424815
tau 0.4829327567321876
duste_umin 10.901444585566953
duste_qpah 1.7715191241231505
duste_gamma 0.740032047866259
dust1 1.1211849768899294
dust_index -0.5476113579624721
dust1_index 1.8351371412217001
The code has started
Using GWSLC1
SKIRT generated SED already exists
Time to get SKIRT SED: 0:00:00.002771
made it to the end of inc90
