split: ['FullInstrument', 'inclination']
length: 2
inclination 0_deg
split: ['FullInstrument', 'numPixelsX']
length: 2
numPixelsX 2000
split: ['FullInstrument', 'numPixelsY']
length: 2
numPixelsY 2000
split: ['DensityTreePolicy', 'maxLevel']
length: 2
maxLevel 11
split: ['MonteCarloSimulation', 'numPackets']
length: 2
numPackets 1e8
split: ['radiationFieldWLG', 'LogWavelengthGrid', 'numWavelengths']
length: 3
numWavelengths 250
split: ['dustEmissionWLG', 'LogWavelengthGrid', 'numWavelengths']
length: 3
numWavelengths 250
split: ['defaultWavelengthGrid', 'LogWavelengthGrid', 'numWavelengths']
length: 3
numWavelengths 250
split: ['PolicyTreeSpatialGrid', 'minX']
length: 2
minX -53766.0_pc
split: ['PolicyTreeSpatialGrid', 'maxX']
length: 2
maxX 53766.0_pc
split: ['PolicyTreeSpatialGrid', 'minY']
length: 2
minY -53766.0_pc
split: ['PolicyTreeSpatialGrid', 'maxY']
length: 2
maxY 53766.0_pc
split: ['PolicyTreeSpatialGrid', 'minZ']
length: 2
minZ -53766.0_pc
split: ['PolicyTreeSpatialGrid', 'maxZ']
length: 2
maxZ 53766.0_pc
split: ['FullInstrument', 'fieldOfViewX']
length: 2
fieldOfViewX 71688.0_pc
split: ['FullInstrument', 'fieldOfViewY']
length: 2
fieldOfViewY 71688.0_pc
20/06/2021 09:39:01.495   Welcome to SKIRT v9.0 (git 57736d1 built on 03/02/2021 at 14:00:01)
20/06/2021 09:39:01.495   Running on cs130.nyu.cluster for ntf229
20/06/2021 09:39:01.495   Constructing a simulation from ski file 'sph.ski'...
20/06/2021 09:39:01.511   Starting simulation sph using 40 threads and a single process...
20/06/2021 09:39:01.511   Starting setup...
20/06/2021 09:39:01.511     Panchromatic wavelength regime
20/06/2021 09:39:01.511     With transfer medium
20/06/2021 09:39:01.511     Including dust emission
20/06/2021 09:39:01.511     Model and grid symmetry: 3D
20/06/2021 09:39:01.512   FSPSSEDFamily opened stored table /ext3/SKIRT/resources/SKIRT9_Resources_Core/SED/FSPSSEDFamily_Chabrier.stab
20/06/2021 09:39:01.512   ParticleSource reads smoothed source particles from text file /scratch/ntf229/RT_fit/resources/SKIRT/g2.79e12/maxLevel11/wavelengths250/numPhotons1e8/niter2048/inc0/dust/stars.txt...
20/06/2021 09:39:01.517     Column 1: position x (pc)
20/06/2021 09:39:01.517     Column 2: position y (pc)
20/06/2021 09:39:01.517     Column 3: position z (pc)
20/06/2021 09:39:01.517     Column 4: size h (pc)
20/06/2021 09:39:01.517     Column 5: velocity x (km/s)
20/06/2021 09:39:01.517     Column 6: velocity y (km/s)
20/06/2021 09:39:01.517     Column 7: velocity z (km/s)
20/06/2021 09:39:01.517     Column 8: initial mass (Msun)
20/06/2021 09:39:01.517     Column 9: metallicity (1)
20/06/2021 09:39:01.517     Column 10: age (yr)
20/06/2021 09:39:17.894   Done reading
20/06/2021 09:39:17.894     Number of particles: 3101623
20/06/2021 09:39:17.905   Calculating luminosities for 3101623 imported entities...
20/06/2021 09:39:32.835   Calculated luminosities: 0.3%
20/06/2021 09:39:48.054   Calculated luminosities: 12.8%
20/06/2021 09:39:55.388   Calculated luminosities: 24.7%
20/06/2021 09:40:03.331   Calculated luminosities: 25.3%
20/06/2021 09:40:10.707   Calculated luminosities: 37.2%
20/06/2021 09:40:18.631   Calculated luminosities: 37.8%
20/06/2021 09:40:26.012   Calculated luminosities: 49.7%
20/06/2021 09:40:33.949   Calculated luminosities: 50.3%
20/06/2021 09:40:41.314   Calculated luminosities: 62.2%
20/06/2021 09:40:49.247   Calculated luminosities: 62.8%
20/06/2021 09:40:56.686   Calculated luminosities: 74.7%
20/06/2021 09:41:04.620   Calculated luminosities: 75.3%
20/06/2021 09:41:11.874   Calculated luminosities: 87.2%
20/06/2021 09:41:19.694   Calculated luminosities: 87.8%
20/06/2021 09:41:26.325   Calculated luminosities: 99.7%
20/06/2021 09:41:29.246   DraineLiDustMix opened stored table /ext3/SKIRT/resources/SKIRT9_Resources_Core/OpticalProps/DustEM_aSil_OpticalProps.stab
20/06/2021 09:41:30.249   DraineLiDustMix opened stored table /ext3/SKIRT/resources/SKIRT9_Resources_Core/OpticalProps/DustEM_Gra_OpticalProps.stab
20/06/2021 09:41:31.811   DraineLiDustMix opened stored table /ext3/SKIRT/resources/SKIRT9_Resources_Core/OpticalProps/DustEM_PAH0_DL07_OpticalProps.stab
20/06/2021 09:41:31.937   DraineLiDustMix opened stored table /ext3/SKIRT/resources/SKIRT9_Resources_Core/OpticalProps/DustEM_PAH1_DL07_OpticalProps.stab
20/06/2021 09:41:32.071   DraineLiDustMix opened stored table /ext3/SKIRT/resources/SKIRT9_Resources_Core/OpticalProps/DustEM_aSil_OpticalProps.stab
20/06/2021 09:41:32.167   DraineLiDustMix opened stored table /ext3/SKIRT/resources/SKIRT9_Resources_Core/OpticalProps/DustEM_Gra_OpticalProps.stab
20/06/2021 09:41:32.335   DraineLiDustMix opened stored table /ext3/SKIRT/resources/SKIRT9_Resources_Core/OpticalProps/DustEM_PAH0_DL07_OpticalProps.stab
20/06/2021 09:41:32.387   DraineLiDustMix opened stored table /ext3/SKIRT/resources/SKIRT9_Resources_Core/OpticalProps/DustEM_PAH1_DL07_OpticalProps.stab
20/06/2021 09:41:32.439   DraineLiDustMix allocated 483 KB of memory
20/06/2021 09:41:32.440   ParticleMedium reads smoothed particles from text file /scratch/ntf229/RT_fit/resources/SKIRT/g2.79e12/maxLevel11/wavelengths250/numPhotons1e8/niter2048/inc0/dust/gas.txt...
20/06/2021 09:41:32.440     Column 1: position x (pc)
20/06/2021 09:41:32.444     Column 2: position y (pc)
20/06/2021 09:41:32.444     Column 3: position z (pc)
20/06/2021 09:41:32.444     Column 4: size h (pc)
20/06/2021 09:41:32.444     Column 5: mass (Msun)
20/06/2021 09:41:32.444     Column 6: metallicity (1)
20/06/2021 09:41:32.444     Column 7: temperature (K)
20/06/2021 09:41:35.888   Done reading
20/06/2021 09:41:35.889     Number of particles: 888498
20/06/2021 09:41:35.923     Total original mass : 2.5869e+11 Msun
20/06/2021 09:41:35.923     Total metallic mass : 1.4991e+09 Msun
20/06/2021 09:41:35.923     Total effective mass: 1.4991e+09 Msun
20/06/2021 09:41:35.923   Constructing intermediate 20x20x20 grid for particles...
20/06/2021 09:41:36.075     Smallest number of particles per cell: 39
20/06/2021 09:41:36.075     Largest  number of particles per cell: 7640
20/06/2021 09:41:36.075     Average  number of particles per cell: 280.2
20/06/2021 09:41:36.082   Constructing the spatial tree grid...
20/06/2021 09:41:36.082   Subdividing level 0: 1 nodes
20/06/2021 09:41:36.082   Subdividing level 1: 8 nodes
20/06/2021 09:41:36.082   Subdividing level 2: 64 nodes
20/06/2021 09:41:36.083   Subdividing level 3: 512 nodes
20/06/2021 09:41:36.093   Subdividing level 4: 4096 nodes
20/06/2021 09:41:36.159   Subdividing level 5: 32344 nodes
20/06/2021 09:41:36.537   Subdividing level 6: 99032 nodes
20/06/2021 09:41:37.775   Subdividing level 7: 107512 nodes
20/06/2021 09:41:40.716   Subdividing level 8: 206832 nodes
20/06/2021 09:41:45.762   Evaluation for level 8: 53.1%
20/06/2021 09:41:50.973   Evaluation for level 8: 99.1%
20/06/2021 09:41:52.116   Subdividing level 9: 489760 nodes
20/06/2021 09:41:57.121   Evaluation for level 9: 14.1%
20/06/2021 09:42:02.179   Evaluation for level 9: 30.3%
20/06/2021 09:42:07.184   Evaluation for level 9: 45.0%
20/06/2021 09:42:12.184   Evaluation for level 9: 58.1%
20/06/2021 09:42:17.253   Evaluation for level 9: 70.9%
20/06/2021 09:42:22.339   Evaluation for level 9: 82.8%
20/06/2021 09:42:27.475   Evaluation for level 9: 97.8%
20/06/2021 09:42:30.165   Subdividing level 10: 1011968 nodes
20/06/2021 09:42:35.279   Evaluation for level 10: 1.9%
20/06/2021 09:42:41.728   Evaluation for level 10: 11.6%
20/06/2021 09:42:46.856   Evaluation for level 10: 17.8%
20/06/2021 09:42:51.963   Evaluation for level 10: 24.4%
20/06/2021 09:42:56.998   Evaluation for level 10: 31.9%
20/06/2021 09:43:02.307   Evaluation for level 10: 36.6%
20/06/2021 09:43:07.366   Evaluation for level 10: 43.7%
20/06/2021 09:43:13.021   Evaluation for level 10: 50.6%
20/06/2021 09:43:18.532   Evaluation for level 10: 56.9%
20/06/2021 09:43:23.728   Evaluation for level 10: 63.4%
20/06/2021 09:43:29.267   Evaluation for level 10: 67.5%
20/06/2021 09:43:34.898   Evaluation for level 10: 72.8%
20/06/2021 09:43:40.606   Evaluation for level 10: 76.2%
20/06/2021 09:43:45.631   Evaluation for level 10: 84.1%
20/06/2021 09:43:50.934   Evaluation for level 10: 89.1%
20/06/2021 09:43:56.113   Evaluation for level 10: 92.8%
20/06/2021 09:44:01.568   Evaluation for level 10: 99.4%
20/06/2021 09:44:05.672   Finished construction of the spatial tree grid
20/06/2021 09:44:05.672   Number of cells at each level in the tree hierarchy:
20/06/2021 09:44:05.672     Level  0:        0 (  0.0%)  |
20/06/2021 09:44:05.672     Level  1:        0 (  0.0%)  |
20/06/2021 09:44:05.672     Level  2:        0 (  0.0%)  |
20/06/2021 09:44:05.672     Level  3:        0 (  0.0%)  |
20/06/2021 09:44:05.672     Level  4:       53 (  0.0%)  |
20/06/2021 09:44:05.672     Level  5:    19965 (  0.7%)  |
20/06/2021 09:44:05.672     Level  6:    85593 (  3.1%)  |*
20/06/2021 09:44:05.672     Level  7:    81658 (  3.0%)  |*
20/06/2021 09:44:05.672     Level  8:   145612 (  5.3%)  |**
20/06/2021 09:44:05.672     Level  9:   363264 ( 13.3%)  |******
20/06/2021 09:44:05.672     Level 10:   866134 ( 31.7%)  |***************
20/06/2021 09:44:05.672     Level 11:  1166672 ( 42.8%)  |********************
20/06/2021 09:44:05.672     TOTAL   :  2728951 (100.0%)
20/06/2021 09:44:08.193   MediumSystem allocated 5.12 GB of memory
20/06/2021 09:44:08.193   Calculating densities for 2728951 cells...
20/06/2021 09:44:13.657   Calculated cell densities: 6.6%
20/06/2021 09:44:19.701   Calculated cell densities: 9.4%
20/06/2021 09:44:24.749   Calculated cell densities: 12.2%
20/06/2021 09:44:30.350   Calculated cell densities: 15.9%
20/06/2021 09:44:35.362   Calculated cell densities: 17.8%
20/06/2021 09:44:40.369   Calculated cell densities: 21.9%
20/06/2021 09:44:45.938   Calculated cell densities: 25.3%
20/06/2021 09:44:51.532   Calculated cell densities: 27.5%
20/06/2021 09:44:56.702   Calculated cell densities: 29.1%
20/06/2021 09:45:02.765   Calculated cell densities: 32.2%
20/06/2021 09:45:09.763   Calculated cell densities: 35.3%
20/06/2021 09:45:15.327   Calculated cell densities: 37.5%
20/06/2021 09:45:21.470   Calculated cell densities: 41.2%
20/06/2021 09:45:26.804   Calculated cell densities: 43.7%
20/06/2021 09:45:31.945   Calculated cell densities: 45.9%
20/06/2021 09:45:38.360   Calculated cell densities: 47.2%
20/06/2021 09:45:43.848   Calculated cell densities: 48.7%
20/06/2021 09:45:49.616   Calculated cell densities: 50.0%
20/06/2021 09:45:54.801   Calculated cell densities: 54.1%
20/06/2021 09:46:01.179   Calculated cell densities: 56.6%
20/06/2021 09:46:06.572   Calculated cell densities: 58.7%
20/06/2021 09:46:11.575   Calculated cell densities: 61.2%
20/06/2021 09:46:17.554   Calculated cell densities: 64.1%
20/06/2021 09:46:25.513   Calculated cell densities: 66.6%
20/06/2021 09:46:30.681   Calculated cell densities: 69.4%
20/06/2021 09:46:35.753   Calculated cell densities: 71.9%
20/06/2021 09:46:41.000   Calculated cell densities: 72.8%
20/06/2021 09:46:49.939   Calculated cell densities: 76.2%
20/06/2021 09:46:54.975   Calculated cell densities: 79.4%
20/06/2021 09:47:00.900   Calculated cell densities: 82.2%
20/06/2021 09:47:08.062   Calculated cell densities: 83.1%
20/06/2021 09:47:13.451   Calculated cell densities: 85.0%
20/06/2021 09:47:20.440   Calculated cell densities: 86.2%
20/06/2021 09:47:25.625   Calculated cell densities: 87.8%
20/06/2021 09:47:32.049   Calculated cell densities: 89.7%
20/06/2021 09:47:37.169   Calculated cell densities: 91.9%
20/06/2021 09:47:42.990   Calculated cell densities: 94.4%
20/06/2021 09:47:50.763   Calculated cell densities: 96.9%
20/06/2021 09:47:57.561   Calculated cell densities: 98.4%
20/06/2021 09:48:03.586   Calculated cell densities: 99.1%
20/06/2021 09:48:10.217   Calculated cell densities: 100.0%
20/06/2021 09:48:10.218   Done calculating cell densities
20/06/2021 09:48:13.878   FullInstrument i00 allocated 7.45 GB of memory
[32m20/06/2021 09:48:13.878 - Finished setup in 552 s (9m 12s).
[0m20/06/2021 09:48:13.878   Starting setup output...
[32m20/06/2021 09:48:13.878 - Finished setup output in 0.0 s.
[0m20/06/2021 09:48:13.878   Starting the run...
20/06/2021 09:48:13.878   Starting primary emission...
20/06/2021 09:48:16.098   Launching 1e8 primary emission photon packets
20/06/2021 09:48:21.101   Launched primary emission photon packets: 0.6%
20/06/2021 09:48:26.110   Launched primary emission photon packets: 1.3%
20/06/2021 09:48:31.111   Launched primary emission photon packets: 1.9%
20/06/2021 09:48:36.115   Launched primary emission photon packets: 2.6%
20/06/2021 09:48:41.117   Launched primary emission photon packets: 3.2%
20/06/2021 09:48:46.118   Launched primary emission photon packets: 3.9%
20/06/2021 09:48:51.122   Launched primary emission photon packets: 4.5%
20/06/2021 09:48:56.126   Launched primary emission photon packets: 5.2%
20/06/2021 09:49:01.139   Launched primary emission photon packets: 5.9%
20/06/2021 09:49:06.142   Launched primary emission photon packets: 6.5%
20/06/2021 09:49:11.144   Launched primary emission photon packets: 7.2%
20/06/2021 09:49:16.149   Launched primary emission photon packets: 7.8%
20/06/2021 09:49:21.155   Launched primary emission photon packets: 8.4%
20/06/2021 09:49:26.158   Launched primary emission photon packets: 9.1%
20/06/2021 09:49:31.158   Launched primary emission photon packets: 9.8%
20/06/2021 09:49:36.166   Launched primary emission photon packets: 10.4%
20/06/2021 09:49:41.223   Launched primary emission photon packets: 11.1%
20/06/2021 09:49:46.228   Launched primary emission photon packets: 11.7%
20/06/2021 09:49:51.229   Launched primary emission photon packets: 12.3%
20/06/2021 09:49:56.232   Launched primary emission photon packets: 13.0%
20/06/2021 09:50:01.234   Launched primary emission photon packets: 13.6%
20/06/2021 09:50:06.237   Launched primary emission photon packets: 14.3%
20/06/2021 09:50:11.239   Launched primary emission photon packets: 14.9%
20/06/2021 09:50:16.240   Launched primary emission photon packets: 15.5%
20/06/2021 09:50:21.252   Launched primary emission photon packets: 16.2%
20/06/2021 09:50:26.254   Launched primary emission photon packets: 16.8%
20/06/2021 09:50:31.256   Launched primary emission photon packets: 17.5%
20/06/2021 09:50:36.260   Launched primary emission photon packets: 18.1%
20/06/2021 09:50:41.278   Launched primary emission photon packets: 18.8%
20/06/2021 09:50:46.279   Launched primary emission photon packets: 19.4%
20/06/2021 09:50:51.290   Launched primary emission photon packets: 20.0%
20/06/2021 09:50:56.319   Launched primary emission photon packets: 20.7%
20/06/2021 09:51:01.321   Launched primary emission photon packets: 21.3%
20/06/2021 09:51:06.323   Launched primary emission photon packets: 22.0%
20/06/2021 09:51:11.337   Launched primary emission photon packets: 22.6%
20/06/2021 09:51:16.340   Launched primary emission photon packets: 23.2%
20/06/2021 09:51:21.341   Launched primary emission photon packets: 23.8%
20/06/2021 09:51:26.355   Launched primary emission photon packets: 24.5%
20/06/2021 09:51:31.360   Launched primary emission photon packets: 25.1%
20/06/2021 09:51:36.361   Launched primary emission photon packets: 25.8%
20/06/2021 09:51:41.377   Launched primary emission photon packets: 26.4%
20/06/2021 09:51:46.379   Launched primary emission photon packets: 27.0%
20/06/2021 09:51:51.392   Launched primary emission photon packets: 27.7%
20/06/2021 09:51:56.397   Launched primary emission photon packets: 28.3%
20/06/2021 09:52:01.406   Launched primary emission photon packets: 29.0%
20/06/2021 09:52:06.409   Launched primary emission photon packets: 29.6%
20/06/2021 09:52:11.421   Launched primary emission photon packets: 30.3%
20/06/2021 09:52:16.422   Launched primary emission photon packets: 30.9%
20/06/2021 09:52:21.442   Launched primary emission photon packets: 31.6%
20/06/2021 09:52:26.452   Launched primary emission photon packets: 32.2%
20/06/2021 09:52:31.453   Launched primary emission photon packets: 32.8%
20/06/2021 09:52:36.479   Launched primary emission photon packets: 33.5%
20/06/2021 09:52:41.486   Launched primary emission photon packets: 34.1%
20/06/2021 09:52:46.489   Launched primary emission photon packets: 34.7%
20/06/2021 09:52:51.495   Launched primary emission photon packets: 35.4%
20/06/2021 09:52:56.497   Launched primary emission photon packets: 36.0%
20/06/2021 09:53:01.499   Launched primary emission photon packets: 36.6%
20/06/2021 09:53:06.521   Launched primary emission photon packets: 37.3%
20/06/2021 09:53:11.528   Launched primary emission photon packets: 37.9%
20/06/2021 09:53:16.534   Launched primary emission photon packets: 38.5%
20/06/2021 09:53:21.542   Launched primary emission photon packets: 39.2%
20/06/2021 09:53:26.565   Launched primary emission photon packets: 39.8%
20/06/2021 09:53:31.577   Launched primary emission photon packets: 40.4%
20/06/2021 09:53:36.588   Launched primary emission photon packets: 41.1%
20/06/2021 09:53:41.590   Launched primary emission photon packets: 41.7%
20/06/2021 09:53:46.598   Launched primary emission photon packets: 42.3%
20/06/2021 09:53:51.600   Launched primary emission photon packets: 43.0%
20/06/2021 09:53:56.623   Launched primary emission photon packets: 43.6%
20/06/2021 09:54:01.636   Launched primary emission photon packets: 44.2%
20/06/2021 09:54:06.637   Launched primary emission photon packets: 44.9%
20/06/2021 09:54:11.641   Launched primary emission photon packets: 45.5%
20/06/2021 09:54:16.648   Launched primary emission photon packets: 46.1%
20/06/2021 09:54:21.649   Launched primary emission photon packets: 46.7%
20/06/2021 09:54:26.659   Launched primary emission photon packets: 47.4%
20/06/2021 09:54:31.683   Launched primary emission photon packets: 48.0%
20/06/2021 09:54:36.693   Launched primary emission photon packets: 48.6%
20/06/2021 09:54:41.694   Launched primary emission photon packets: 49.3%
20/06/2021 09:54:46.707   Launched primary emission photon packets: 49.9%
20/06/2021 09:54:51.708   Launched primary emission photon packets: 50.5%
20/06/2021 09:54:56.710   Launched primary emission photon packets: 51.2%
20/06/2021 09:55:01.713   Launched primary emission photon packets: 51.8%
20/06/2021 09:55:06.715   Launched primary emission photon packets: 52.4%
20/06/2021 09:55:11.721   Launched primary emission photon packets: 53.1%
20/06/2021 09:55:16.722   Launched primary emission photon packets: 53.7%
20/06/2021 09:55:21.732   Launched primary emission photon packets: 54.3%
20/06/2021 09:55:26.741   Launched primary emission photon packets: 55.0%
20/06/2021 09:55:31.742   Launched primary emission photon packets: 55.6%
20/06/2021 09:55:36.744   Launched primary emission photon packets: 56.3%
20/06/2021 09:55:41.745   Launched primary emission photon packets: 56.9%
20/06/2021 09:55:46.749   Launched primary emission photon packets: 57.5%
20/06/2021 09:55:51.757   Launched primary emission photon packets: 58.1%
20/06/2021 09:55:56.761   Launched primary emission photon packets: 58.8%
20/06/2021 09:56:01.784   Launched primary emission photon packets: 59.5%
20/06/2021 09:56:06.785   Launched primary emission photon packets: 60.1%
20/06/2021 09:56:11.785   Launched primary emission photon packets: 60.8%
20/06/2021 09:56:16.786   Launched primary emission photon packets: 61.5%
20/06/2021 09:56:21.796   Launched primary emission photon packets: 62.2%
20/06/2021 09:56:26.802   Launched primary emission photon packets: 62.8%
20/06/2021 09:56:31.806   Launched primary emission photon packets: 63.5%
20/06/2021 09:56:36.807   Launched primary emission photon packets: 64.2%
20/06/2021 09:56:41.809   Launched primary emission photon packets: 64.8%
20/06/2021 09:56:46.812   Launched primary emission photon packets: 65.5%
20/06/2021 09:56:51.824   Launched primary emission photon packets: 66.2%
20/06/2021 09:56:56.828   Launched primary emission photon packets: 66.8%
20/06/2021 09:57:01.840   Launched primary emission photon packets: 67.5%
20/06/2021 09:57:06.843   Launched primary emission photon packets: 68.2%
20/06/2021 09:57:11.852   Launched primary emission photon packets: 68.9%
20/06/2021 09:57:16.862   Launched primary emission photon packets: 69.6%
20/06/2021 09:57:21.879   Launched primary emission photon packets: 70.3%
20/06/2021 09:57:26.880   Launched primary emission photon packets: 71.0%
20/06/2021 09:57:31.904   Launched primary emission photon packets: 71.8%
20/06/2021 09:57:36.917   Launched primary emission photon packets: 72.5%
20/06/2021 09:57:41.919   Launched primary emission photon packets: 73.3%
20/06/2021 09:57:46.930   Launched primary emission photon packets: 74.0%
20/06/2021 09:57:51.935   Launched primary emission photon packets: 74.8%
20/06/2021 09:57:56.943   Launched primary emission photon packets: 75.5%
20/06/2021 09:58:01.959   Launched primary emission photon packets: 76.3%
20/06/2021 09:58:06.964   Launched primary emission photon packets: 77.0%
20/06/2021 09:58:11.964   Launched primary emission photon packets: 77.8%
20/06/2021 09:58:16.966   Launched primary emission photon packets: 78.5%
20/06/2021 09:58:21.971   Launched primary emission photon packets: 79.3%
20/06/2021 09:58:26.972   Launched primary emission photon packets: 80.0%
20/06/2021 09:58:31.973   Launched primary emission photon packets: 80.8%
20/06/2021 09:58:36.974   Launched primary emission photon packets: 81.6%
20/06/2021 09:58:41.985   Launched primary emission photon packets: 82.5%
20/06/2021 09:58:46.985   Launched primary emission photon packets: 83.4%
20/06/2021 09:58:51.988   Launched primary emission photon packets: 84.3%
20/06/2021 09:58:56.996   Launched primary emission photon packets: 85.3%
20/06/2021 09:59:01.997   Launched primary emission photon packets: 86.3%
20/06/2021 09:59:07.003   Launched primary emission photon packets: 87.3%
20/06/2021 09:59:12.010   Launched primary emission photon packets: 88.2%
20/06/2021 09:59:17.032   Launched primary emission photon packets: 89.3%
20/06/2021 09:59:22.046   Launched primary emission photon packets: 90.3%
20/06/2021 09:59:27.047   Launched primary emission photon packets: 91.3%
20/06/2021 09:59:32.052   Launched primary emission photon packets: 92.3%
20/06/2021 09:59:37.055   Launched primary emission photon packets: 93.3%
20/06/2021 09:59:42.060   Launched primary emission photon packets: 94.3%
20/06/2021 09:59:47.065   Launched primary emission photon packets: 95.3%
20/06/2021 09:59:52.077   Launched primary emission photon packets: 96.3%
20/06/2021 09:59:57.079   Launched primary emission photon packets: 97.3%
20/06/2021 10:00:02.086   Launched primary emission photon packets: 98.1%
20/06/2021 10:00:07.090   Launched primary emission photon packets: 98.8%
20/06/2021 10:00:12.099   Launched primary emission photon packets: 99.4%
20/06/2021 10:00:17.147   Launched primary emission photon packets: 99.9%
[32m20/06/2021 10:00:21.154 - Finished primary emission in 727 s (12m 7s).
[0m20/06/2021 10:00:21.154   Starting secondary emission...
20/06/2021 10:00:22.320   Emitting from 2727390 out of 2728951 spatial cells
20/06/2021 10:00:22.331   Launching 1e8 secondary emission photon packets
20/06/2021 10:00:27.332   Launched secondary emission photon packets: 3.5%
20/06/2021 10:00:32.334   Launched secondary emission photon packets: 6.9%
20/06/2021 10:00:37.335   Launched secondary emission photon packets: 10.2%
20/06/2021 10:00:42.335   Launched secondary emission photon packets: 13.2%
20/06/2021 10:00:47.336   Launched secondary emission photon packets: 15.9%
20/06/2021 10:00:52.337   Launched secondary emission photon packets: 18.6%
20/06/2021 10:00:57.339   Launched secondary emission photon packets: 21.2%
20/06/2021 10:01:02.339   Launched secondary emission photon packets: 23.8%
20/06/2021 10:01:07.341   Launched secondary emission photon packets: 26.4%
20/06/2021 10:01:12.345   Launched secondary emission photon packets: 28.9%
20/06/2021 10:01:17.346   Launched secondary emission photon packets: 31.5%
20/06/2021 10:01:22.347   Launched secondary emission photon packets: 34.1%
20/06/2021 10:01:27.347   Launched secondary emission photon packets: 36.6%
20/06/2021 10:01:32.351   Launched secondary emission photon packets: 39.0%
20/06/2021 10:01:37.352   Launched secondary emission photon packets: 41.3%
20/06/2021 10:01:42.356   Launched secondary emission photon packets: 43.6%
20/06/2021 10:01:47.362   Launched secondary emission photon packets: 45.9%
20/06/2021 10:01:52.362   Launched secondary emission photon packets: 48.2%
20/06/2021 10:01:57.364   Launched secondary emission photon packets: 50.7%
20/06/2021 10:02:02.365   Launched secondary emission photon packets: 53.1%
20/06/2021 10:02:07.366   Launched secondary emission photon packets: 55.6%
20/06/2021 10:02:12.366   Launched secondary emission photon packets: 58.0%
20/06/2021 10:02:17.371   Launched secondary emission photon packets: 60.4%
20/06/2021 10:02:22.373   Launched secondary emission photon packets: 62.8%
20/06/2021 10:02:27.373   Launched secondary emission photon packets: 65.3%
20/06/2021 10:02:32.378   Launched secondary emission photon packets: 67.8%
20/06/2021 10:02:37.381   Launched secondary emission photon packets: 70.4%
20/06/2021 10:02:42.384   Launched secondary emission photon packets: 72.9%
20/06/2021 10:02:47.389   Launched secondary emission photon packets: 75.4%
20/06/2021 10:02:52.392   Launched secondary emission photon packets: 77.8%
20/06/2021 10:02:57.392   Launched secondary emission photon packets: 80.1%
20/06/2021 10:03:02.396   Launched secondary emission photon packets: 82.5%
20/06/2021 10:03:07.398   Launched secondary emission photon packets: 84.9%
20/06/2021 10:03:12.400   Launched secondary emission photon packets: 87.4%
20/06/2021 10:03:17.403   Launched secondary emission photon packets: 89.8%
20/06/2021 10:03:22.404   Launched secondary emission photon packets: 92.3%
20/06/2021 10:03:27.405   Launched secondary emission photon packets: 94.6%
20/06/2021 10:03:32.413   Launched secondary emission photon packets: 96.7%
20/06/2021 10:03:37.418   Launched secondary emission photon packets: 98.3%
20/06/2021 10:03:42.420   Launched secondary emission photon packets: 99.4%
20/06/2021 10:03:47.442   Launched secondary emission photon packets: 99.8%
20/06/2021 10:03:52.461   Launched secondary emission photon packets: 100.0%
[32m20/06/2021 10:03:54.259 - Finished secondary emission in 213 s (3m 33s).
[0m[32m20/06/2021 10:03:54.259 - Finished the run in 940 s (15m 40s).
[0m20/06/2021 10:03:54.259   Starting final output...
20/06/2021 10:03:56.506   FullInstrument i00 wrote SED to /scratch/ntf229/RT_fit/resources/SKIRT/g2.79e12/maxLevel11/wavelengths250/numPhotons1e8/niter2048/inc0/dust/sph_i00_sed.dat
20/06/2021 10:03:59.713   FullInstrument i00 wrote total flux to FITS file /scratch/ntf229/RT_fit/resources/SKIRT/g2.79e12/maxLevel11/wavelengths250/numPhotons1e8/niter2048/inc0/dust/sph_i00_total.fits
[32m20/06/2021 10:03:59.713 - Finished final output in 5.5 s.
[0m[32m20/06/2021 10:03:59.713 - Finished simulation sph using 40 threads and a single process in 1498 s (24m 58s).
[0m20/06/2021 10:04:03.198   Available memory: 188 GB -- Peak memory usage: 15 GB (7.9%)
20/06/2021 10:04:03.940   Starting visual/plot_seds...
20/06/2021 10:04:04.549   Created /scratch/ntf229/RT_fit/resources/SKIRT/g2.79e12/maxLevel11/wavelengths250/numPhotons1e8/niter2048/inc0/dust/sph_i00_sed.pdf
20/06/2021 10:04:04.549   Finished visual/plot_seds.
Saved spectrum as numpy arrays
20/06/2021 10:04:05.034   Starting visual/make_images...
20/06/2021 10:04:06.989   Created /scratch/ntf229/RT_fit/resources/SKIRT/g2.79e12/maxLevel11/wavelengths250/numPhotons1e8/niter2048/inc0/dust/sph_i00_total.png
20/06/2021 10:04:06.991   Finished visual/make_images.
The code has started
Using GWSLC1
Generating SKIRT SED
Including dust
maxLength: 322596.0
skipping fit
