split: ['FullInstrument', 'inclination']
length: 2
inclination 0_deg
split: ['FullInstrument', 'numPixelsX']
length: 2
numPixelsX 2000
split: ['FullInstrument', 'numPixelsY']
length: 2
numPixelsY 2000
split: ['DensityTreePolicy', 'maxLevel']
length: 2
maxLevel 11
split: ['MonteCarloSimulation', 'numPackets']
length: 2
numPackets 1e8
split: ['radiationFieldWLG', 'LogWavelengthGrid', 'numWavelengths']
length: 3
numWavelengths 250
split: ['dustEmissionWLG', 'LogWavelengthGrid', 'numWavelengths']
length: 3
numWavelengths 250
split: ['defaultWavelengthGrid', 'LogWavelengthGrid', 'numWavelengths']
length: 3
numWavelengths 250
split: ['PolicyTreeSpatialGrid', 'minX']
length: 2
minX -32820.4375_pc
split: ['PolicyTreeSpatialGrid', 'maxX']
length: 2
maxX 32820.4375_pc
split: ['PolicyTreeSpatialGrid', 'minY']
length: 2
minY -32820.4375_pc
split: ['PolicyTreeSpatialGrid', 'maxY']
length: 2
maxY 32820.4375_pc
split: ['PolicyTreeSpatialGrid', 'minZ']
length: 2
minZ -32820.4375_pc
split: ['PolicyTreeSpatialGrid', 'maxZ']
length: 2
maxZ 32820.4375_pc
split: ['FullInstrument', 'fieldOfViewX']
length: 2
fieldOfViewX 43760.583333333336_pc
split: ['FullInstrument', 'fieldOfViewY']
length: 2
fieldOfViewY 43760.583333333336_pc
20/06/2021 09:42:01.798   Welcome to SKIRT v9.0 (git 57736d1 built on 03/02/2021 at 14:00:01)
20/06/2021 09:42:01.798   Running on cs403.nyu.cluster for ntf229
20/06/2021 09:42:01.798   Constructing a simulation from ski file 'sph.ski'...
20/06/2021 09:42:01.814   Starting simulation sph using 40 threads and a single process...
20/06/2021 09:42:01.814   Starting setup...
20/06/2021 09:42:01.814     Panchromatic wavelength regime
20/06/2021 09:42:01.814     With transfer medium
20/06/2021 09:42:01.814     Including dust emission
20/06/2021 09:42:01.814     Model and grid symmetry: 3D
20/06/2021 09:42:01.815   FSPSSEDFamily opened stored table /ext3/SKIRT/resources/SKIRT9_Resources_Core/SED/FSPSSEDFamily_Chabrier.stab
20/06/2021 09:42:01.815   ParticleSource reads smoothed source particles from text file /scratch/ntf229/RT_fit/resources/SKIRT/g7.08e11/maxLevel11/wavelengths250/numPhotons1e8/niter2048/inc0/dust/stars.txt...
20/06/2021 09:42:01.819     Column 1: position x (pc)
20/06/2021 09:42:01.819     Column 2: position y (pc)
20/06/2021 09:42:01.819     Column 3: position z (pc)
20/06/2021 09:42:01.819     Column 4: size h (pc)
20/06/2021 09:42:01.819     Column 5: velocity x (km/s)
20/06/2021 09:42:01.819     Column 6: velocity y (km/s)
20/06/2021 09:42:01.819     Column 7: velocity z (km/s)
20/06/2021 09:42:01.819     Column 8: initial mass (Msun)
20/06/2021 09:42:01.819     Column 9: metallicity (1)
20/06/2021 09:42:01.819     Column 10: age (yr)
20/06/2021 09:42:04.381   Done reading
20/06/2021 09:42:04.381     Number of particles: 481571
20/06/2021 09:42:04.383   Calculating luminosities for 481571 imported entities...
20/06/2021 09:42:09.477   Calculated luminosities: 18.4%
20/06/2021 09:42:14.757   Calculated luminosities: 44.3%
20/06/2021 09:42:19.763   Calculated luminosities: 68.1%
20/06/2021 09:42:24.851   Calculated luminosities: 93.8%
20/06/2021 09:42:25.657   DraineLiDustMix opened stored table /ext3/SKIRT/resources/SKIRT9_Resources_Core/OpticalProps/DustEM_aSil_OpticalProps.stab
20/06/2021 09:42:26.663   DraineLiDustMix opened stored table /ext3/SKIRT/resources/SKIRT9_Resources_Core/OpticalProps/DustEM_Gra_OpticalProps.stab
20/06/2021 09:42:28.222   DraineLiDustMix opened stored table /ext3/SKIRT/resources/SKIRT9_Resources_Core/OpticalProps/DustEM_PAH0_DL07_OpticalProps.stab
20/06/2021 09:42:28.349   DraineLiDustMix opened stored table /ext3/SKIRT/resources/SKIRT9_Resources_Core/OpticalProps/DustEM_PAH1_DL07_OpticalProps.stab
20/06/2021 09:42:28.485   DraineLiDustMix opened stored table /ext3/SKIRT/resources/SKIRT9_Resources_Core/OpticalProps/DustEM_aSil_OpticalProps.stab
20/06/2021 09:42:28.580   DraineLiDustMix opened stored table /ext3/SKIRT/resources/SKIRT9_Resources_Core/OpticalProps/DustEM_Gra_OpticalProps.stab
20/06/2021 09:42:28.750   DraineLiDustMix opened stored table /ext3/SKIRT/resources/SKIRT9_Resources_Core/OpticalProps/DustEM_PAH0_DL07_OpticalProps.stab
20/06/2021 09:42:28.802   DraineLiDustMix opened stored table /ext3/SKIRT/resources/SKIRT9_Resources_Core/OpticalProps/DustEM_PAH1_DL07_OpticalProps.stab
20/06/2021 09:42:28.854   DraineLiDustMix allocated 483 KB of memory
20/06/2021 09:42:28.854   ParticleMedium reads smoothed particles from text file /scratch/ntf229/RT_fit/resources/SKIRT/g7.08e11/maxLevel11/wavelengths250/numPhotons1e8/niter2048/inc0/dust/gas.txt...
20/06/2021 09:42:28.854     Column 1: position x (pc)
20/06/2021 09:42:28.854     Column 2: position y (pc)
20/06/2021 09:42:28.854     Column 3: position z (pc)
20/06/2021 09:42:28.854     Column 4: size h (pc)
20/06/2021 09:42:28.854     Column 5: mass (Msun)
20/06/2021 09:42:28.854     Column 6: metallicity (1)
20/06/2021 09:42:28.854     Column 7: temperature (K)
20/06/2021 09:42:29.850   Done reading
20/06/2021 09:42:29.850     Number of particles: 255395
20/06/2021 09:42:29.857     Total original mass : 7.3963e+10 Msun
20/06/2021 09:42:29.858     Total metallic mass : 6.4888e+08 Msun
20/06/2021 09:42:29.858     Total effective mass: 6.4888e+08 Msun
20/06/2021 09:42:29.861   Constructing intermediate 20x20x20 grid for particles...
20/06/2021 09:42:29.914     Smallest number of particles per cell: 7
20/06/2021 09:42:29.914     Largest  number of particles per cell: 4318
20/06/2021 09:42:29.914     Average  number of particles per cell: 114.0
20/06/2021 09:42:29.916   Constructing the spatial tree grid...
20/06/2021 09:42:29.916   Subdividing level 0: 1 nodes
20/06/2021 09:42:29.916   Subdividing level 1: 8 nodes
20/06/2021 09:42:29.916   Subdividing level 2: 64 nodes
20/06/2021 09:42:29.916   Subdividing level 3: 512 nodes
20/06/2021 09:42:29.922   Subdividing level 4: 4096 nodes
20/06/2021 09:42:29.960   Subdividing level 5: 28736 nodes
20/06/2021 09:42:30.141   Subdividing level 6: 97304 nodes
20/06/2021 09:42:30.709   Subdividing level 7: 227736 nodes
20/06/2021 09:42:32.154   Subdividing level 8: 438952 nodes
20/06/2021 09:42:35.303   Subdividing level 9: 757016 nodes
20/06/2021 09:42:40.308   Evaluation for level 9: 80.0%
20/06/2021 09:42:42.847   Subdividing level 10: 1178832 nodes
20/06/2021 09:42:47.848   Evaluation for level 10: 27.5%
20/06/2021 09:42:52.851   Evaluation for level 10: 70.6%
20/06/2021 09:43:00.385   Finished construction of the spatial tree grid
20/06/2021 09:43:00.385   Number of cells at each level in the tree hierarchy:
20/06/2021 09:43:00.385     Level  0:        0 (  0.0%)  |
20/06/2021 09:43:00.385     Level  1:        0 (  0.0%)  |
20/06/2021 09:43:00.385     Level  2:        0 (  0.0%)  |
20/06/2021 09:43:00.385     Level  3:        0 (  0.0%)  |
20/06/2021 09:43:00.385     Level  4:      504 (  0.0%)  |
20/06/2021 09:43:00.385     Level  5:    16573 (  0.5%)  |
20/06/2021 09:43:00.385     Level  6:    68837 (  2.2%)  |*
20/06/2021 09:43:00.385     Level  7:   172867 (  5.5%)  |***
20/06/2021 09:43:00.385     Level  8:   344325 ( 10.9%)  |******
20/06/2021 09:43:00.385     Level  9:   609662 ( 19.3%)  |***********
20/06/2021 09:43:00.385     Level 10:  1069279 ( 33.9%)  |********************
20/06/2021 09:43:00.385     Level 11:   876424 ( 27.7%)  |****************
20/06/2021 09:43:00.385     TOTAL   :  3158471 (100.0%)
20/06/2021 09:43:03.326   MediumSystem allocated 5.93 GB of memory
20/06/2021 09:43:03.326   Calculating densities for 3158471 cells...
20/06/2021 09:43:08.430   Calculated cell densities: 26.6%
20/06/2021 09:43:13.569   Calculated cell densities: 42.8%
20/06/2021 09:43:18.571   Calculated cell densities: 60.0%
20/06/2021 09:43:24.124   Calculated cell densities: 72.5%
20/06/2021 09:43:29.128   Calculated cell densities: 84.7%
20/06/2021 09:43:34.296   Calculated cell densities: 97.8%
20/06/2021 09:43:38.124   Done calculating cell densities
20/06/2021 09:43:41.834   FullInstrument i00 allocated 7.45 GB of memory
[32m20/06/2021 09:43:41.835 - Finished setup in 100 s (1m 40s).
[0m20/06/2021 09:43:41.835   Starting setup output...
[32m20/06/2021 09:43:41.835 - Finished setup output in 0.0 s.
[0m20/06/2021 09:43:41.835   Starting the run...
20/06/2021 09:43:41.835   Starting primary emission...
20/06/2021 09:43:44.429   Launching 1e8 primary emission photon packets
20/06/2021 09:43:49.430   Launched primary emission photon packets: 0.7%
20/06/2021 09:43:54.440   Launched primary emission photon packets: 1.5%
20/06/2021 09:43:59.444   Launched primary emission photon packets: 2.2%
20/06/2021 09:44:04.448   Launched primary emission photon packets: 2.9%
20/06/2021 09:44:09.455   Launched primary emission photon packets: 3.6%
20/06/2021 09:44:14.460   Launched primary emission photon packets: 4.4%
20/06/2021 09:44:19.465   Launched primary emission photon packets: 5.1%
20/06/2021 09:44:24.467   Launched primary emission photon packets: 5.8%
20/06/2021 09:44:29.470   Launched primary emission photon packets: 6.5%
20/06/2021 09:44:34.472   Launched primary emission photon packets: 7.2%
20/06/2021 09:44:39.478   Launched primary emission photon packets: 7.9%
20/06/2021 09:44:44.484   Launched primary emission photon packets: 8.6%
20/06/2021 09:44:49.494   Launched primary emission photon packets: 9.3%
20/06/2021 09:44:54.506   Launched primary emission photon packets: 10.0%
20/06/2021 09:44:59.529   Launched primary emission photon packets: 10.7%
20/06/2021 09:45:04.530   Launched primary emission photon packets: 11.4%
20/06/2021 09:45:09.541   Launched primary emission photon packets: 12.0%
20/06/2021 09:45:14.547   Launched primary emission photon packets: 12.7%
20/06/2021 09:45:19.548   Launched primary emission photon packets: 13.3%
20/06/2021 09:45:24.564   Launched primary emission photon packets: 14.0%
20/06/2021 09:45:29.566   Launched primary emission photon packets: 14.6%
20/06/2021 09:45:34.574   Launched primary emission photon packets: 15.2%
20/06/2021 09:45:39.585   Launched primary emission photon packets: 15.9%
20/06/2021 09:45:44.589   Launched primary emission photon packets: 16.5%
20/06/2021 09:45:49.589   Launched primary emission photon packets: 17.2%
20/06/2021 09:45:54.595   Launched primary emission photon packets: 17.8%
20/06/2021 09:45:59.607   Launched primary emission photon packets: 18.4%
20/06/2021 09:46:04.613   Launched primary emission photon packets: 19.0%
20/06/2021 09:46:09.625   Launched primary emission photon packets: 19.7%
20/06/2021 09:46:14.626   Launched primary emission photon packets: 20.3%
20/06/2021 09:46:19.631   Launched primary emission photon packets: 20.9%
20/06/2021 09:46:24.643   Launched primary emission photon packets: 21.5%
20/06/2021 09:46:29.650   Launched primary emission photon packets: 22.1%
20/06/2021 09:46:34.672   Launched primary emission photon packets: 22.8%
20/06/2021 09:46:39.672   Launched primary emission photon packets: 23.4%
20/06/2021 09:46:44.693   Launched primary emission photon packets: 24.0%
20/06/2021 09:46:49.714   Launched primary emission photon packets: 24.7%
20/06/2021 09:46:54.732   Launched primary emission photon packets: 25.4%
20/06/2021 09:46:59.736   Launched primary emission photon packets: 26.0%
20/06/2021 09:47:04.743   Launched primary emission photon packets: 26.6%
20/06/2021 09:47:09.767   Launched primary emission photon packets: 27.3%
20/06/2021 09:47:14.770   Launched primary emission photon packets: 27.9%
20/06/2021 09:47:19.775   Launched primary emission photon packets: 28.6%
20/06/2021 09:47:24.791   Launched primary emission photon packets: 29.2%
20/06/2021 09:47:29.796   Launched primary emission photon packets: 29.8%
20/06/2021 09:47:34.832   Launched primary emission photon packets: 30.5%
20/06/2021 09:47:39.835   Launched primary emission photon packets: 31.1%
20/06/2021 09:47:44.847   Launched primary emission photon packets: 31.7%
20/06/2021 09:47:49.868   Launched primary emission photon packets: 32.4%
20/06/2021 09:47:54.875   Launched primary emission photon packets: 33.0%
20/06/2021 09:47:59.879   Launched primary emission photon packets: 33.7%
20/06/2021 09:48:04.881   Launched primary emission photon packets: 34.3%
20/06/2021 09:48:09.882   Launched primary emission photon packets: 35.0%
20/06/2021 09:48:14.905   Launched primary emission photon packets: 35.6%
20/06/2021 09:48:19.926   Launched primary emission photon packets: 36.3%
20/06/2021 09:48:24.927   Launched primary emission photon packets: 37.0%
20/06/2021 09:48:29.949   Launched primary emission photon packets: 37.6%
20/06/2021 09:48:34.962   Launched primary emission photon packets: 38.3%
20/06/2021 09:48:39.977   Launched primary emission photon packets: 38.9%
20/06/2021 09:48:44.987   Launched primary emission photon packets: 39.6%
20/06/2021 09:48:49.995   Launched primary emission photon packets: 40.2%
20/06/2021 09:48:55.001   Launched primary emission photon packets: 40.9%
20/06/2021 09:49:00.006   Launched primary emission photon packets: 41.6%
20/06/2021 09:49:05.015   Launched primary emission photon packets: 42.2%
20/06/2021 09:49:10.018   Launched primary emission photon packets: 42.9%
20/06/2021 09:49:15.018   Launched primary emission photon packets: 43.5%
20/06/2021 09:49:20.022   Launched primary emission photon packets: 44.2%
20/06/2021 09:49:25.026   Launched primary emission photon packets: 44.9%
20/06/2021 09:49:30.028   Launched primary emission photon packets: 45.6%
20/06/2021 09:49:35.047   Launched primary emission photon packets: 46.3%
20/06/2021 09:49:40.053   Launched primary emission photon packets: 46.9%
20/06/2021 09:49:45.064   Launched primary emission photon packets: 47.6%
20/06/2021 09:49:50.067   Launched primary emission photon packets: 48.3%
20/06/2021 09:49:55.071   Launched primary emission photon packets: 48.9%
20/06/2021 09:50:00.073   Launched primary emission photon packets: 49.5%
20/06/2021 09:50:05.074   Launched primary emission photon packets: 50.2%
20/06/2021 09:50:10.075   Launched primary emission photon packets: 50.8%
20/06/2021 09:50:15.076   Launched primary emission photon packets: 51.5%
20/06/2021 09:50:20.076   Launched primary emission photon packets: 52.2%
20/06/2021 09:50:25.080   Launched primary emission photon packets: 52.9%
20/06/2021 09:50:30.089   Launched primary emission photon packets: 53.5%
20/06/2021 09:50:35.090   Launched primary emission photon packets: 54.2%
20/06/2021 09:50:40.108   Launched primary emission photon packets: 54.9%
20/06/2021 09:50:45.122   Launched primary emission photon packets: 55.5%
20/06/2021 09:50:50.132   Launched primary emission photon packets: 56.2%
20/06/2021 09:50:55.134   Launched primary emission photon packets: 56.8%
20/06/2021 09:51:00.134   Launched primary emission photon packets: 57.5%
20/06/2021 09:51:05.142   Launched primary emission photon packets: 58.1%
20/06/2021 09:51:10.161   Launched primary emission photon packets: 58.8%
20/06/2021 09:51:15.165   Launched primary emission photon packets: 59.4%
20/06/2021 09:51:20.165   Launched primary emission photon packets: 60.0%
20/06/2021 09:51:25.172   Launched primary emission photon packets: 60.7%
20/06/2021 09:51:30.175   Launched primary emission photon packets: 61.3%
20/06/2021 09:51:35.176   Launched primary emission photon packets: 62.0%
20/06/2021 09:51:40.179   Launched primary emission photon packets: 62.6%
20/06/2021 09:51:45.179   Launched primary emission photon packets: 63.2%
20/06/2021 09:51:50.180   Launched primary emission photon packets: 63.9%
20/06/2021 09:51:55.185   Launched primary emission photon packets: 64.5%
20/06/2021 09:52:00.198   Launched primary emission photon packets: 65.1%
20/06/2021 09:52:05.206   Launched primary emission photon packets: 65.8%
20/06/2021 09:52:10.210   Launched primary emission photon packets: 66.4%
20/06/2021 09:52:15.242   Launched primary emission photon packets: 67.0%
20/06/2021 09:52:20.264   Launched primary emission photon packets: 67.7%
20/06/2021 09:52:25.280   Launched primary emission photon packets: 68.3%
20/06/2021 09:52:30.292   Launched primary emission photon packets: 69.0%
20/06/2021 09:52:35.293   Launched primary emission photon packets: 69.7%
20/06/2021 09:52:40.302   Launched primary emission photon packets: 70.3%
20/06/2021 09:52:45.306   Launched primary emission photon packets: 71.0%
20/06/2021 09:52:50.320   Launched primary emission photon packets: 71.6%
20/06/2021 09:52:55.335   Launched primary emission photon packets: 72.3%
20/06/2021 09:53:00.336   Launched primary emission photon packets: 73.0%
20/06/2021 09:53:05.342   Launched primary emission photon packets: 73.7%
20/06/2021 09:53:10.342   Launched primary emission photon packets: 74.3%
20/06/2021 09:53:15.350   Launched primary emission photon packets: 75.0%
20/06/2021 09:53:20.354   Launched primary emission photon packets: 75.7%
20/06/2021 09:53:25.361   Launched primary emission photon packets: 76.4%
20/06/2021 09:53:30.362   Launched primary emission photon packets: 77.1%
20/06/2021 09:53:35.372   Launched primary emission photon packets: 77.7%
20/06/2021 09:53:40.373   Launched primary emission photon packets: 78.4%
20/06/2021 09:53:45.382   Launched primary emission photon packets: 79.1%
20/06/2021 09:53:50.385   Launched primary emission photon packets: 79.8%
20/06/2021 09:53:55.386   Launched primary emission photon packets: 80.5%
20/06/2021 09:54:00.393   Launched primary emission photon packets: 81.2%
20/06/2021 09:54:05.418   Launched primary emission photon packets: 81.9%
20/06/2021 09:54:10.420   Launched primary emission photon packets: 82.6%
20/06/2021 09:54:15.427   Launched primary emission photon packets: 83.4%
20/06/2021 09:54:20.428   Launched primary emission photon packets: 84.2%
20/06/2021 09:54:25.431   Launched primary emission photon packets: 84.9%
20/06/2021 09:54:30.434   Launched primary emission photon packets: 85.7%
20/06/2021 09:54:35.435   Launched primary emission photon packets: 86.5%
20/06/2021 09:54:40.450   Launched primary emission photon packets: 87.4%
20/06/2021 09:54:45.463   Launched primary emission photon packets: 88.2%
20/06/2021 09:54:50.469   Launched primary emission photon packets: 89.0%
20/06/2021 09:54:55.473   Launched primary emission photon packets: 89.8%
20/06/2021 09:55:00.476   Launched primary emission photon packets: 90.6%
20/06/2021 09:55:05.478   Launched primary emission photon packets: 91.5%
20/06/2021 09:55:10.480   Launched primary emission photon packets: 92.3%
20/06/2021 09:55:15.495   Launched primary emission photon packets: 93.2%
20/06/2021 09:55:20.498   Launched primary emission photon packets: 94.1%
20/06/2021 09:55:25.509   Launched primary emission photon packets: 95.0%
20/06/2021 09:55:30.527   Launched primary emission photon packets: 95.8%
20/06/2021 09:55:35.534   Launched primary emission photon packets: 96.5%
20/06/2021 09:55:40.547   Launched primary emission photon packets: 97.2%
20/06/2021 09:55:45.556   Launched primary emission photon packets: 97.8%
20/06/2021 09:55:50.561   Launched primary emission photon packets: 98.4%
20/06/2021 09:55:55.574   Launched primary emission photon packets: 98.9%
20/06/2021 09:56:00.582   Launched primary emission photon packets: 99.3%
20/06/2021 09:56:05.583   Launched primary emission photon packets: 99.7%
20/06/2021 09:56:10.584   Launched primary emission photon packets: 99.9%
20/06/2021 09:56:15.614   Launched primary emission photon packets: 100.0%
[32m20/06/2021 09:56:18.654 - Finished primary emission in 757 s (12m 37s).
[0m20/06/2021 09:56:18.654   Starting secondary emission...
20/06/2021 09:56:20.013   Emitting from 3157461 out of 3158471 spatial cells
20/06/2021 09:56:20.026   Launching 1e8 secondary emission photon packets
20/06/2021 09:56:25.031   Launched secondary emission photon packets: 3.2%
20/06/2021 09:56:30.033   Launched secondary emission photon packets: 6.6%
20/06/2021 09:56:35.033   Launched secondary emission photon packets: 9.9%
20/06/2021 09:56:40.034   Launched secondary emission photon packets: 12.8%
20/06/2021 09:56:45.036   Launched secondary emission photon packets: 15.4%
20/06/2021 09:56:50.038   Launched secondary emission photon packets: 17.9%
20/06/2021 09:56:55.040   Launched secondary emission photon packets: 20.4%
20/06/2021 09:57:00.040   Launched secondary emission photon packets: 22.8%
20/06/2021 09:57:05.046   Launched secondary emission photon packets: 25.2%
20/06/2021 09:57:10.048   Launched secondary emission photon packets: 27.5%
20/06/2021 09:57:15.052   Launched secondary emission photon packets: 29.8%
20/06/2021 09:57:20.060   Launched secondary emission photon packets: 32.1%
20/06/2021 09:57:25.061   Launched secondary emission photon packets: 34.3%
20/06/2021 09:57:30.063   Launched secondary emission photon packets: 36.5%
20/06/2021 09:57:35.070   Launched secondary emission photon packets: 38.7%
20/06/2021 09:57:40.071   Launched secondary emission photon packets: 40.9%
20/06/2021 09:57:45.072   Launched secondary emission photon packets: 43.1%
20/06/2021 09:57:50.072   Launched secondary emission photon packets: 45.2%
20/06/2021 09:57:55.075   Launched secondary emission photon packets: 47.4%
20/06/2021 09:58:00.075   Launched secondary emission photon packets: 49.5%
20/06/2021 09:58:05.075   Launched secondary emission photon packets: 51.7%
20/06/2021 09:58:10.075   Launched secondary emission photon packets: 53.8%
20/06/2021 09:58:15.076   Launched secondary emission photon packets: 56.0%
20/06/2021 09:58:20.077   Launched secondary emission photon packets: 58.2%
20/06/2021 09:58:25.079   Launched secondary emission photon packets: 60.4%
20/06/2021 09:58:30.080   Launched secondary emission photon packets: 62.6%
20/06/2021 09:58:35.082   Launched secondary emission photon packets: 64.7%
20/06/2021 09:58:40.083   Launched secondary emission photon packets: 66.9%
20/06/2021 09:58:45.084   Launched secondary emission photon packets: 69.0%
20/06/2021 09:58:50.084   Launched secondary emission photon packets: 71.1%
20/06/2021 09:58:55.085   Launched secondary emission photon packets: 73.0%
20/06/2021 09:59:00.086   Launched secondary emission photon packets: 75.0%
20/06/2021 09:59:05.086   Launched secondary emission photon packets: 77.0%
20/06/2021 09:59:10.090   Launched secondary emission photon packets: 78.9%
20/06/2021 09:59:15.094   Launched secondary emission photon packets: 80.9%
20/06/2021 09:59:20.098   Launched secondary emission photon packets: 82.9%
20/06/2021 09:59:25.107   Launched secondary emission photon packets: 84.8%
20/06/2021 09:59:30.108   Launched secondary emission photon packets: 86.8%
20/06/2021 09:59:35.108   Launched secondary emission photon packets: 88.8%
20/06/2021 09:59:40.108   Launched secondary emission photon packets: 90.7%
20/06/2021 09:59:45.112   Launched secondary emission photon packets: 92.7%
20/06/2021 09:59:50.121   Launched secondary emission photon packets: 94.7%
20/06/2021 09:59:55.123   Launched secondary emission photon packets: 96.5%
20/06/2021 10:00:00.127   Launched secondary emission photon packets: 97.8%
20/06/2021 10:00:05.133   Launched secondary emission photon packets: 98.6%
20/06/2021 10:00:10.134   Launched secondary emission photon packets: 99.3%
20/06/2021 10:00:15.154   Launched secondary emission photon packets: 99.9%
[32m20/06/2021 10:00:18.707 - Finished secondary emission in 240 s (4m 0s).
[0m[32m20/06/2021 10:00:18.707 - Finished the run in 997 s (16m 37s).
[0m20/06/2021 10:00:18.707   Starting final output...
20/06/2021 10:00:21.462   FullInstrument i00 wrote SED to /scratch/ntf229/RT_fit/resources/SKIRT/g7.08e11/maxLevel11/wavelengths250/numPhotons1e8/niter2048/inc0/dust/sph_i00_sed.dat
20/06/2021 10:00:24.616   FullInstrument i00 wrote total flux to FITS file /scratch/ntf229/RT_fit/resources/SKIRT/g7.08e11/maxLevel11/wavelengths250/numPhotons1e8/niter2048/inc0/dust/sph_i00_total.fits
[32m20/06/2021 10:00:24.616 - Finished final output in 5.9 s.
[0m[32m20/06/2021 10:00:24.616 - Finished simulation sph using 40 threads and a single process in 1103 s (18m 23s).
[0m20/06/2021 10:00:29.116   Available memory: 188 GB -- Peak memory usage: 15.6 GB (8.3%)
20/06/2021 10:00:29.872   Starting visual/plot_seds...
20/06/2021 10:00:30.499   Created /scratch/ntf229/RT_fit/resources/SKIRT/g7.08e11/maxLevel11/wavelengths250/numPhotons1e8/niter2048/inc0/dust/sph_i00_sed.pdf
20/06/2021 10:00:30.499   Finished visual/plot_seds.
Saved spectrum as numpy arrays
20/06/2021 10:00:30.987   Starting visual/make_images...
20/06/2021 10:00:33.049   Created /scratch/ntf229/RT_fit/resources/SKIRT/g7.08e11/maxLevel11/wavelengths250/numPhotons1e8/niter2048/inc0/dust/sph_i00_total.png
20/06/2021 10:00:33.051   Finished visual/make_images.
The code has started
Using GWSLC1
Generating SKIRT SED
Including dust
maxLength: 196922.625
skipping fit
