/ext3/miniconda3/lib/python3.8/site-packages/prospect-1.0.0-py3.8.egg/prospect/models/priors.py:104: RuntimeWarning: divide by zero encountered in log
/ext3/miniconda3/lib/python3.8/site-packages/prospect-1.0.0-py3.8.egg/prospect/io/write_results.py:290: RuntimeWarning: Could not JSON serialize run_params, pickled instead
/ext3/miniconda3/lib/python3.8/site-packages/prospect-1.0.0-py3.8.egg/prospect/io/write_results.py:290: RuntimeWarning: Could not JSON serialize model_params, pickled instead
maggies [7.49849403e-08 2.84508878e-07 5.14397153e-07 7.03207598e-07
 1.03154235e-06 1.14680036e-08 1.54316062e-08 1.61397352e-06
 2.08686741e-06 1.75607990e-06 1.38364434e-06 8.70001730e-07
 3.40443680e-07 3.43465990e-06 1.35811758e-06 9.40886554e-07
 6.92359971e-07 3.81637240e-07 4.71953425e-06 2.51976167e-04
 7.90405266e-04 2.52583670e-04 5.45138379e-04 7.65304713e-04
 5.14230511e-04 2.75402962e-04 1.13926406e-04]
effective wavelengths [3.54600064e+03 4.66959394e+03 6.15568605e+03 7.47157139e+03
 8.91739872e+03 1.52805975e+03 2.27112579e+03 1.23198415e+04
 1.64200412e+04 2.15670847e+04 3.34610204e+04 4.59520898e+04
 1.15526289e+05 2.20783489e+05 3.53785101e+04 4.47805510e+04
 5.69621966e+04 7.79802047e+04 2.34336490e+05 6.98648530e+05
 1.54271179e+06 7.00164875e+05 9.96011312e+05 1.58578825e+06
 2.50451650e+06 3.51377925e+06 5.07849300e+06]
redshift is  0.0
applying luminosity distance 100
applying dust parameters
adding dust emission
dust type set by config file: 0
in the dust_type=0 if statement
model: :::::::
<class 'prospect.models.sedmodel.SedModel'>

Free Parameters: (name: prior) 
-----------
  mass: <class 'prospect.models.priors.LogUniform'>(mini=100000000.0,maxi=10000000000000.0)
  logzsol: <class 'prospect.models.priors.TopHat'>(mini=-2.0,maxi=0.5)
  dust2: <class 'prospect.models.priors.TopHat'>(mini=0.0,maxi=10.0)
  tage: <class 'prospect.models.priors.LogUniform'>(mini=0.1,maxi=14)
  tau: <class 'prospect.models.priors.LogUniform'>(mini=0.1,maxi=50)
  duste_umin: <class 'prospect.models.priors.TopHat'>(mini=0.1,maxi=25.0)
  duste_qpah: <class 'prospect.models.priors.TopHat'>(mini=0.0,maxi=10.0)
  duste_gamma: <class 'prospect.models.priors.TopHat'>(mini=0.0,maxi=1.0)
  dust1: <class 'prospect.models.priors.TopHat'>(mini=0.0,maxi=10.0)
  dust_index: <class 'prospect.models.priors.TopHat'>(mini=-5,maxi=5)
  dust1_index: <class 'prospect.models.priors.TopHat'>(mini=-5,maxi=5)

Fixed Parameters: (name: value [, depends_on]) 
-----------
  zred: [0.] 
  sfh: [4] 
  imf_type: [1] 
  dust_type: [0] 
  lumdist: [100] 
  add_dust_emission: [ True] 
number of walkers=256
done burn #0 (16 iterations)
done burn #1 (32 iterations)
done burn #2 (64 iterations)
number of walkers=256
starting production
done production
done fitting
fit file written
redshift is  0.0
applying luminosity distance 100
applying dust parameters
adding dust emission
dust type set by config file: 0
in the dust_type=0 if statement
N is 524288
max percentile 92.0445442199707
max percentile 48.78664016723633
max percentile 78.98225784301758
max percentile 84.60683822631836
max percentile 68.87445449829102
max percentile 32.291316986083984
max percentile 9.241008758544922
max percentile 1.9068717956542969
max percentile 26.769161224365234
max percentile 88.68551254272461
max percentile 70.71676254272461
Maximum posterior probability parameters: 
mass 59330118273.795654
logzsol -0.2502560615109732
dust2 1.4084605108276111
tage 13.564613409748
tau 2.0849290130687224
duste_umin 0.5770579118871364
duste_qpah 0.0005040419483461685
duste_gamma 1.7074022216968475e-06
dust1 0.2899306570581567
dust_index -0.29083497785832546
dust1_index 3.267503568900264
The code has started
Using DustPedia
SKIRT generated SED already exists
starting fit
Time to get SKIRT SED: 0:00:00.005186
made it to the end of inc0
