split: ['FullInstrument', 'inclination']
length: 2
inclination 0_deg
split: ['FullInstrument', 'numPixelsX']
length: 2
numPixelsX 2000
split: ['FullInstrument', 'numPixelsY']
length: 2
numPixelsY 2000
split: ['DensityTreePolicy', 'maxLevel']
length: 2
maxLevel 11
split: ['MonteCarloSimulation', 'numPackets']
length: 2
numPackets 1e8
split: ['radiationFieldWLG', 'LogWavelengthGrid', 'numWavelengths']
length: 3
numWavelengths 250
split: ['dustEmissionWLG', 'LogWavelengthGrid', 'numWavelengths']
length: 3
numWavelengths 250
split: ['defaultWavelengthGrid', 'LogWavelengthGrid', 'numWavelengths']
length: 3
numWavelengths 250
split: ['PolicyTreeSpatialGrid', 'minX']
length: 2
minX -31201.166666666668_pc
split: ['PolicyTreeSpatialGrid', 'maxX']
length: 2
maxX 31201.166666666668_pc
split: ['PolicyTreeSpatialGrid', 'minY']
length: 2
minY -31201.166666666668_pc
split: ['PolicyTreeSpatialGrid', 'maxY']
length: 2
maxY 31201.166666666668_pc
split: ['PolicyTreeSpatialGrid', 'minZ']
length: 2
minZ -31201.166666666668_pc
split: ['PolicyTreeSpatialGrid', 'maxZ']
length: 2
maxZ 31201.166666666668_pc
split: ['FullInstrument', 'fieldOfViewX']
length: 2
fieldOfViewX 41601.555555555555_pc
split: ['FullInstrument', 'fieldOfViewY']
length: 2
fieldOfViewY 41601.555555555555_pc
20/06/2021 09:40:52.536   Welcome to SKIRT v9.0 (git 57736d1 built on 03/02/2021 at 14:00:01)
20/06/2021 09:40:52.536   Running on cs179.nyu.cluster for ntf229
20/06/2021 09:40:52.536   Constructing a simulation from ski file 'sph.ski'...
20/06/2021 09:40:52.552   Starting simulation sph using 40 threads and a single process...
20/06/2021 09:40:52.552   Starting setup...
20/06/2021 09:40:52.552     Panchromatic wavelength regime
20/06/2021 09:40:52.552     With transfer medium
20/06/2021 09:40:52.552     Including dust emission
20/06/2021 09:40:52.552     Model and grid symmetry: 3D
20/06/2021 09:40:52.553   FSPSSEDFamily opened stored table /ext3/SKIRT/resources/SKIRT9_Resources_Core/SED/FSPSSEDFamily_Chabrier.stab
20/06/2021 09:40:52.553   ParticleSource reads smoothed source particles from text file /scratch/ntf229/RT_fit/resources/SKIRT/g5.36e11/maxLevel11/wavelengths250/numPhotons1e8/niter2048/inc0/dust/stars.txt...
20/06/2021 09:40:52.553     Column 1: position x (pc)
20/06/2021 09:40:52.553     Column 2: position y (pc)
20/06/2021 09:40:52.553     Column 3: position z (pc)
20/06/2021 09:40:52.553     Column 4: size h (pc)
20/06/2021 09:40:52.553     Column 5: velocity x (km/s)
20/06/2021 09:40:52.553     Column 6: velocity y (km/s)
20/06/2021 09:40:52.553     Column 7: velocity z (km/s)
20/06/2021 09:40:52.553     Column 8: initial mass (Msun)
20/06/2021 09:40:52.553     Column 9: metallicity (1)
20/06/2021 09:40:52.553     Column 10: age (yr)
20/06/2021 09:40:54.929   Done reading
20/06/2021 09:40:54.929     Number of particles: 445855
20/06/2021 09:40:54.931   Calculating luminosities for 445855 imported entities...
20/06/2021 09:41:01.341   Calculated luminosities: 25.3%
20/06/2021 09:41:07.864   Calculated luminosities: 62.8%
20/06/2021 09:41:12.392   DraineLiDustMix opened stored table /ext3/SKIRT/resources/SKIRT9_Resources_Core/OpticalProps/DustEM_aSil_OpticalProps.stab
20/06/2021 09:41:13.399   DraineLiDustMix opened stored table /ext3/SKIRT/resources/SKIRT9_Resources_Core/OpticalProps/DustEM_Gra_OpticalProps.stab
20/06/2021 09:41:14.962   DraineLiDustMix opened stored table /ext3/SKIRT/resources/SKIRT9_Resources_Core/OpticalProps/DustEM_PAH0_DL07_OpticalProps.stab
20/06/2021 09:41:15.088   DraineLiDustMix opened stored table /ext3/SKIRT/resources/SKIRT9_Resources_Core/OpticalProps/DustEM_PAH1_DL07_OpticalProps.stab
20/06/2021 09:41:15.223   DraineLiDustMix opened stored table /ext3/SKIRT/resources/SKIRT9_Resources_Core/OpticalProps/DustEM_aSil_OpticalProps.stab
20/06/2021 09:41:15.318   DraineLiDustMix opened stored table /ext3/SKIRT/resources/SKIRT9_Resources_Core/OpticalProps/DustEM_Gra_OpticalProps.stab
20/06/2021 09:41:15.487   DraineLiDustMix opened stored table /ext3/SKIRT/resources/SKIRT9_Resources_Core/OpticalProps/DustEM_PAH0_DL07_OpticalProps.stab
20/06/2021 09:41:15.540   DraineLiDustMix opened stored table /ext3/SKIRT/resources/SKIRT9_Resources_Core/OpticalProps/DustEM_PAH1_DL07_OpticalProps.stab
20/06/2021 09:41:15.592   DraineLiDustMix allocated 483 KB of memory
20/06/2021 09:41:15.592   ParticleMedium reads smoothed particles from text file /scratch/ntf229/RT_fit/resources/SKIRT/g5.36e11/maxLevel11/wavelengths250/numPhotons1e8/niter2048/inc0/dust/gas.txt...
20/06/2021 09:41:15.598     Column 1: position x (pc)
20/06/2021 09:41:15.598     Column 2: position y (pc)
20/06/2021 09:41:15.598     Column 3: position z (pc)
20/06/2021 09:41:15.598     Column 4: size h (pc)
20/06/2021 09:41:15.598     Column 5: mass (Msun)
20/06/2021 09:41:15.598     Column 6: metallicity (1)
20/06/2021 09:41:15.598     Column 7: temperature (K)
20/06/2021 09:41:21.605   Done reading
20/06/2021 09:41:21.605     Number of particles: 1551332
20/06/2021 09:41:21.669     Total original mass : 6.5395e+10 Msun
20/06/2021 09:41:21.669     Total metallic mass : 3.6648e+08 Msun
20/06/2021 09:41:21.669     Total effective mass: 3.6648e+08 Msun
20/06/2021 09:41:21.669   Constructing intermediate 23x23x23 grid for particles...
20/06/2021 09:41:21.933     Smallest number of particles per cell: 14
20/06/2021 09:41:21.933     Largest  number of particles per cell: 9589
20/06/2021 09:41:21.933     Average  number of particles per cell: 290.1
20/06/2021 09:41:21.946   Constructing the spatial tree grid...
20/06/2021 09:41:21.947   Subdividing level 0: 1 nodes
20/06/2021 09:41:21.947   Subdividing level 1: 8 nodes
20/06/2021 09:41:21.947   Subdividing level 2: 64 nodes
20/06/2021 09:41:21.947   Subdividing level 3: 512 nodes
20/06/2021 09:41:21.959   Subdividing level 4: 4096 nodes
20/06/2021 09:41:22.030   Subdividing level 5: 32256 nodes
20/06/2021 09:41:22.457   Subdividing level 6: 137632 nodes
20/06/2021 09:41:24.302   Subdividing level 7: 286720 nodes
20/06/2021 09:41:29.255   Subdividing level 8: 448936 nodes
20/06/2021 09:41:34.279   Evaluation for level 8: 50.0%
20/06/2021 09:41:41.066   Evaluation for level 8: 100.0%
20/06/2021 09:41:41.713   Subdividing level 9: 644408 nodes
20/06/2021 09:41:46.956   Evaluation for level 9: 19.4%
20/06/2021 09:41:51.967   Evaluation for level 9: 41.2%
20/06/2021 09:41:57.063   Evaluation for level 9: 61.5%
20/06/2021 09:42:02.121   Evaluation for level 9: 80.9%
20/06/2021 09:42:07.156   Evaluation for level 9: 99.1%
20/06/2021 09:42:12.085   Subdividing level 10: 899408 nodes
20/06/2021 09:42:17.146   Evaluation for level 10: 5.9%
20/06/2021 09:42:22.392   Evaluation for level 10: 15.6%
20/06/2021 09:42:27.398   Evaluation for level 10: 25.0%
20/06/2021 09:42:32.505   Evaluation for level 10: 35.0%
20/06/2021 09:42:37.903   Evaluation for level 10: 45.3%
20/06/2021 09:42:42.993   Evaluation for level 10: 55.3%
20/06/2021 09:42:48.171   Evaluation for level 10: 63.4%
20/06/2021 09:42:53.177   Evaluation for level 10: 74.0%
20/06/2021 09:42:58.271   Evaluation for level 10: 83.7%
20/06/2021 09:43:03.286   Evaluation for level 10: 93.8%
20/06/2021 09:43:10.210   Finished construction of the spatial tree grid
20/06/2021 09:43:10.210   Number of cells at each level in the tree hierarchy:
20/06/2021 09:43:10.210     Level  0:        0 (  0.0%)  |
20/06/2021 09:43:10.210     Level  1:        0 (  0.0%)  |
20/06/2021 09:43:10.210     Level  2:        0 (  0.0%)  |
20/06/2021 09:43:10.210     Level  3:        0 (  0.0%)  |
20/06/2021 09:43:10.210     Level  4:       64 (  0.0%)  |
20/06/2021 09:43:10.210     Level  5:    15052 (  0.6%)  |
20/06/2021 09:43:10.210     Level  6:   101792 (  3.7%)  |**
20/06/2021 09:43:10.210     Level  7:   230603 (  8.4%)  |******
20/06/2021 09:43:10.210     Level  8:   368385 ( 13.5%)  |*********
20/06/2021 09:43:10.210     Level  9:   531982 ( 19.5%)  |*************
20/06/2021 09:43:10.210     Level 10:   815665 ( 29.8%)  |********************
20/06/2021 09:43:10.210     Level 11:   669944 ( 24.5%)  |****************
20/06/2021 09:43:10.210     TOTAL   :  2733487 (100.0%)
20/06/2021 09:43:12.727   MediumSystem allocated 5.13 GB of memory
20/06/2021 09:43:12.728   Calculating densities for 2733487 cells...
20/06/2021 09:43:17.737   Calculated cell densities: 10.9%
20/06/2021 09:43:22.760   Calculated cell densities: 21.2%
20/06/2021 09:43:28.210   Calculated cell densities: 27.2%
20/06/2021 09:43:33.227   Calculated cell densities: 32.5%
20/06/2021 09:43:38.494   Calculated cell densities: 39.1%
20/06/2021 09:43:44.559   Calculated cell densities: 45.3%
20/06/2021 09:43:50.978   Calculated cell densities: 47.5%
20/06/2021 09:43:56.160   Calculated cell densities: 50.9%
20/06/2021 09:44:01.408   Calculated cell densities: 55.3%
20/06/2021 09:44:06.484   Calculated cell densities: 57.8%
20/06/2021 09:44:11.589   Calculated cell densities: 61.9%
20/06/2021 09:44:16.853   Calculated cell densities: 65.0%
20/06/2021 09:44:21.903   Calculated cell densities: 68.4%
20/06/2021 09:44:27.753   Calculated cell densities: 72.8%
20/06/2021 09:44:35.965   Calculated cell densities: 73.7%
20/06/2021 09:44:40.981   Calculated cell densities: 77.5%
20/06/2021 09:44:46.120   Calculated cell densities: 80.6%
20/06/2021 09:44:51.364   Calculated cell densities: 83.1%
20/06/2021 09:44:56.414   Calculated cell densities: 85.6%
20/06/2021 09:45:01.459   Calculated cell densities: 88.8%
20/06/2021 09:45:07.064   Calculated cell densities: 91.6%
20/06/2021 09:45:12.092   Calculated cell densities: 93.1%
20/06/2021 09:45:17.825   Calculated cell densities: 96.3%
20/06/2021 09:45:22.900   Calculated cell densities: 98.1%
20/06/2021 09:45:28.703   Calculated cell densities: 99.1%
20/06/2021 09:45:33.805   Calculated cell densities: 99.4%
20/06/2021 09:45:38.076   Done calculating cell densities
20/06/2021 09:45:41.718   FullInstrument i00 allocated 7.45 GB of memory
[32m20/06/2021 09:45:41.718 - Finished setup in 289 s (4m 49s).
[0m20/06/2021 09:45:41.718   Starting setup output...
[32m20/06/2021 09:45:41.718 - Finished setup output in 0.0 s.
[0m20/06/2021 09:45:41.718   Starting the run...
20/06/2021 09:45:41.718   Starting primary emission...
20/06/2021 09:45:43.966   Launching 1e8 primary emission photon packets
20/06/2021 09:45:48.969   Launched primary emission photon packets: 0.8%
20/06/2021 09:45:53.978   Launched primary emission photon packets: 1.6%
20/06/2021 09:45:58.994   Launched primary emission photon packets: 2.4%
20/06/2021 09:46:04.002   Launched primary emission photon packets: 3.1%
20/06/2021 09:46:09.003   Launched primary emission photon packets: 3.9%
20/06/2021 09:46:14.011   Launched primary emission photon packets: 4.7%
20/06/2021 09:46:19.017   Launched primary emission photon packets: 5.5%
20/06/2021 09:46:24.019   Launched primary emission photon packets: 6.3%
20/06/2021 09:46:29.035   Launched primary emission photon packets: 7.2%
20/06/2021 09:46:34.037   Launched primary emission photon packets: 8.0%
20/06/2021 09:46:39.045   Launched primary emission photon packets: 8.8%
20/06/2021 09:46:44.052   Launched primary emission photon packets: 9.6%
20/06/2021 09:46:49.082   Launched primary emission photon packets: 10.4%
20/06/2021 09:46:54.086   Launched primary emission photon packets: 11.2%
20/06/2021 09:46:59.091   Launched primary emission photon packets: 12.0%
20/06/2021 09:47:04.093   Launched primary emission photon packets: 12.8%
20/06/2021 09:47:09.117   Launched primary emission photon packets: 13.6%
20/06/2021 09:47:14.127   Launched primary emission photon packets: 14.4%
20/06/2021 09:47:19.134   Launched primary emission photon packets: 15.2%
20/06/2021 09:47:24.136   Launched primary emission photon packets: 16.0%
20/06/2021 09:47:29.137   Launched primary emission photon packets: 16.8%
20/06/2021 09:47:34.138   Launched primary emission photon packets: 17.6%
20/06/2021 09:47:39.151   Launched primary emission photon packets: 18.4%
20/06/2021 09:47:44.161   Launched primary emission photon packets: 19.2%
20/06/2021 09:47:49.165   Launched primary emission photon packets: 19.9%
20/06/2021 09:47:54.167   Launched primary emission photon packets: 20.7%
20/06/2021 09:47:59.172   Launched primary emission photon packets: 21.5%
20/06/2021 09:48:04.177   Launched primary emission photon packets: 22.3%
20/06/2021 09:48:09.180   Launched primary emission photon packets: 23.2%
20/06/2021 09:48:14.184   Launched primary emission photon packets: 23.9%
20/06/2021 09:48:19.185   Launched primary emission photon packets: 24.7%
20/06/2021 09:48:24.190   Launched primary emission photon packets: 25.4%
20/06/2021 09:48:29.195   Launched primary emission photon packets: 26.2%
20/06/2021 09:48:34.198   Launched primary emission photon packets: 26.9%
20/06/2021 09:48:39.210   Launched primary emission photon packets: 27.6%
20/06/2021 09:48:44.216   Launched primary emission photon packets: 28.3%
20/06/2021 09:48:49.232   Launched primary emission photon packets: 29.0%
20/06/2021 09:48:54.240   Launched primary emission photon packets: 29.7%
20/06/2021 09:48:59.258   Launched primary emission photon packets: 30.4%
20/06/2021 09:49:04.262   Launched primary emission photon packets: 31.0%
20/06/2021 09:49:09.285   Launched primary emission photon packets: 31.7%
20/06/2021 09:49:14.289   Launched primary emission photon packets: 32.4%
20/06/2021 09:49:19.291   Launched primary emission photon packets: 33.1%
20/06/2021 09:49:24.316   Launched primary emission photon packets: 33.7%
20/06/2021 09:49:29.322   Launched primary emission photon packets: 34.4%
20/06/2021 09:49:34.324   Launched primary emission photon packets: 35.0%
20/06/2021 09:49:39.333   Launched primary emission photon packets: 35.6%
20/06/2021 09:49:44.337   Launched primary emission photon packets: 36.2%
20/06/2021 09:49:49.337   Launched primary emission photon packets: 36.9%
20/06/2021 09:49:54.343   Launched primary emission photon packets: 37.5%
20/06/2021 09:49:59.347   Launched primary emission photon packets: 38.1%
20/06/2021 09:50:04.360   Launched primary emission photon packets: 38.7%
20/06/2021 09:50:09.361   Launched primary emission photon packets: 39.3%
20/06/2021 09:50:14.369   Launched primary emission photon packets: 39.9%
20/06/2021 09:50:19.369   Launched primary emission photon packets: 40.5%
20/06/2021 09:50:24.379   Launched primary emission photon packets: 41.1%
20/06/2021 09:50:29.387   Launched primary emission photon packets: 41.7%
20/06/2021 09:50:34.395   Launched primary emission photon packets: 42.3%
20/06/2021 09:50:39.398   Launched primary emission photon packets: 42.9%
20/06/2021 09:50:44.414   Launched primary emission photon packets: 43.4%
20/06/2021 09:50:49.416   Launched primary emission photon packets: 44.0%
20/06/2021 09:50:54.417   Launched primary emission photon packets: 44.6%
20/06/2021 09:50:59.420   Launched primary emission photon packets: 45.1%
20/06/2021 09:51:04.427   Launched primary emission photon packets: 45.7%
20/06/2021 09:51:09.429   Launched primary emission photon packets: 46.3%
20/06/2021 09:51:14.441   Launched primary emission photon packets: 46.8%
20/06/2021 09:51:19.448   Launched primary emission photon packets: 47.4%
20/06/2021 09:51:24.456   Launched primary emission photon packets: 48.0%
20/06/2021 09:51:29.458   Launched primary emission photon packets: 48.5%
20/06/2021 09:51:34.467   Launched primary emission photon packets: 49.1%
20/06/2021 09:51:39.480   Launched primary emission photon packets: 49.7%
20/06/2021 09:51:44.512   Launched primary emission photon packets: 50.3%
20/06/2021 09:51:49.516   Launched primary emission photon packets: 50.8%
20/06/2021 09:51:54.517   Launched primary emission photon packets: 51.4%
20/06/2021 09:51:59.518   Launched primary emission photon packets: 52.0%
20/06/2021 09:52:04.539   Launched primary emission photon packets: 52.6%
20/06/2021 09:52:09.557   Launched primary emission photon packets: 53.1%
20/06/2021 09:52:14.560   Launched primary emission photon packets: 53.7%
20/06/2021 09:52:19.561   Launched primary emission photon packets: 54.3%
20/06/2021 09:52:24.566   Launched primary emission photon packets: 54.9%
20/06/2021 09:52:29.579   Launched primary emission photon packets: 55.4%
20/06/2021 09:52:34.590   Launched primary emission photon packets: 56.0%
20/06/2021 09:52:39.625   Launched primary emission photon packets: 56.6%
20/06/2021 09:52:44.626   Launched primary emission photon packets: 57.2%
20/06/2021 09:52:49.629   Launched primary emission photon packets: 57.8%
20/06/2021 09:52:54.632   Launched primary emission photon packets: 58.4%
20/06/2021 09:52:59.649   Launched primary emission photon packets: 58.9%
20/06/2021 09:53:04.653   Launched primary emission photon packets: 59.5%
20/06/2021 09:53:09.656   Launched primary emission photon packets: 60.1%
20/06/2021 09:53:14.656   Launched primary emission photon packets: 60.7%
20/06/2021 09:53:19.661   Launched primary emission photon packets: 61.3%
20/06/2021 09:53:24.664   Launched primary emission photon packets: 61.9%
20/06/2021 09:53:29.675   Launched primary emission photon packets: 62.5%
20/06/2021 09:53:34.705   Launched primary emission photon packets: 63.1%
20/06/2021 09:53:39.710   Launched primary emission photon packets: 63.7%
20/06/2021 09:53:44.719   Launched primary emission photon packets: 64.3%
20/06/2021 09:53:49.746   Launched primary emission photon packets: 64.9%
20/06/2021 09:53:54.752   Launched primary emission photon packets: 65.5%
20/06/2021 09:53:59.756   Launched primary emission photon packets: 66.1%
20/06/2021 09:54:04.780   Launched primary emission photon packets: 66.7%
20/06/2021 09:54:09.782   Launched primary emission photon packets: 67.3%
20/06/2021 09:54:14.783   Launched primary emission photon packets: 67.9%
20/06/2021 09:54:19.795   Launched primary emission photon packets: 68.5%
20/06/2021 09:54:24.796   Launched primary emission photon packets: 69.1%
20/06/2021 09:54:29.835   Launched primary emission photon packets: 69.7%
20/06/2021 09:54:34.837   Launched primary emission photon packets: 70.3%
20/06/2021 09:54:39.841   Launched primary emission photon packets: 70.9%
20/06/2021 09:54:44.842   Launched primary emission photon packets: 71.5%
20/06/2021 09:54:49.856   Launched primary emission photon packets: 72.2%
20/06/2021 09:54:54.861   Launched primary emission photon packets: 72.8%
20/06/2021 09:54:59.865   Launched primary emission photon packets: 73.4%
20/06/2021 09:55:04.868   Launched primary emission photon packets: 74.0%
20/06/2021 09:55:09.873   Launched primary emission photon packets: 74.7%
20/06/2021 09:55:14.884   Launched primary emission photon packets: 75.3%
20/06/2021 09:55:19.898   Launched primary emission photon packets: 75.9%
20/06/2021 09:55:24.912   Launched primary emission photon packets: 76.5%
20/06/2021 09:55:29.912   Launched primary emission photon packets: 77.2%
20/06/2021 09:55:34.931   Launched primary emission photon packets: 77.8%
20/06/2021 09:55:39.937   Launched primary emission photon packets: 78.5%
20/06/2021 09:55:44.943   Launched primary emission photon packets: 79.1%
20/06/2021 09:55:49.946   Launched primary emission photon packets: 79.7%
20/06/2021 09:55:54.948   Launched primary emission photon packets: 80.4%
20/06/2021 09:55:59.950   Launched primary emission photon packets: 81.0%
20/06/2021 09:56:04.952   Launched primary emission photon packets: 81.7%
20/06/2021 09:56:09.952   Launched primary emission photon packets: 82.3%
20/06/2021 09:56:14.959   Launched primary emission photon packets: 83.0%
20/06/2021 09:56:19.977   Launched primary emission photon packets: 83.7%
20/06/2021 09:56:24.985   Launched primary emission photon packets: 84.4%
20/06/2021 09:56:29.994   Launched primary emission photon packets: 85.0%
20/06/2021 09:56:35.015   Launched primary emission photon packets: 85.7%
20/06/2021 09:56:40.016   Launched primary emission photon packets: 86.4%
20/06/2021 09:56:45.017   Launched primary emission photon packets: 87.1%
20/06/2021 09:56:50.030   Launched primary emission photon packets: 87.8%
20/06/2021 09:56:55.037   Launched primary emission photon packets: 88.5%
20/06/2021 09:57:00.046   Launched primary emission photon packets: 89.2%
20/06/2021 09:57:05.048   Launched primary emission photon packets: 90.0%
20/06/2021 09:57:10.049   Launched primary emission photon packets: 90.7%
20/06/2021 09:57:15.057   Launched primary emission photon packets: 91.4%
20/06/2021 09:57:20.059   Launched primary emission photon packets: 92.2%
20/06/2021 09:57:25.065   Launched primary emission photon packets: 93.0%
20/06/2021 09:57:30.066   Launched primary emission photon packets: 93.7%
20/06/2021 09:57:35.074   Launched primary emission photon packets: 94.4%
20/06/2021 09:57:40.079   Launched primary emission photon packets: 95.1%
20/06/2021 09:57:45.086   Launched primary emission photon packets: 95.8%
20/06/2021 09:57:50.101   Launched primary emission photon packets: 96.4%
20/06/2021 09:57:55.102   Launched primary emission photon packets: 97.0%
20/06/2021 09:58:00.106   Launched primary emission photon packets: 97.5%
20/06/2021 09:58:05.147   Launched primary emission photon packets: 98.0%
20/06/2021 09:58:10.155   Launched primary emission photon packets: 98.5%
20/06/2021 09:58:15.163   Launched primary emission photon packets: 98.9%
20/06/2021 09:58:20.172   Launched primary emission photon packets: 99.3%
20/06/2021 09:58:25.226   Launched primary emission photon packets: 99.6%
20/06/2021 09:58:30.247   Launched primary emission photon packets: 99.9%
20/06/2021 09:58:35.347   Launched primary emission photon packets: 100.0%
20/06/2021 09:58:40.388   Launched primary emission photon packets: 100.0%
[32m20/06/2021 09:58:40.521 - Finished primary emission in 779 s (12m 59s).
[0m20/06/2021 09:58:40.522   Starting secondary emission...
20/06/2021 09:58:41.585   Emitting from 2732488 out of 2733487 spatial cells
20/06/2021 09:58:41.596   Launching 1e8 secondary emission photon packets
20/06/2021 09:58:46.597   Launched secondary emission photon packets: 3.7%
20/06/2021 09:58:51.598   Launched secondary emission photon packets: 7.5%
20/06/2021 09:58:56.599   Launched secondary emission photon packets: 11.1%
20/06/2021 09:59:01.600   Launched secondary emission photon packets: 13.9%
20/06/2021 09:59:06.601   Launched secondary emission photon packets: 16.3%
20/06/2021 09:59:11.603   Launched secondary emission photon packets: 18.7%
20/06/2021 09:59:16.611   Launched secondary emission photon packets: 21.0%
20/06/2021 09:59:21.611   Launched secondary emission photon packets: 23.2%
20/06/2021 09:59:26.619   Launched secondary emission photon packets: 25.4%
20/06/2021 09:59:31.626   Launched secondary emission photon packets: 27.5%
20/06/2021 09:59:36.628   Launched secondary emission photon packets: 29.6%
20/06/2021 09:59:41.630   Launched secondary emission photon packets: 31.7%
20/06/2021 09:59:46.635   Launched secondary emission photon packets: 33.6%
20/06/2021 09:59:51.635   Launched secondary emission photon packets: 35.5%
20/06/2021 09:59:56.638   Launched secondary emission photon packets: 37.3%
20/06/2021 10:00:01.645   Launched secondary emission photon packets: 39.1%
20/06/2021 10:00:06.657   Launched secondary emission photon packets: 40.8%
20/06/2021 10:00:11.658   Launched secondary emission photon packets: 42.6%
20/06/2021 10:00:16.659   Launched secondary emission photon packets: 44.4%
20/06/2021 10:00:21.661   Launched secondary emission photon packets: 46.2%
20/06/2021 10:00:26.661   Launched secondary emission photon packets: 48.0%
20/06/2021 10:00:31.661   Launched secondary emission photon packets: 49.8%
20/06/2021 10:00:36.662   Launched secondary emission photon packets: 51.7%
20/06/2021 10:00:41.666   Launched secondary emission photon packets: 53.6%
20/06/2021 10:00:46.667   Launched secondary emission photon packets: 55.5%
20/06/2021 10:00:51.668   Launched secondary emission photon packets: 57.4%
20/06/2021 10:00:56.676   Launched secondary emission photon packets: 59.3%
20/06/2021 10:01:01.676   Launched secondary emission photon packets: 61.1%
20/06/2021 10:01:06.688   Launched secondary emission photon packets: 63.0%
20/06/2021 10:01:11.693   Launched secondary emission photon packets: 64.8%
20/06/2021 10:01:16.694   Launched secondary emission photon packets: 66.6%
20/06/2021 10:01:21.701   Launched secondary emission photon packets: 68.4%
20/06/2021 10:01:26.701   Launched secondary emission photon packets: 70.1%
20/06/2021 10:01:31.703   Launched secondary emission photon packets: 71.8%
20/06/2021 10:01:36.704   Launched secondary emission photon packets: 73.5%
20/06/2021 10:01:41.705   Launched secondary emission photon packets: 75.2%
20/06/2021 10:01:46.706   Launched secondary emission photon packets: 76.9%
20/06/2021 10:01:51.708   Launched secondary emission photon packets: 78.6%
20/06/2021 10:01:56.709   Launched secondary emission photon packets: 80.3%
20/06/2021 10:02:01.709   Launched secondary emission photon packets: 82.0%
20/06/2021 10:02:06.711   Launched secondary emission photon packets: 83.7%
20/06/2021 10:02:11.713   Launched secondary emission photon packets: 85.4%
20/06/2021 10:02:16.720   Launched secondary emission photon packets: 87.2%
20/06/2021 10:02:21.723   Launched secondary emission photon packets: 89.0%
20/06/2021 10:02:26.724   Launched secondary emission photon packets: 90.8%
20/06/2021 10:02:31.726   Launched secondary emission photon packets: 92.6%
20/06/2021 10:02:36.727   Launched secondary emission photon packets: 94.4%
20/06/2021 10:02:41.734   Launched secondary emission photon packets: 95.9%
20/06/2021 10:02:46.736   Launched secondary emission photon packets: 97.2%
20/06/2021 10:02:51.736   Launched secondary emission photon packets: 98.2%
20/06/2021 10:02:56.742   Launched secondary emission photon packets: 99.1%
20/06/2021 10:03:01.744   Launched secondary emission photon packets: 99.7%
20/06/2021 10:03:06.748   Launched secondary emission photon packets: 100.0%
[32m20/06/2021 10:03:08.333 - Finished secondary emission in 268 s (4m 28s).
[0m[32m20/06/2021 10:03:08.333 - Finished the run in 1047 s (17m 27s).
[0m20/06/2021 10:03:08.333   Starting final output...
20/06/2021 10:03:10.723   FullInstrument i00 wrote SED to /scratch/ntf229/RT_fit/resources/SKIRT/g5.36e11/maxLevel11/wavelengths250/numPhotons1e8/niter2048/inc0/dust/sph_i00_sed.dat
20/06/2021 10:03:14.153   FullInstrument i00 wrote total flux to FITS file /scratch/ntf229/RT_fit/resources/SKIRT/g5.36e11/maxLevel11/wavelengths250/numPhotons1e8/niter2048/inc0/dust/sph_i00_total.fits
[32m20/06/2021 10:03:14.153 - Finished final output in 5.8 s.
[0m[32m20/06/2021 10:03:14.153 - Finished simulation sph using 40 threads and a single process in 1342 s (22m 22s).
[0m20/06/2021 10:03:17.802   Available memory: 188 GB -- Peak memory usage: 14.7 GB (7.8%)
20/06/2021 10:03:18.531   Starting visual/plot_seds...
20/06/2021 10:03:19.166   Created /scratch/ntf229/RT_fit/resources/SKIRT/g5.36e11/maxLevel11/wavelengths250/numPhotons1e8/niter2048/inc0/dust/sph_i00_sed.pdf
20/06/2021 10:03:19.166   Finished visual/plot_seds.
Saved spectrum as numpy arrays
20/06/2021 10:03:19.646   Starting visual/make_images...
20/06/2021 10:03:21.596   Created /scratch/ntf229/RT_fit/resources/SKIRT/g5.36e11/maxLevel11/wavelengths250/numPhotons1e8/niter2048/inc0/dust/sph_i00_total.png
20/06/2021 10:03:21.597   Finished visual/make_images.
The code has started
Using GWSLC1
Generating SKIRT SED
Including dust
maxLength: 187207.0
skipping fit
